-------------------------------------------------------------------------------
Test set: es.uma.informatica.sii.practica2.Practica2ApplicationTests$ListaConDatos$EliminarContactos
-------------------------------------------------------------------------------
Tests run: 3, Failures: 0, Errors: 0, Skipped: 0, Time elapsed: 2.12 s - in es.uma.informatica.sii.practica2.Practica2ApplicationTests$ListaConDatos$EliminarContactos
es.uma.informatica.sii.practica2.Practica2ApplicationTests$ListaConDatos.devuelveLista  Time elapsed: 0.49 s
es.uma.informatica.sii.practica2.Practica2ApplicationTests$ListaConDatos$EliminarContactos.eliminaCorrectamente  Time elapsed: 0.275 s
es.uma.informatica.sii.practica2.Practica2ApplicationTests$ListaConDatos$EliminarContactos.errorCuandoNoExiste  Time elapsed: 0.045 s
