-------------------------------------------------------------------------------
Test set: es.uma.informatica.sii.practica2.Practica2ApplicationTests$ListaConDatos$ModificarContactos
-------------------------------------------------------------------------------
Tests run: 2, Failures: 0, Errors: 0, Skipped: 0, Time elapsed: 1.135 s - in es.uma.informatica.sii.practica2.Practica2ApplicationTests$ListaConDatos$ModificarContactos
es.uma.informatica.sii.practica2.Practica2ApplicationTests$ListaConDatos$ModificarContactos.modificaCorrectamente  Time elapsed: 0.042 s
es.uma.informatica.sii.practica2.Practica2ApplicationTests$ListaConDatos$ModificarContactos.errorCuandoNoExiste  Time elapsed: 0.029 s
