<?xml version="1.0" encoding="UTF-8"?>
<testsuite xmlns:xsi="http://www.w3.org/2001/XMLSchema-instance" xsi:noNamespaceSchemaLocation="https://maven.apache.org/surefire/maven-surefire-plugin/xsd/surefire-test-report-3.0.xsd" version="3.0" name="es.uma.informatica.sii.practica2.Practica2ApplicationTests$ListaConDatos$ObtenerContactos" time="0.962" tests="2" errors="0" skipped="0" failures="0">
  <properties>
[...]
</properties>
  <testcase name="devuelveContacto" classname="es.uma.informatica.sii.practica2.Practica2ApplicationTests$ListaConDatos$ObtenerContactos" time="0.032">
    <system-out><![CDATA[2023-03-09T13:00:22.182+01:00  INFO 84299 --- [           main] t.c.s.AnnotationConfigContextLoaderUtils : Could not detect default configuration classes for test class [es.uma.informatica.sii.practica2.Practica2ApplicationTests$ListaConDatos$ObtenerContactos]: ObtenerContactos does not declare any static, non-private, non-final, nested classes annotated with @Configuration.
2023-03-09T13:00:22.185+01:00  INFO 84299 --- [           main] .b.t.c.SpringBootTestContextBootstrapper : Found @SpringBootConfiguration es.uma.informatica.sii.practica2.Practica2Application for test class es.uma.informatica.sii.practica2.Practica2ApplicationTests$ListaConDatos$ObtenerContactos

  .   ____          _            __ _ _
 /\\ / ___'_ __ _ _(_)_ __  __ _ \ \ \ \
( ( )\___ | '_ | '_| | '_ \/ _` | \ \ \ \
 \\/  ___)| |_)| | | | | || (_| |  ) ) ) )
  '  |____| .__|_| |_|_| |_\__, | / / / /
 =========|_|==============|___/=/_/_/_/
 :: Spring Boot ::                (v3.0.4)

2023-03-09T13:00:22.210+01:00  INFO 84299 --- [           main] e.u.i.s.p.Practica2ApplicationTests      : Starting Practica2ApplicationTests using Java 19.0.2 with PID 84299 (started by juanmagdev in /home/juanmagdev/Documentos/Universidad/SII/p2/practica2-estudiantes)
2023-03-09T13:00:22.211+01:00  INFO 84299 --- [           main] e.u.i.s.p.Practica2ApplicationTests      : No active profile set, falling back to 1 default profile: "default"
2023-03-09T13:00:22.322+01:00  INFO 84299 --- [           main] .s.d.r.c.RepositoryConfigurationDelegate : Bootstrapping Spring Data JPA repositories in DEFAULT mode.
2023-03-09T13:00:22.325+01:00  INFO 84299 --- [           main] .s.d.r.c.RepositoryConfigurationDelegate : Finished Spring Data repository scanning in 3 ms. Found 1 JPA repository interfaces.
2023-03-09T13:00:22.364+01:00  INFO 84299 --- [           main] o.s.b.w.embedded.tomcat.TomcatWebServer  : Tomcat initialized with port(s): 0 (http)
2023-03-09T13:00:22.365+01:00  INFO 84299 --- [           main] o.apache.catalina.core.StandardService   : Starting service [Tomcat]
2023-03-09T13:00:22.365+01:00  INFO 84299 --- [           main] o.apache.catalina.core.StandardEngine    : Starting Servlet engine: [Apache Tomcat/10.1.5]
2023-03-09T13:00:22.373+01:00  INFO 84299 --- [           main] o.a.c.c.C.[Tomcat].[localhost].[/]       : Initializing Spring embedded WebApplicationContext
2023-03-09T13:00:22.373+01:00  INFO 84299 --- [           main] w.s.c.ServletWebServerApplicationContext : Root WebApplicationContext: initialization completed in 161 ms
2023-03-09T13:00:22.382+01:00  INFO 84299 --- [           main] com.zaxxer.hikari.HikariDataSource       : HikariPool-9 - Starting...
2023-03-09T13:00:22.386+01:00  INFO 84299 --- [           main] com.zaxxer.hikari.pool.HikariPool        : HikariPool-9 - Added connection conn80: url=jdbc:h2:mem:dcbapp user=SA
2023-03-09T13:00:22.386+01:00  INFO 84299 --- [           main] com.zaxxer.hikari.HikariDataSource       : HikariPool-9 - Start completed.
2023-03-09T13:00:22.386+01:00  INFO 84299 --- [           main] o.s.b.a.h2.H2ConsoleAutoConfiguration    : H2 console available at '/h2-console'. Database available at 'jdbc:h2:mem:dcbapp'
2023-03-09T13:00:22.404+01:00  INFO 84299 --- [           main] o.hibernate.jpa.internal.util.LogHelper  : HHH000204: Processing PersistenceUnitInfo [name: default]
2023-03-09T13:00:22.407+01:00  INFO 84299 --- [           main] SQL dialect                              : HHH000400: Using dialect: org.hibernate.dialect.H2Dialect
2023-03-09T13:00:22.428+01:00  INFO 84299 --- [           main] o.h.e.t.j.p.i.JtaPlatformInitiator       : HHH000490: Using JtaPlatform implementation: [org.hibernate.engine.transaction.jta.platform.internal.NoJtaPlatform]
2023-03-09T13:00:22.428+01:00  INFO 84299 --- [           main] j.LocalContainerEntityManagerFactoryBean : Initialized JPA EntityManagerFactory for persistence unit 'default'
2023-03-09T13:00:22.465+01:00  WARN 84299 --- [           main] JpaBaseConfiguration$JpaWebConfiguration : spring.jpa.open-in-view is enabled by default. Therefore, database queries may be performed during view rendering. Explicitly configure spring.jpa.open-in-view to disable this warning
2023-03-09T13:00:22.650+01:00  INFO 84299 --- [           main] o.s.b.w.embedded.tomcat.TomcatWebServer  : Tomcat started on port(s): 35475 (http) with context path ''
2023-03-09T13:00:22.653+01:00  INFO 84299 --- [           main] e.u.i.s.p.Practica2ApplicationTests      : Started Practica2ApplicationTests in 0.463 seconds (process running for 11.434)
2023-03-09T13:00:22.667+01:00  INFO 84299 --- [o-auto-9-exec-1] o.a.c.c.C.[Tomcat].[localhost].[/]       : Initializing Spring DispatcherServlet 'dispatcherServlet'
2023-03-09T13:00:22.667+01:00  INFO 84299 --- [o-auto-9-exec-1] o.s.web.servlet.DispatcherServlet        : Initializing Servlet 'dispatcherServlet'
2023-03-09T13:00:22.668+01:00  INFO 84299 --- [o-auto-9-exec-1] o.s.web.servlet.DispatcherServlet        : Completed initialization in 1 ms
2023-03-09T13:00:22.679+01:00  INFO 84299 --- [           main] o.apache.catalina.core.StandardService   : Stopping service [Tomcat]
2023-03-09T13:00:22.680+01:00  INFO 84299 --- [           main] o.a.c.c.C.[Tomcat].[localhost].[/]       : Destroying Spring FrameworkServlet 'dispatcherServlet'
2023-03-09T13:00:22.683+01:00  INFO 84299 --- [           main] j.LocalContainerEntityManagerFactoryBean : Closing JPA EntityManagerFactory for persistence unit 'default'
2023-03-09T13:00:22.683+01:00  INFO 84299 --- [           main] .SchemaDropperImpl$DelayedDropActionImpl : HHH000477: Starting delayed evictData of schema as part of SessionFactory shut-down'
2023-03-09T13:00:22.685+01:00  INFO 84299 --- [           main] com.zaxxer.hikari.HikariDataSource       : HikariPool-9 - Shutdown initiated...
2023-03-09T13:00:22.686+01:00  INFO 84299 --- [           main] com.zaxxer.hikari.HikariDataSource       : HikariPool-9 - Shutdown completed.
]]></system-out>
  </testcase>
  <testcase name="errorCuandoContactoNoExiste" classname="es.uma.informatica.sii.practica2.Practica2ApplicationTests$ListaConDatos$ObtenerContactos" time="0.027">
    <system-out><![CDATA[
  .   ____          _            __ _ _
 /\\ / ___'_ __ _ _(_)_ __  __ _ \ \ \ \
( ( )\___ | '_ | '_| | '_ \/ _` | \ \ \ \
 \\/  ___)| |_)| | | | | || (_| |  ) ) ) )
  '  |____| .__|_| |_|_| |_\__, | / / / /
 =========|_|==============|___/=/_/_/_/
 :: Spring Boot ::                (v3.0.4)

2023-03-09T13:00:22.709+01:00  INFO 84299 --- [           main] e.u.i.s.p.Practica2ApplicationTests      : Starting Practica2ApplicationTests using Java 19.0.2 with PID 84299 (started by juanmagdev in /home/juanmagdev/Documentos/Universidad/SII/p2/practica2-estudiantes)
2023-03-09T13:00:22.709+01:00  INFO 84299 --- [           main] e.u.i.s.p.Practica2ApplicationTests      : No active profile set, falling back to 1 default profile: "default"
2023-03-09T13:00:22.802+01:00  INFO 84299 --- [           main] .s.d.r.c.RepositoryConfigurationDelegate : Bootstrapping Spring Data JPA repositories in DEFAULT mode.
2023-03-09T13:00:22.806+01:00  INFO 84299 --- [           main] .s.d.r.c.RepositoryConfigurationDelegate : Finished Spring Data repository scanning in 3 ms. Found 1 JPA repository interfaces.
2023-03-09T13:00:22.843+01:00  INFO 84299 --- [           main] o.s.b.w.embedded.tomcat.TomcatWebServer  : Tomcat initialized with port(s): 0 (http)
2023-03-09T13:00:22.844+01:00  INFO 84299 --- [           main] o.apache.catalina.core.StandardService   : Starting service [Tomcat]
2023-03-09T13:00:22.844+01:00  INFO 84299 --- [           main] o.apache.catalina.core.StandardEngine    : Starting Servlet engine: [Apache Tomcat/10.1.5]
2023-03-09T13:00:22.850+01:00  INFO 84299 --- [           main] o.a.c.c.C.[Tomcat].[localhost].[/]       : Initializing Spring embedded WebApplicationContext
2023-03-09T13:00:22.850+01:00  INFO 84299 --- [           main] w.s.c.ServletWebServerApplicationContext : Root WebApplicationContext: initialization completed in 140 ms
2023-03-09T13:00:22.859+01:00  INFO 84299 --- [           main] com.zaxxer.hikari.HikariDataSource       : HikariPool-10 - Starting...
2023-03-09T13:00:22.860+01:00  INFO 84299 --- [           main] com.zaxxer.hikari.pool.HikariPool        : HikariPool-10 - Added connection conn90: url=jdbc:h2:mem:dcbapp user=SA
2023-03-09T13:00:22.861+01:00  INFO 84299 --- [           main] com.zaxxer.hikari.HikariDataSource       : HikariPool-10 - Start completed.
2023-03-09T13:00:22.861+01:00  INFO 84299 --- [           main] o.s.b.a.h2.H2ConsoleAutoConfiguration    : H2 console available at '/h2-console'. Database available at 'jdbc:h2:mem:dcbapp'
2023-03-09T13:00:22.879+01:00  INFO 84299 --- [           main] o.hibernate.jpa.internal.util.LogHelper  : HHH000204: Processing PersistenceUnitInfo [name: default]
2023-03-09T13:00:22.882+01:00  INFO 84299 --- [           main] SQL dialect                              : HHH000400: Using dialect: org.hibernate.dialect.H2Dialect
2023-03-09T13:00:22.907+01:00  INFO 84299 --- [           main] o.h.e.t.j.p.i.JtaPlatformInitiator       : HHH000490: Using JtaPlatform implementation: [org.hibernate.engine.transaction.jta.platform.internal.NoJtaPlatform]
2023-03-09T13:00:22.907+01:00  INFO 84299 --- [           main] j.LocalContainerEntityManagerFactoryBean : Initialized JPA EntityManagerFactory for persistence unit 'default'
2023-03-09T13:00:22.943+01:00  WARN 84299 --- [           main] JpaBaseConfiguration$JpaWebConfiguration : spring.jpa.open-in-view is enabled by default. Therefore, database queries may be performed during view rendering. Explicitly configure spring.jpa.open-in-view to disable this warning
2023-03-09T13:00:23.110+01:00  INFO 84299 --- [           main] o.s.b.w.embedded.tomcat.TomcatWebServer  : Tomcat started on port(s): 38773 (http) with context path ''
2023-03-09T13:00:23.112+01:00  INFO 84299 --- [           main] e.u.i.s.p.Practica2ApplicationTests      : Started Practica2ApplicationTests in 0.423 seconds (process running for 11.893)
2023-03-09T13:00:23.125+01:00  INFO 84299 --- [-auto-10-exec-1] o.a.c.c.C.[Tomcat].[localhost].[/]       : Initializing Spring DispatcherServlet 'dispatcherServlet'
2023-03-09T13:00:23.125+01:00  INFO 84299 --- [-auto-10-exec-1] o.s.web.servlet.DispatcherServlet        : Initializing Servlet 'dispatcherServlet'
2023-03-09T13:00:23.126+01:00  INFO 84299 --- [-auto-10-exec-1] o.s.web.servlet.DispatcherServlet        : Completed initialization in 1 ms
2023-03-09T13:00:23.136+01:00  INFO 84299 --- [           main] o.apache.catalina.core.StandardService   : Stopping service [Tomcat]
2023-03-09T13:00:23.137+01:00  INFO 84299 --- [           main] o.a.c.c.C.[Tomcat].[localhost].[/]       : Destroying Spring FrameworkServlet 'dispatcherServlet'
2023-03-09T13:00:23.139+01:00  INFO 84299 --- [           main] j.LocalContainerEntityManagerFactoryBean : Closing JPA EntityManagerFactory for persistence unit 'default'
2023-03-09T13:00:23.139+01:00  INFO 84299 --- [           main] .SchemaDropperImpl$DelayedDropActionImpl : HHH000477: Starting delayed evictData of schema as part of SessionFactory shut-down'
2023-03-09T13:00:23.140+01:00  INFO 84299 --- [           main] com.zaxxer.hikari.HikariDataSource       : HikariPool-10 - Shutdown initiated...
2023-03-09T13:00:23.141+01:00  INFO 84299 --- [           main] com.zaxxer.hikari.HikariDataSource       : HikariPool-10 - Shutdown completed.
]]></system-out>
  </testcase>
</testsuite>