-------------------------------------------------------------------------------
Test set: es.uma.informatica.practica3.Practica3ApplicationTests$BaseDatosVacia
-------------------------------------------------------------------------------
Tests run: 17, Failures: 0, Errors: 0, Skipped: 0, Time elapsed: 10.048 s - in es.uma.informatica.practica3.Practica3ApplicationTests$BaseDatosVacia
es.uma.informatica.practica3.Practica3ApplicationTests$BaseDatosVacia.insertaIngrediente  Time elapsed: 0.621 s
es.uma.informatica.practica3.Practica3ApplicationTests$BaseDatosVacia.obtenerTodosIngrediente  Time elapsed: 0.095 s
es.uma.informatica.practica3.Practica3ApplicationTests$BaseDatosVacia.eliminarProducto  Time elapsed: 0.281 s
es.uma.informatica.practica3.Practica3ApplicationTests$BaseDatosVacia.obtenerTodosProductos  Time elapsed: 0.065 s
es.uma.informatica.practica3.Practica3ApplicationTests$BaseDatosVacia.actualizarProducto  Time elapsed: 0.062 s
es.uma.informatica.practica3.Practica3ApplicationTests$BaseDatosVacia.devuelveListaVaciaProductos  Time elapsed: 0.034 s
es.uma.informatica.practica3.Practica3ApplicationTests$BaseDatosVacia.obtenerProducto  Time elapsed: 0.057 s
es.uma.informatica.practica3.Practica3ApplicationTests$BaseDatosVacia.eliminarIngrediente  Time elapsed: 0.039 s
es.uma.informatica.practica3.Practica3ApplicationTests$BaseDatosVacia.insertaRepetidoIngrediente  Time elapsed: 0.06 s
es.uma.informatica.practica3.Practica3ApplicationTests$BaseDatosVacia.obtenerProductoNoExistente  Time elapsed: 0.036 s
es.uma.informatica.practica3.Practica3ApplicationTests$BaseDatosVacia.insertarProducto  Time elapsed: 0.036 s
es.uma.informatica.practica3.Practica3ApplicationTests$BaseDatosVacia.insertarProductoRepetido  Time elapsed: 0.064 s
es.uma.informatica.practica3.Practica3ApplicationTests$BaseDatosVacia.eliminarProductoNoExistente  Time elapsed: 0.021 s
es.uma.informatica.practica3.Practica3ApplicationTests$BaseDatosVacia.obtenerIngrediente  Time elapsed: 0.038 s
es.uma.informatica.practica3.Practica3ApplicationTests$BaseDatosVacia.errorConIngredienteConcreto  Time elapsed: 0.027 s
es.uma.informatica.practica3.Practica3ApplicationTests$BaseDatosVacia.modificarIngrediente  Time elapsed: 0.035 s
es.uma.informatica.practica3.Practica3ApplicationTests$BaseDatosVacia.modificaIngredienteNoExistente  Time elapsed: 0.031 s
