<?xml version="1.0" encoding="UTF-8"?>
<testsuite xmlns:xsi="http://www.w3.org/2001/XMLSchema-instance" xsi:noNamespaceSchemaLocation="https://maven.apache.org/surefire/maven-surefire-plugin/xsd/surefire-test-report-3.0.xsd" version="3.0" name="es.uma.informatica.practica3.Practica3ApplicationTests$BaseDatosVacia" time="13.915" tests="10" errors="0" skipped="0" failures="0">
  <properties>
[...]
</properties>
  <testcase name="insertaIngrediente" classname="es.uma.informatica.practica3.Practica3ApplicationTests$BaseDatosVacia" time="0.789">
    <system-out><![CDATA[13:46:23.425 [main] DEBUG org.springframework.boot.test.context.SpringBootTestContextBootstrapper - Neither @ContextConfiguration nor @ContextHierarchy found for test class [Practica3ApplicationTests]: using SpringBootContextLoader
13:46:23.435 [main] DEBUG org.springframework.test.context.support.AbstractContextLoader - Could not detect default resource locations for test class [es.uma.informatica.practica3.Practica3ApplicationTests]: no resource found for suffixes {-context.xml, Context.groovy}.
13:46:23.436 [main] DEBUG org.springframework.test.context.support.AnnotationConfigContextLoaderUtils - Ignoring class [es.uma.informatica.practica3.Practica3ApplicationTests$BaseDatosVacia]; it must be static, non-private, non-final, and annotated with @Configuration to be considered a default configuration class.
13:46:23.437 [main] INFO org.springframework.test.context.support.AnnotationConfigContextLoaderUtils - Could not detect default configuration classes for test class [es.uma.informatica.practica3.Practica3ApplicationTests]: Practica3ApplicationTests does not declare any static, non-private, non-final, nested classes annotated with @Configuration.
13:46:23.485 [main] DEBUG org.springframework.boot.test.context.SpringBootTestContextBootstrapper - Using ContextCustomizers for test class [Practica3ApplicationTests]: [ExcludeFilterContextCustomizer, DuplicateJsonObjectContextCustomizer, MockitoContextCustomizer, TestRestTemplateContextCustomizer, DisableObservabilityContextCustomizer, PropertyMappingContextCustomizer, Customizer]
13:46:23.662 [main] DEBUG org.springframework.context.annotation.ClassPathScanningCandidateComponentProvider - Identified candidate component class: file [/home/juanmagdev/Documentos/Universidad/SII/p3/practica3-estudiantes/target/classes/es/uma/informatica/practica3/Practica3Application.class]
13:46:23.664 [main] INFO org.springframework.boot.test.context.SpringBootTestContextBootstrapper - Found @SpringBootConfiguration es.uma.informatica.practica3.Practica3Application for test class es.uma.informatica.practica3.Practica3ApplicationTests
13:46:23.931 [main] DEBUG org.springframework.boot.test.context.SpringBootTestContextBootstrapper - Using TestExecutionListeners for test class [Practica3ApplicationTests]: [ServletTestExecutionListener, DirtiesContextBeforeModesTestExecutionListener, ApplicationEventsTestExecutionListener, MockitoTestExecutionListener, DependencyInjectionTestExecutionListener, DirtiesContextTestExecutionListener, TransactionalTestExecutionListener, SqlScriptsTestExecutionListener, EventPublishingTestExecutionListener, ResetMocksTestExecutionListener, RestDocsTestExecutionListener, MockRestServiceServerResetTestExecutionListener, MockMvcPrintOnlyOnFailureTestExecutionListener, WebDriverTestExecutionListener, MockWebServiceServerTestExecutionListener]
13:46:23.933 [main] DEBUG org.springframework.test.context.support.AbstractDirtiesContextTestExecutionListener - Before test class: class [Practica3ApplicationTests], class annotated with @DirtiesContext [true] with mode [AFTER_EACH_TEST_METHOD]
13:46:23.951 [main] DEBUG org.springframework.boot.test.context.SpringBootTestContextBootstrapper - Neither @ContextConfiguration nor @ContextHierarchy found for test class [BaseDatosVacia]: using SpringBootContextLoader
13:46:23.952 [main] DEBUG org.springframework.test.context.support.AbstractContextLoader - Could not detect default resource locations for test class [es.uma.informatica.practica3.Practica3ApplicationTests$BaseDatosVacia]: no resource found for suffixes {-context.xml, Context.groovy}.
13:46:23.953 [main] INFO org.springframework.test.context.support.AnnotationConfigContextLoaderUtils - Could not detect default configuration classes for test class [es.uma.informatica.practica3.Practica3ApplicationTests$BaseDatosVacia]: BaseDatosVacia does not declare any static, non-private, non-final, nested classes annotated with @Configuration.
13:46:23.958 [main] DEBUG org.springframework.boot.test.context.SpringBootTestContextBootstrapper - Using ContextCustomizers for test class [BaseDatosVacia]: [ExcludeFilterContextCustomizer, DuplicateJsonObjectContextCustomizer, MockitoContextCustomizer, TestRestTemplateContextCustomizer, DisableObservabilityContextCustomizer, PropertyMappingContextCustomizer, Customizer]
13:46:23.959 [main] INFO org.springframework.boot.test.context.SpringBootTestContextBootstrapper - Found @SpringBootConfiguration es.uma.informatica.practica3.Practica3Application for test class es.uma.informatica.practica3.Practica3ApplicationTests$BaseDatosVacia
13:46:23.963 [main] DEBUG org.springframework.boot.test.context.SpringBootTestContextBootstrapper - Using TestExecutionListeners for test class [BaseDatosVacia]: [ServletTestExecutionListener, DirtiesContextBeforeModesTestExecutionListener, ApplicationEventsTestExecutionListener, MockitoTestExecutionListener, DependencyInjectionTestExecutionListener, DirtiesContextTestExecutionListener, TransactionalTestExecutionListener, SqlScriptsTestExecutionListener, EventPublishingTestExecutionListener, ResetMocksTestExecutionListener, RestDocsTestExecutionListener, MockRestServiceServerResetTestExecutionListener, MockMvcPrintOnlyOnFailureTestExecutionListener, WebDriverTestExecutionListener, MockWebServiceServerTestExecutionListener]
13:46:23.965 [main] DEBUG org.springframework.test.context.support.AbstractDirtiesContextTestExecutionListener - Before test class: class [BaseDatosVacia], class annotated with @DirtiesContext [true] with mode [AFTER_EACH_TEST_METHOD]
13:46:23.989 [main] DEBUG org.springframework.test.context.support.DependencyInjectionTestExecutionListener - Performing dependency injection for test class es.uma.informatica.practica3.Practica3ApplicationTests

  .   ____          _            __ _ _
 /\\ / ___'_ __ _ _(_)_ __  __ _ \ \ \ \
( ( )\___ | '_ | '_| | '_ \/ _` | \ \ \ \
 \\/  ___)| |_)| | | | | || (_| |  ) ) ) )
  '  |____| .__|_| |_|_| |_\__, | / / / /
 =========|_|==============|___/=/_/_/_/
 :: Spring Boot ::                (v3.0.4)

2023-03-16T13:46:24.572+01:00  INFO 89165 --- [           main] e.u.i.p.Practica3ApplicationTests        : Starting Practica3ApplicationTests using Java 19.0.2 with PID 89165 (started by juanmagdev in /home/juanmagdev/Documentos/Universidad/SII/p3/practica3-estudiantes)
2023-03-16T13:46:24.575+01:00  INFO 89165 --- [           main] e.u.i.p.Practica3ApplicationTests        : No active profile set, falling back to 1 default profile: "default"
2023-03-16T13:46:25.618+01:00  INFO 89165 --- [           main] .s.d.r.c.RepositoryConfigurationDelegate : Bootstrapping Spring Data JPA repositories in DEFAULT mode.
2023-03-16T13:46:25.691+01:00  INFO 89165 --- [           main] .s.d.r.c.RepositoryConfigurationDelegate : Finished Spring Data repository scanning in 58 ms. Found 2 JPA repository interfaces.
2023-03-16T13:46:26.519+01:00  INFO 89165 --- [           main] o.s.b.w.embedded.tomcat.TomcatWebServer  : Tomcat initialized with port(s): 0 (http)
2023-03-16T13:46:26.536+01:00  INFO 89165 --- [           main] o.apache.catalina.core.StandardService   : Starting service [Tomcat]
2023-03-16T13:46:26.536+01:00  INFO 89165 --- [           main] o.apache.catalina.core.StandardEngine    : Starting Servlet engine: [Apache Tomcat/10.1.5]
2023-03-16T13:46:26.665+01:00  INFO 89165 --- [           main] o.a.c.c.C.[Tomcat].[localhost].[/]       : Initializing Spring embedded WebApplicationContext
2023-03-16T13:46:26.667+01:00  INFO 89165 --- [           main] w.s.c.ServletWebServerApplicationContext : Root WebApplicationContext: initialization completed in 2050 ms
2023-03-16T13:46:26.728+01:00  INFO 89165 --- [           main] com.zaxxer.hikari.HikariDataSource       : HikariPool-1 - Starting...
2023-03-16T13:46:27.224+01:00  INFO 89165 --- [           main] com.zaxxer.hikari.pool.HikariPool        : HikariPool-1 - Added connection conn0: url=jdbc:h2:mem:test user=SA
2023-03-16T13:46:27.226+01:00  INFO 89165 --- [           main] com.zaxxer.hikari.HikariDataSource       : HikariPool-1 - Start completed.
2023-03-16T13:46:27.249+01:00  INFO 89165 --- [           main] o.s.b.a.h2.H2ConsoleAutoConfiguration    : H2 console available at '/h2-console'. Database available at 'jdbc:h2:mem:test'
2023-03-16T13:46:27.509+01:00  INFO 89165 --- [           main] o.hibernate.jpa.internal.util.LogHelper  : HHH000204: Processing PersistenceUnitInfo [name: default]
2023-03-16T13:46:27.605+01:00  INFO 89165 --- [           main] org.hibernate.Version                    : HHH000412: Hibernate ORM core version 6.1.7.Final
2023-03-16T13:46:28.183+01:00  INFO 89165 --- [           main] SQL dialect                              : HHH000400: Using dialect: org.hibernate.dialect.H2Dialect
2023-03-16T13:46:29.556+01:00  INFO 89165 --- [           main] o.h.e.t.j.p.i.JtaPlatformInitiator       : HHH000490: Using JtaPlatform implementation: [org.hibernate.engine.transaction.jta.platform.internal.NoJtaPlatform]
2023-03-16T13:46:29.566+01:00  INFO 89165 --- [           main] j.LocalContainerEntityManagerFactoryBean : Initialized JPA EntityManagerFactory for persistence unit 'default'
2023-03-16T13:46:30.103+01:00  WARN 89165 --- [           main] JpaBaseConfiguration$JpaWebConfiguration : spring.jpa.open-in-view is enabled by default. Therefore, database queries may be performed during view rendering. Explicitly configure spring.jpa.open-in-view to disable this warning
2023-03-16T13:46:30.729+01:00  INFO 89165 --- [           main] o.s.b.w.embedded.tomcat.TomcatWebServer  : Tomcat started on port(s): 41589 (http) with context path ''
2023-03-16T13:46:30.739+01:00  INFO 89165 --- [           main] e.u.i.p.Practica3ApplicationTests        : Started Practica3ApplicationTests in 6.693 seconds (process running for 8.909)
2023-03-16T13:46:31.115+01:00  INFO 89165 --- [o-auto-1-exec-1] o.a.c.c.C.[Tomcat].[localhost].[/]       : Initializing Spring DispatcherServlet 'dispatcherServlet'
2023-03-16T13:46:31.115+01:00  INFO 89165 --- [o-auto-1-exec-1] o.s.web.servlet.DispatcherServlet        : Initializing Servlet 'dispatcherServlet'
2023-03-16T13:46:31.117+01:00  INFO 89165 --- [o-auto-1-exec-1] o.s.web.servlet.DispatcherServlet        : Completed initialization in 1 ms
2023-03-16T13:46:31.513+01:00  INFO 89165 --- [           main] o.apache.catalina.core.StandardService   : Stopping service [Tomcat]
2023-03-16T13:46:31.514+01:00  INFO 89165 --- [           main] o.a.c.c.C.[Tomcat].[localhost].[/]       : Destroying Spring FrameworkServlet 'dispatcherServlet'
2023-03-16T13:46:31.521+01:00  INFO 89165 --- [           main] j.LocalContainerEntityManagerFactoryBean : Closing JPA EntityManagerFactory for persistence unit 'default'
2023-03-16T13:46:31.522+01:00  INFO 89165 --- [           main] .SchemaDropperImpl$DelayedDropActionImpl : HHH000477: Starting delayed evictData of schema as part of SessionFactory shut-down'
2023-03-16T13:46:31.532+01:00  INFO 89165 --- [           main] com.zaxxer.hikari.HikariDataSource       : HikariPool-1 - Shutdown initiated...
2023-03-16T13:46:31.535+01:00  INFO 89165 --- [           main] com.zaxxer.hikari.HikariDataSource       : HikariPool-1 - Shutdown completed.
]]></system-out>
  </testcase>
  <testcase name="obtenerTodosIngrediente" classname="es.uma.informatica.practica3.Practica3ApplicationTests$BaseDatosVacia" time="0.125">
    <system-out><![CDATA[
  .   ____          _            __ _ _
 /\\ / ___'_ __ _ _(_)_ __  __ _ \ \ \ \
( ( )\___ | '_ | '_| | '_ \/ _` | \ \ \ \
 \\/  ___)| |_)| | | | | || (_| |  ) ) ) )
  '  |____| .__|_| |_|_| |_\__, | / / / /
 =========|_|==============|___/=/_/_/_/
 :: Spring Boot ::                (v3.0.4)

2023-03-16T13:46:31.586+01:00  INFO 89165 --- [           main] e.u.i.p.Practica3ApplicationTests        : Starting Practica3ApplicationTests using Java 19.0.2 with PID 89165 (started by juanmagdev in /home/juanmagdev/Documentos/Universidad/SII/p3/practica3-estudiantes)
2023-03-16T13:46:31.586+01:00  INFO 89165 --- [           main] e.u.i.p.Practica3ApplicationTests        : No active profile set, falling back to 1 default profile: "default"
2023-03-16T13:46:31.753+01:00  INFO 89165 --- [           main] .s.d.r.c.RepositoryConfigurationDelegate : Bootstrapping Spring Data JPA repositories in DEFAULT mode.
2023-03-16T13:46:31.763+01:00  INFO 89165 --- [           main] .s.d.r.c.RepositoryConfigurationDelegate : Finished Spring Data repository scanning in 9 ms. Found 2 JPA repository interfaces.
2023-03-16T13:46:31.871+01:00  INFO 89165 --- [           main] o.s.b.w.embedded.tomcat.TomcatWebServer  : Tomcat initialized with port(s): 0 (http)
2023-03-16T13:46:31.872+01:00  INFO 89165 --- [           main] o.apache.catalina.core.StandardService   : Starting service [Tomcat]
2023-03-16T13:46:31.872+01:00  INFO 89165 --- [           main] o.apache.catalina.core.StandardEngine    : Starting Servlet engine: [Apache Tomcat/10.1.5]
2023-03-16T13:46:31.887+01:00  INFO 89165 --- [           main] o.a.c.c.C.[Tomcat].[localhost].[/]       : Initializing Spring embedded WebApplicationContext
2023-03-16T13:46:31.888+01:00  INFO 89165 --- [           main] w.s.c.ServletWebServerApplicationContext : Root WebApplicationContext: initialization completed in 300 ms
2023-03-16T13:46:31.910+01:00  INFO 89165 --- [           main] com.zaxxer.hikari.HikariDataSource       : HikariPool-2 - Starting...
2023-03-16T13:46:31.914+01:00  INFO 89165 --- [           main] com.zaxxer.hikari.pool.HikariPool        : HikariPool-2 - Added connection conn10: url=jdbc:h2:mem:test user=SA
2023-03-16T13:46:31.914+01:00  INFO 89165 --- [           main] com.zaxxer.hikari.HikariDataSource       : HikariPool-2 - Start completed.
2023-03-16T13:46:31.915+01:00  INFO 89165 --- [           main] o.s.b.a.h2.H2ConsoleAutoConfiguration    : H2 console available at '/h2-console'. Database available at 'jdbc:h2:mem:test'
2023-03-16T13:46:31.957+01:00  INFO 89165 --- [           main] o.hibernate.jpa.internal.util.LogHelper  : HHH000204: Processing PersistenceUnitInfo [name: default]
2023-03-16T13:46:31.965+01:00  INFO 89165 --- [           main] SQL dialect                              : HHH000400: Using dialect: org.hibernate.dialect.H2Dialect
2023-03-16T13:46:32.049+01:00  INFO 89165 --- [           main] o.h.e.t.j.p.i.JtaPlatformInitiator       : HHH000490: Using JtaPlatform implementation: [org.hibernate.engine.transaction.jta.platform.internal.NoJtaPlatform]
2023-03-16T13:46:32.050+01:00  INFO 89165 --- [           main] j.LocalContainerEntityManagerFactoryBean : Initialized JPA EntityManagerFactory for persistence unit 'default'
2023-03-16T13:46:32.145+01:00  WARN 89165 --- [           main] JpaBaseConfiguration$JpaWebConfiguration : spring.jpa.open-in-view is enabled by default. Therefore, database queries may be performed during view rendering. Explicitly configure spring.jpa.open-in-view to disable this warning
2023-03-16T13:46:32.287+01:00  INFO 89165 --- [           main] o.s.b.w.embedded.tomcat.TomcatWebServer  : Tomcat started on port(s): 37455 (http) with context path ''
2023-03-16T13:46:32.291+01:00  INFO 89165 --- [           main] e.u.i.p.Practica3ApplicationTests        : Started Practica3ApplicationTests in 0.743 seconds (process running for 10.462)
2023-03-16T13:46:32.310+01:00  INFO 89165 --- [o-auto-2-exec-1] o.a.c.c.C.[Tomcat].[localhost].[/]       : Initializing Spring DispatcherServlet 'dispatcherServlet'
2023-03-16T13:46:32.310+01:00  INFO 89165 --- [o-auto-2-exec-1] o.s.web.servlet.DispatcherServlet        : Initializing Servlet 'dispatcherServlet'
2023-03-16T13:46:32.311+01:00  INFO 89165 --- [o-auto-2-exec-1] o.s.web.servlet.DispatcherServlet        : Completed initialization in 1 ms
2023-03-16T13:46:32.408+01:00  INFO 89165 --- [           main] o.apache.catalina.core.StandardService   : Stopping service [Tomcat]
2023-03-16T13:46:32.409+01:00  INFO 89165 --- [           main] o.a.c.c.C.[Tomcat].[localhost].[/]       : Destroying Spring FrameworkServlet 'dispatcherServlet'
2023-03-16T13:46:32.413+01:00  INFO 89165 --- [           main] j.LocalContainerEntityManagerFactoryBean : Closing JPA EntityManagerFactory for persistence unit 'default'
2023-03-16T13:46:32.413+01:00  INFO 89165 --- [           main] .SchemaDropperImpl$DelayedDropActionImpl : HHH000477: Starting delayed evictData of schema as part of SessionFactory shut-down'
2023-03-16T13:46:32.419+01:00  INFO 89165 --- [           main] com.zaxxer.hikari.HikariDataSource       : HikariPool-2 - Shutdown initiated...
2023-03-16T13:46:32.420+01:00  INFO 89165 --- [           main] com.zaxxer.hikari.HikariDataSource       : HikariPool-2 - Shutdown completed.
]]></system-out>
  </testcase>
  <testcase name="actualizarProducto" classname="es.uma.informatica.practica3.Practica3ApplicationTests$BaseDatosVacia" time="0.549">
    <system-out><![CDATA[
  .   ____          _            __ _ _
 /\\ / ___'_ __ _ _(_)_ __  __ _ \ \ \ \
( ( )\___ | '_ | '_| | '_ \/ _` | \ \ \ \
 \\/  ___)| |_)| | | | | || (_| |  ) ) ) )
  '  |____| .__|_| |_|_| |_\__, | / / / /
 =========|_|==============|___/=/_/_/_/
 :: Spring Boot ::                (v3.0.4)

2023-03-16T13:46:32.454+01:00  INFO 89165 --- [           main] e.u.i.p.Practica3ApplicationTests        : Starting Practica3ApplicationTests using Java 19.0.2 with PID 89165 (started by juanmagdev in /home/juanmagdev/Documentos/Universidad/SII/p3/practica3-estudiantes)
2023-03-16T13:46:32.455+01:00  INFO 89165 --- [           main] e.u.i.p.Practica3ApplicationTests        : No active profile set, falling back to 1 default profile: "default"
2023-03-16T13:46:32.605+01:00  INFO 89165 --- [           main] .s.d.r.c.RepositoryConfigurationDelegate : Bootstrapping Spring Data JPA repositories in DEFAULT mode.
2023-03-16T13:46:32.615+01:00  INFO 89165 --- [           main] .s.d.r.c.RepositoryConfigurationDelegate : Finished Spring Data repository scanning in 9 ms. Found 2 JPA repository interfaces.
2023-03-16T13:46:32.703+01:00  INFO 89165 --- [           main] o.s.b.w.embedded.tomcat.TomcatWebServer  : Tomcat initialized with port(s): 0 (http)
2023-03-16T13:46:32.705+01:00  INFO 89165 --- [           main] o.apache.catalina.core.StandardService   : Starting service [Tomcat]
2023-03-16T13:46:32.705+01:00  INFO 89165 --- [           main] o.apache.catalina.core.StandardEngine    : Starting Servlet engine: [Apache Tomcat/10.1.5]
2023-03-16T13:46:32.718+01:00  INFO 89165 --- [           main] o.a.c.c.C.[Tomcat].[localhost].[/]       : Initializing Spring embedded WebApplicationContext
2023-03-16T13:46:32.718+01:00  INFO 89165 --- [           main] w.s.c.ServletWebServerApplicationContext : Root WebApplicationContext: initialization completed in 262 ms
2023-03-16T13:46:32.738+01:00  INFO 89165 --- [           main] com.zaxxer.hikari.HikariDataSource       : HikariPool-3 - Starting...
2023-03-16T13:46:32.744+01:00  INFO 89165 --- [           main] com.zaxxer.hikari.pool.HikariPool        : HikariPool-3 - Added connection conn20: url=jdbc:h2:mem:test user=SA
2023-03-16T13:46:32.744+01:00  INFO 89165 --- [           main] com.zaxxer.hikari.HikariDataSource       : HikariPool-3 - Start completed.
2023-03-16T13:46:32.744+01:00  INFO 89165 --- [           main] o.s.b.a.h2.H2ConsoleAutoConfiguration    : H2 console available at '/h2-console'. Database available at 'jdbc:h2:mem:test'
2023-03-16T13:46:32.779+01:00  INFO 89165 --- [           main] o.hibernate.jpa.internal.util.LogHelper  : HHH000204: Processing PersistenceUnitInfo [name: default]
2023-03-16T13:46:32.785+01:00  INFO 89165 --- [           main] SQL dialect                              : HHH000400: Using dialect: org.hibernate.dialect.H2Dialect
2023-03-16T13:46:32.862+01:00  INFO 89165 --- [           main] o.h.e.t.j.p.i.JtaPlatformInitiator       : HHH000490: Using JtaPlatform implementation: [org.hibernate.engine.transaction.jta.platform.internal.NoJtaPlatform]
2023-03-16T13:46:32.863+01:00  INFO 89165 --- [           main] j.LocalContainerEntityManagerFactoryBean : Initialized JPA EntityManagerFactory for persistence unit 'default'
2023-03-16T13:46:32.987+01:00  WARN 89165 --- [           main] JpaBaseConfiguration$JpaWebConfiguration : spring.jpa.open-in-view is enabled by default. Therefore, database queries may be performed during view rendering. Explicitly configure spring.jpa.open-in-view to disable this warning
2023-03-16T13:46:33.130+01:00  INFO 89165 --- [           main] o.s.b.w.embedded.tomcat.TomcatWebServer  : Tomcat started on port(s): 41901 (http) with context path ''
2023-03-16T13:46:33.134+01:00  INFO 89165 --- [           main] e.u.i.p.Practica3ApplicationTests        : Started Practica3ApplicationTests in 0.71 seconds (process running for 11.304)
2023-03-16T13:46:33.152+01:00  INFO 89165 --- [o-auto-3-exec-1] o.a.c.c.C.[Tomcat].[localhost].[/]       : Initializing Spring DispatcherServlet 'dispatcherServlet'
2023-03-16T13:46:33.152+01:00  INFO 89165 --- [o-auto-3-exec-1] o.s.web.servlet.DispatcherServlet        : Initializing Servlet 'dispatcherServlet'
2023-03-16T13:46:33.154+01:00  INFO 89165 --- [o-auto-3-exec-1] o.s.web.servlet.DispatcherServlet        : Completed initialization in 2 ms
2023-03-16T13:46:33.676+01:00  INFO 89165 --- [           main] o.apache.catalina.core.StandardService   : Stopping service [Tomcat]
2023-03-16T13:46:33.677+01:00  INFO 89165 --- [           main] o.a.c.c.C.[Tomcat].[localhost].[/]       : Destroying Spring FrameworkServlet 'dispatcherServlet'
2023-03-16T13:46:33.681+01:00  INFO 89165 --- [           main] j.LocalContainerEntityManagerFactoryBean : Closing JPA EntityManagerFactory for persistence unit 'default'
2023-03-16T13:46:33.682+01:00  INFO 89165 --- [           main] .SchemaDropperImpl$DelayedDropActionImpl : HHH000477: Starting delayed evictData of schema as part of SessionFactory shut-down'
2023-03-16T13:46:33.687+01:00  INFO 89165 --- [           main] com.zaxxer.hikari.HikariDataSource       : HikariPool-3 - Shutdown initiated...
2023-03-16T13:46:33.689+01:00  INFO 89165 --- [           main] com.zaxxer.hikari.HikariDataSource       : HikariPool-3 - Shutdown completed.
]]></system-out>
  </testcase>
  <testcase name="devuelveListaVaciaProductos" classname="es.uma.informatica.practica3.Practica3ApplicationTests$BaseDatosVacia" time="0.051">
    <system-out><![CDATA[
  .   ____          _            __ _ _
 /\\ / ___'_ __ _ _(_)_ __  __ _ \ \ \ \
( ( )\___ | '_ | '_| | '_ \/ _` | \ \ \ \
 \\/  ___)| |_)| | | | | || (_| |  ) ) ) )
  '  |____| .__|_| |_|_| |_\__, | / / / /
 =========|_|==============|___/=/_/_/_/
 :: Spring Boot ::                (v3.0.4)

2023-03-16T13:46:33.719+01:00  INFO 89165 --- [           main] e.u.i.p.Practica3ApplicationTests        : Starting Practica3ApplicationTests using Java 19.0.2 with PID 89165 (started by juanmagdev in /home/juanmagdev/Documentos/Universidad/SII/p3/practica3-estudiantes)
2023-03-16T13:46:33.720+01:00  INFO 89165 --- [           main] e.u.i.p.Practica3ApplicationTests        : No active profile set, falling back to 1 default profile: "default"
2023-03-16T13:46:33.889+01:00  INFO 89165 --- [           main] .s.d.r.c.RepositoryConfigurationDelegate : Bootstrapping Spring Data JPA repositories in DEFAULT mode.
2023-03-16T13:46:33.901+01:00  INFO 89165 --- [           main] .s.d.r.c.RepositoryConfigurationDelegate : Finished Spring Data repository scanning in 11 ms. Found 2 JPA repository interfaces.
2023-03-16T13:46:34.000+01:00  INFO 89165 --- [           main] o.s.b.w.embedded.tomcat.TomcatWebServer  : Tomcat initialized with port(s): 0 (http)
2023-03-16T13:46:34.001+01:00  INFO 89165 --- [           main] o.apache.catalina.core.StandardService   : Starting service [Tomcat]
2023-03-16T13:46:34.001+01:00  INFO 89165 --- [           main] o.apache.catalina.core.StandardEngine    : Starting Servlet engine: [Apache Tomcat/10.1.5]
2023-03-16T13:46:34.018+01:00  INFO 89165 --- [           main] o.a.c.c.C.[Tomcat].[localhost].[/]       : Initializing Spring embedded WebApplicationContext
2023-03-16T13:46:34.018+01:00  INFO 89165 --- [           main] w.s.c.ServletWebServerApplicationContext : Root WebApplicationContext: initialization completed in 296 ms
2023-03-16T13:46:34.041+01:00  INFO 89165 --- [           main] com.zaxxer.hikari.HikariDataSource       : HikariPool-4 - Starting...
2023-03-16T13:46:34.047+01:00  INFO 89165 --- [           main] com.zaxxer.hikari.pool.HikariPool        : HikariPool-4 - Added connection conn30: url=jdbc:h2:mem:test user=SA
2023-03-16T13:46:34.048+01:00  INFO 89165 --- [           main] com.zaxxer.hikari.HikariDataSource       : HikariPool-4 - Start completed.
2023-03-16T13:46:34.048+01:00  INFO 89165 --- [           main] o.s.b.a.h2.H2ConsoleAutoConfiguration    : H2 console available at '/h2-console'. Database available at 'jdbc:h2:mem:test'
2023-03-16T13:46:34.086+01:00  INFO 89165 --- [           main] o.hibernate.jpa.internal.util.LogHelper  : HHH000204: Processing PersistenceUnitInfo [name: default]
2023-03-16T13:46:34.092+01:00  INFO 89165 --- [           main] SQL dialect                              : HHH000400: Using dialect: org.hibernate.dialect.H2Dialect
2023-03-16T13:46:34.178+01:00  INFO 89165 --- [           main] o.h.e.t.j.p.i.JtaPlatformInitiator       : HHH000490: Using JtaPlatform implementation: [org.hibernate.engine.transaction.jta.platform.internal.NoJtaPlatform]
2023-03-16T13:46:34.179+01:00  INFO 89165 --- [           main] j.LocalContainerEntityManagerFactoryBean : Initialized JPA EntityManagerFactory for persistence unit 'default'
2023-03-16T13:46:34.245+01:00  WARN 89165 --- [           main] JpaBaseConfiguration$JpaWebConfiguration : spring.jpa.open-in-view is enabled by default. Therefore, database queries may be performed during view rendering. Explicitly configure spring.jpa.open-in-view to disable this warning
2023-03-16T13:46:34.337+01:00  INFO 89165 --- [           main] o.s.b.w.embedded.tomcat.TomcatWebServer  : Tomcat started on port(s): 45999 (http) with context path ''
2023-03-16T13:46:34.341+01:00  INFO 89165 --- [           main] e.u.i.p.Practica3ApplicationTests        : Started Practica3ApplicationTests in 0.649 seconds (process running for 12.512)
2023-03-16T13:46:34.355+01:00  INFO 89165 --- [o-auto-4-exec-1] o.a.c.c.C.[Tomcat].[localhost].[/]       : Initializing Spring DispatcherServlet 'dispatcherServlet'
2023-03-16T13:46:34.355+01:00  INFO 89165 --- [o-auto-4-exec-1] o.s.web.servlet.DispatcherServlet        : Initializing Servlet 'dispatcherServlet'
2023-03-16T13:46:34.356+01:00  INFO 89165 --- [o-auto-4-exec-1] o.s.web.servlet.DispatcherServlet        : Completed initialization in 1 ms
2023-03-16T13:46:34.384+01:00  INFO 89165 --- [           main] o.apache.catalina.core.StandardService   : Stopping service [Tomcat]
2023-03-16T13:46:34.385+01:00  INFO 89165 --- [           main] o.a.c.c.C.[Tomcat].[localhost].[/]       : Destroying Spring FrameworkServlet 'dispatcherServlet'
2023-03-16T13:46:34.390+01:00  INFO 89165 --- [           main] j.LocalContainerEntityManagerFactoryBean : Closing JPA EntityManagerFactory for persistence unit 'default'
2023-03-16T13:46:34.390+01:00  INFO 89165 --- [           main] .SchemaDropperImpl$DelayedDropActionImpl : HHH000477: Starting delayed evictData of schema as part of SessionFactory shut-down'
2023-03-16T13:46:34.396+01:00  INFO 89165 --- [           main] com.zaxxer.hikari.HikariDataSource       : HikariPool-4 - Shutdown initiated...
2023-03-16T13:46:34.397+01:00  INFO 89165 --- [           main] com.zaxxer.hikari.HikariDataSource       : HikariPool-4 - Shutdown completed.
]]></system-out>
  </testcase>
  <testcase name="eliminarIngrediente" classname="es.uma.informatica.practica3.Practica3ApplicationTests$BaseDatosVacia" time="0.085">
    <system-out><![CDATA[
  .   ____          _            __ _ _
 /\\ / ___'_ __ _ _(_)_ __  __ _ \ \ \ \
( ( )\___ | '_ | '_| | '_ \/ _` | \ \ \ \
 \\/  ___)| |_)| | | | | || (_| |  ) ) ) )
  '  |____| .__|_| |_|_| |_\__, | / / / /
 =========|_|==============|___/=/_/_/_/
 :: Spring Boot ::                (v3.0.4)

2023-03-16T13:46:34.439+01:00  INFO 89165 --- [           main] e.u.i.p.Practica3ApplicationTests        : Starting Practica3ApplicationTests using Java 19.0.2 with PID 89165 (started by juanmagdev in /home/juanmagdev/Documentos/Universidad/SII/p3/practica3-estudiantes)
2023-03-16T13:46:34.440+01:00  INFO 89165 --- [           main] e.u.i.p.Practica3ApplicationTests        : No active profile set, falling back to 1 default profile: "default"
2023-03-16T13:46:34.555+01:00  INFO 89165 --- [           main] .s.d.r.c.RepositoryConfigurationDelegate : Bootstrapping Spring Data JPA repositories in DEFAULT mode.
2023-03-16T13:46:34.563+01:00  INFO 89165 --- [           main] .s.d.r.c.RepositoryConfigurationDelegate : Finished Spring Data repository scanning in 7 ms. Found 2 JPA repository interfaces.
2023-03-16T13:46:34.633+01:00  INFO 89165 --- [           main] o.s.b.w.embedded.tomcat.TomcatWebServer  : Tomcat initialized with port(s): 0 (http)
2023-03-16T13:46:34.634+01:00  INFO 89165 --- [           main] o.apache.catalina.core.StandardService   : Starting service [Tomcat]
2023-03-16T13:46:34.635+01:00  INFO 89165 --- [           main] o.apache.catalina.core.StandardEngine    : Starting Servlet engine: [Apache Tomcat/10.1.5]
2023-03-16T13:46:34.649+01:00  INFO 89165 --- [           main] o.a.c.c.C.[Tomcat].[localhost].[/]       : Initializing Spring embedded WebApplicationContext
2023-03-16T13:46:34.650+01:00  INFO 89165 --- [           main] w.s.c.ServletWebServerApplicationContext : Root WebApplicationContext: initialization completed in 208 ms
2023-03-16T13:46:34.676+01:00  INFO 89165 --- [           main] com.zaxxer.hikari.HikariDataSource       : HikariPool-5 - Starting...
2023-03-16T13:46:34.680+01:00  INFO 89165 --- [           main] com.zaxxer.hikari.pool.HikariPool        : HikariPool-5 - Added connection conn40: url=jdbc:h2:mem:test user=SA
2023-03-16T13:46:34.680+01:00  INFO 89165 --- [           main] com.zaxxer.hikari.HikariDataSource       : HikariPool-5 - Start completed.
2023-03-16T13:46:34.680+01:00  INFO 89165 --- [           main] o.s.b.a.h2.H2ConsoleAutoConfiguration    : H2 console available at '/h2-console'. Database available at 'jdbc:h2:mem:test'
2023-03-16T13:46:34.711+01:00  INFO 89165 --- [           main] o.hibernate.jpa.internal.util.LogHelper  : HHH000204: Processing PersistenceUnitInfo [name: default]
2023-03-16T13:46:34.715+01:00  INFO 89165 --- [           main] SQL dialect                              : HHH000400: Using dialect: org.hibernate.dialect.H2Dialect
2023-03-16T13:46:34.781+01:00  INFO 89165 --- [           main] o.h.e.t.j.p.i.JtaPlatformInitiator       : HHH000490: Using JtaPlatform implementation: [org.hibernate.engine.transaction.jta.platform.internal.NoJtaPlatform]
2023-03-16T13:46:34.782+01:00  INFO 89165 --- [           main] j.LocalContainerEntityManagerFactoryBean : Initialized JPA EntityManagerFactory for persistence unit 'default'
2023-03-16T13:46:34.832+01:00  WARN 89165 --- [           main] JpaBaseConfiguration$JpaWebConfiguration : spring.jpa.open-in-view is enabled by default. Therefore, database queries may be performed during view rendering. Explicitly configure spring.jpa.open-in-view to disable this warning
2023-03-16T13:46:34.980+01:00  INFO 89165 --- [           main] o.s.b.w.embedded.tomcat.TomcatWebServer  : Tomcat started on port(s): 43407 (http) with context path ''
2023-03-16T13:46:34.989+01:00  INFO 89165 --- [           main] e.u.i.p.Practica3ApplicationTests        : Started Practica3ApplicationTests in 0.587 seconds (process running for 13.159)
2023-03-16T13:46:35.003+01:00  INFO 89165 --- [o-auto-5-exec-1] o.a.c.c.C.[Tomcat].[localhost].[/]       : Initializing Spring DispatcherServlet 'dispatcherServlet'
2023-03-16T13:46:35.003+01:00  INFO 89165 --- [o-auto-5-exec-1] o.s.web.servlet.DispatcherServlet        : Initializing Servlet 'dispatcherServlet'
2023-03-16T13:46:35.004+01:00  INFO 89165 --- [o-auto-5-exec-1] o.s.web.servlet.DispatcherServlet        : Completed initialization in 1 ms
2023-03-16T13:46:35.068+01:00  INFO 89165 --- [           main] o.apache.catalina.core.StandardService   : Stopping service [Tomcat]
2023-03-16T13:46:35.069+01:00  INFO 89165 --- [           main] o.a.c.c.C.[Tomcat].[localhost].[/]       : Destroying Spring FrameworkServlet 'dispatcherServlet'
2023-03-16T13:46:35.073+01:00  INFO 89165 --- [           main] j.LocalContainerEntityManagerFactoryBean : Closing JPA EntityManagerFactory for persistence unit 'default'
2023-03-16T13:46:35.073+01:00  INFO 89165 --- [           main] .SchemaDropperImpl$DelayedDropActionImpl : HHH000477: Starting delayed evictData of schema as part of SessionFactory shut-down'
2023-03-16T13:46:35.077+01:00  INFO 89165 --- [           main] com.zaxxer.hikari.HikariDataSource       : HikariPool-5 - Shutdown initiated...
2023-03-16T13:46:35.078+01:00  INFO 89165 --- [           main] com.zaxxer.hikari.HikariDataSource       : HikariPool-5 - Shutdown completed.
]]></system-out>
  </testcase>
  <testcase name="insertaRepetidoIngrediente" classname="es.uma.informatica.practica3.Practica3ApplicationTests$BaseDatosVacia" time="0.083">
    <system-out><![CDATA[
  .   ____          _            __ _ _
 /\\ / ___'_ __ _ _(_)_ __  __ _ \ \ \ \
( ( )\___ | '_ | '_| | '_ \/ _` | \ \ \ \
 \\/  ___)| |_)| | | | | || (_| |  ) ) ) )
  '  |____| .__|_| |_|_| |_\__, | / / / /
 =========|_|==============|___/=/_/_/_/
 :: Spring Boot ::                (v3.0.4)

2023-03-16T13:46:35.116+01:00  INFO 89165 --- [           main] e.u.i.p.Practica3ApplicationTests        : Starting Practica3ApplicationTests using Java 19.0.2 with PID 89165 (started by juanmagdev in /home/juanmagdev/Documentos/Universidad/SII/p3/practica3-estudiantes)
2023-03-16T13:46:35.116+01:00  INFO 89165 --- [           main] e.u.i.p.Practica3ApplicationTests        : No active profile set, falling back to 1 default profile: "default"
2023-03-16T13:46:35.237+01:00  INFO 89165 --- [           main] .s.d.r.c.RepositoryConfigurationDelegate : Bootstrapping Spring Data JPA repositories in DEFAULT mode.
2023-03-16T13:46:35.245+01:00  INFO 89165 --- [           main] .s.d.r.c.RepositoryConfigurationDelegate : Finished Spring Data repository scanning in 7 ms. Found 2 JPA repository interfaces.
2023-03-16T13:46:35.313+01:00  INFO 89165 --- [           main] o.s.b.w.embedded.tomcat.TomcatWebServer  : Tomcat initialized with port(s): 0 (http)
2023-03-16T13:46:35.314+01:00  INFO 89165 --- [           main] o.apache.catalina.core.StandardService   : Starting service [Tomcat]
2023-03-16T13:46:35.314+01:00  INFO 89165 --- [           main] o.apache.catalina.core.StandardEngine    : Starting Servlet engine: [Apache Tomcat/10.1.5]
2023-03-16T13:46:35.328+01:00  INFO 89165 --- [           main] o.a.c.c.C.[Tomcat].[localhost].[/]       : Initializing Spring embedded WebApplicationContext
2023-03-16T13:46:35.329+01:00  INFO 89165 --- [           main] w.s.c.ServletWebServerApplicationContext : Root WebApplicationContext: initialization completed in 211 ms
2023-03-16T13:46:35.346+01:00  INFO 89165 --- [           main] com.zaxxer.hikari.HikariDataSource       : HikariPool-6 - Starting...
2023-03-16T13:46:35.351+01:00  INFO 89165 --- [           main] com.zaxxer.hikari.pool.HikariPool        : HikariPool-6 - Added connection conn50: url=jdbc:h2:mem:test user=SA
2023-03-16T13:46:35.352+01:00  INFO 89165 --- [           main] com.zaxxer.hikari.HikariDataSource       : HikariPool-6 - Start completed.
2023-03-16T13:46:35.352+01:00  INFO 89165 --- [           main] o.s.b.a.h2.H2ConsoleAutoConfiguration    : H2 console available at '/h2-console'. Database available at 'jdbc:h2:mem:test'
2023-03-16T13:46:35.385+01:00  INFO 89165 --- [           main] o.hibernate.jpa.internal.util.LogHelper  : HHH000204: Processing PersistenceUnitInfo [name: default]
2023-03-16T13:46:35.392+01:00  INFO 89165 --- [           main] SQL dialect                              : HHH000400: Using dialect: org.hibernate.dialect.H2Dialect
2023-03-16T13:46:35.490+01:00  INFO 89165 --- [           main] o.h.e.t.j.p.i.JtaPlatformInitiator       : HHH000490: Using JtaPlatform implementation: [org.hibernate.engine.transaction.jta.platform.internal.NoJtaPlatform]
2023-03-16T13:46:35.491+01:00  INFO 89165 --- [           main] j.LocalContainerEntityManagerFactoryBean : Initialized JPA EntityManagerFactory for persistence unit 'default'
2023-03-16T13:46:35.565+01:00  WARN 89165 --- [           main] JpaBaseConfiguration$JpaWebConfiguration : spring.jpa.open-in-view is enabled by default. Therefore, database queries may be performed during view rendering. Explicitly configure spring.jpa.open-in-view to disable this warning
2023-03-16T13:46:35.731+01:00  INFO 89165 --- [           main] o.s.b.w.embedded.tomcat.TomcatWebServer  : Tomcat started on port(s): 38203 (http) with context path ''
2023-03-16T13:46:35.735+01:00  INFO 89165 --- [           main] e.u.i.p.Practica3ApplicationTests        : Started Practica3ApplicationTests in 0.652 seconds (process running for 13.906)
2023-03-16T13:46:35.752+01:00  INFO 89165 --- [o-auto-6-exec-1] o.a.c.c.C.[Tomcat].[localhost].[/]       : Initializing Spring DispatcherServlet 'dispatcherServlet'
2023-03-16T13:46:35.752+01:00  INFO 89165 --- [o-auto-6-exec-1] o.s.web.servlet.DispatcherServlet        : Initializing Servlet 'dispatcherServlet'
2023-03-16T13:46:35.753+01:00  INFO 89165 --- [o-auto-6-exec-1] o.s.web.servlet.DispatcherServlet        : Completed initialization in 1 ms
2023-03-16T13:46:35.813+01:00  INFO 89165 --- [           main] o.apache.catalina.core.StandardService   : Stopping service [Tomcat]
2023-03-16T13:46:35.814+01:00  INFO 89165 --- [           main] o.a.c.c.C.[Tomcat].[localhost].[/]       : Destroying Spring FrameworkServlet 'dispatcherServlet'
2023-03-16T13:46:35.818+01:00  INFO 89165 --- [           main] j.LocalContainerEntityManagerFactoryBean : Closing JPA EntityManagerFactory for persistence unit 'default'
2023-03-16T13:46:35.818+01:00  INFO 89165 --- [           main] .SchemaDropperImpl$DelayedDropActionImpl : HHH000477: Starting delayed evictData of schema as part of SessionFactory shut-down'
2023-03-16T13:46:35.822+01:00  INFO 89165 --- [           main] com.zaxxer.hikari.HikariDataSource       : HikariPool-6 - Shutdown initiated...
2023-03-16T13:46:35.823+01:00  INFO 89165 --- [           main] com.zaxxer.hikari.HikariDataSource       : HikariPool-6 - Shutdown completed.
]]></system-out>
  </testcase>
  <testcase name="obtenerIngrelediente" classname="es.uma.informatica.practica3.Practica3ApplicationTests$BaseDatosVacia" time="0.073">
    <system-out><![CDATA[
  .   ____          _            __ _ _
 /\\ / ___'_ __ _ _(_)_ __  __ _ \ \ \ \
( ( )\___ | '_ | '_| | '_ \/ _` | \ \ \ \
 \\/  ___)| |_)| | | | | || (_| |  ) ) ) )
  '  |____| .__|_| |_|_| |_\__, | / / / /
 =========|_|==============|___/=/_/_/_/
 :: Spring Boot ::                (v3.0.4)

2023-03-16T13:46:35.848+01:00  INFO 89165 --- [           main] e.u.i.p.Practica3ApplicationTests        : Starting Practica3ApplicationTests using Java 19.0.2 with PID 89165 (started by juanmagdev in /home/juanmagdev/Documentos/Universidad/SII/p3/practica3-estudiantes)
2023-03-16T13:46:35.848+01:00  INFO 89165 --- [           main] e.u.i.p.Practica3ApplicationTests        : No active profile set, falling back to 1 default profile: "default"
2023-03-16T13:46:35.956+01:00  INFO 89165 --- [           main] .s.d.r.c.RepositoryConfigurationDelegate : Bootstrapping Spring Data JPA repositories in DEFAULT mode.
2023-03-16T13:46:35.961+01:00  INFO 89165 --- [           main] .s.d.r.c.RepositoryConfigurationDelegate : Finished Spring Data repository scanning in 5 ms. Found 2 JPA repository interfaces.
2023-03-16T13:46:36.023+01:00  INFO 89165 --- [           main] o.s.b.w.embedded.tomcat.TomcatWebServer  : Tomcat initialized with port(s): 0 (http)
2023-03-16T13:46:36.023+01:00  INFO 89165 --- [           main] o.apache.catalina.core.StandardService   : Starting service [Tomcat]
2023-03-16T13:46:36.024+01:00  INFO 89165 --- [           main] o.apache.catalina.core.StandardEngine    : Starting Servlet engine: [Apache Tomcat/10.1.5]
2023-03-16T13:46:36.032+01:00  INFO 89165 --- [           main] o.a.c.c.C.[Tomcat].[localhost].[/]       : Initializing Spring embedded WebApplicationContext
2023-03-16T13:46:36.032+01:00  INFO 89165 --- [           main] w.s.c.ServletWebServerApplicationContext : Root WebApplicationContext: initialization completed in 182 ms
2023-03-16T13:46:36.044+01:00  INFO 89165 --- [           main] com.zaxxer.hikari.HikariDataSource       : HikariPool-7 - Starting...
2023-03-16T13:46:36.046+01:00  INFO 89165 --- [           main] com.zaxxer.hikari.pool.HikariPool        : HikariPool-7 - Added connection conn60: url=jdbc:h2:mem:test user=SA
2023-03-16T13:46:36.047+01:00  INFO 89165 --- [           main] com.zaxxer.hikari.HikariDataSource       : HikariPool-7 - Start completed.
2023-03-16T13:46:36.047+01:00  INFO 89165 --- [           main] o.s.b.a.h2.H2ConsoleAutoConfiguration    : H2 console available at '/h2-console'. Database available at 'jdbc:h2:mem:test'
2023-03-16T13:46:36.071+01:00  INFO 89165 --- [           main] o.hibernate.jpa.internal.util.LogHelper  : HHH000204: Processing PersistenceUnitInfo [name: default]
2023-03-16T13:46:36.076+01:00  INFO 89165 --- [           main] SQL dialect                              : HHH000400: Using dialect: org.hibernate.dialect.H2Dialect
2023-03-16T13:46:36.142+01:00  INFO 89165 --- [           main] o.h.e.t.j.p.i.JtaPlatformInitiator       : HHH000490: Using JtaPlatform implementation: [org.hibernate.engine.transaction.jta.platform.internal.NoJtaPlatform]
2023-03-16T13:46:36.143+01:00  INFO 89165 --- [           main] j.LocalContainerEntityManagerFactoryBean : Initialized JPA EntityManagerFactory for persistence unit 'default'
2023-03-16T13:46:36.184+01:00  WARN 89165 --- [           main] JpaBaseConfiguration$JpaWebConfiguration : spring.jpa.open-in-view is enabled by default. Therefore, database queries may be performed during view rendering. Explicitly configure spring.jpa.open-in-view to disable this warning
2023-03-16T13:46:36.246+01:00  INFO 89165 --- [           main] o.s.b.w.embedded.tomcat.TomcatWebServer  : Tomcat started on port(s): 42879 (http) with context path ''
2023-03-16T13:46:36.249+01:00  INFO 89165 --- [           main] e.u.i.p.Practica3ApplicationTests        : Started Practica3ApplicationTests in 0.422 seconds (process running for 14.419)
2023-03-16T13:46:36.260+01:00  INFO 89165 --- [o-auto-7-exec-1] o.a.c.c.C.[Tomcat].[localhost].[/]       : Initializing Spring DispatcherServlet 'dispatcherServlet'
2023-03-16T13:46:36.260+01:00  INFO 89165 --- [o-auto-7-exec-1] o.s.web.servlet.DispatcherServlet        : Initializing Servlet 'dispatcherServlet'
2023-03-16T13:46:36.261+01:00  INFO 89165 --- [o-auto-7-exec-1] o.s.web.servlet.DispatcherServlet        : Completed initialization in 1 ms
2023-03-16T13:46:36.314+01:00  INFO 89165 --- [           main] o.apache.catalina.core.StandardService   : Stopping service [Tomcat]
2023-03-16T13:46:36.314+01:00  INFO 89165 --- [           main] o.a.c.c.C.[Tomcat].[localhost].[/]       : Destroying Spring FrameworkServlet 'dispatcherServlet'
2023-03-16T13:46:36.319+01:00  INFO 89165 --- [           main] j.LocalContainerEntityManagerFactoryBean : Closing JPA EntityManagerFactory for persistence unit 'default'
2023-03-16T13:46:36.319+01:00  INFO 89165 --- [           main] .SchemaDropperImpl$DelayedDropActionImpl : HHH000477: Starting delayed evictData of schema as part of SessionFactory shut-down'
2023-03-16T13:46:36.323+01:00  INFO 89165 --- [           main] com.zaxxer.hikari.HikariDataSource       : HikariPool-7 - Shutdown initiated...
2023-03-16T13:46:36.324+01:00  INFO 89165 --- [           main] com.zaxxer.hikari.HikariDataSource       : HikariPool-7 - Shutdown completed.
]]></system-out>
  </testcase>
  <testcase name="insertarProducto" classname="es.uma.informatica.practica3.Practica3ApplicationTests$BaseDatosVacia" time="0.058">
    <system-out><![CDATA[
  .   ____          _            __ _ _
 /\\ / ___'_ __ _ _(_)_ __  __ _ \ \ \ \
( ( )\___ | '_ | '_| | '_ \/ _` | \ \ \ \
 \\/  ___)| |_)| | | | | || (_| |  ) ) ) )
  '  |____| .__|_| |_|_| |_\__, | / / / /
 =========|_|==============|___/=/_/_/_/
 :: Spring Boot ::                (v3.0.4)

2023-03-16T13:46:36.367+01:00  INFO 89165 --- [           main] e.u.i.p.Practica3ApplicationTests        : Starting Practica3ApplicationTests using Java 19.0.2 with PID 89165 (started by juanmagdev in /home/juanmagdev/Documentos/Universidad/SII/p3/practica3-estudiantes)
2023-03-16T13:46:36.367+01:00  INFO 89165 --- [           main] e.u.i.p.Practica3ApplicationTests        : No active profile set, falling back to 1 default profile: "default"
2023-03-16T13:46:36.535+01:00  INFO 89165 --- [           main] .s.d.r.c.RepositoryConfigurationDelegate : Bootstrapping Spring Data JPA repositories in DEFAULT mode.
2023-03-16T13:46:36.540+01:00  INFO 89165 --- [           main] .s.d.r.c.RepositoryConfigurationDelegate : Finished Spring Data repository scanning in 5 ms. Found 2 JPA repository interfaces.
2023-03-16T13:46:36.602+01:00  INFO 89165 --- [           main] o.s.b.w.embedded.tomcat.TomcatWebServer  : Tomcat initialized with port(s): 0 (http)
2023-03-16T13:46:36.603+01:00  INFO 89165 --- [           main] o.apache.catalina.core.StandardService   : Starting service [Tomcat]
2023-03-16T13:46:36.603+01:00  INFO 89165 --- [           main] o.apache.catalina.core.StandardEngine    : Starting Servlet engine: [Apache Tomcat/10.1.5]
2023-03-16T13:46:36.611+01:00  INFO 89165 --- [           main] o.a.c.c.C.[Tomcat].[localhost].[/]       : Initializing Spring embedded WebApplicationContext
2023-03-16T13:46:36.611+01:00  INFO 89165 --- [           main] w.s.c.ServletWebServerApplicationContext : Root WebApplicationContext: initialization completed in 241 ms
2023-03-16T13:46:36.624+01:00  INFO 89165 --- [           main] com.zaxxer.hikari.HikariDataSource       : HikariPool-8 - Starting...
2023-03-16T13:46:36.627+01:00  INFO 89165 --- [           main] com.zaxxer.hikari.pool.HikariPool        : HikariPool-8 - Added connection conn70: url=jdbc:h2:mem:test user=SA
2023-03-16T13:46:36.627+01:00  INFO 89165 --- [           main] com.zaxxer.hikari.HikariDataSource       : HikariPool-8 - Start completed.
2023-03-16T13:46:36.627+01:00  INFO 89165 --- [           main] o.s.b.a.h2.H2ConsoleAutoConfiguration    : H2 console available at '/h2-console'. Database available at 'jdbc:h2:mem:test'
2023-03-16T13:46:36.648+01:00  INFO 89165 --- [           main] o.hibernate.jpa.internal.util.LogHelper  : HHH000204: Processing PersistenceUnitInfo [name: default]
2023-03-16T13:46:36.652+01:00  INFO 89165 --- [           main] SQL dialect                              : HHH000400: Using dialect: org.hibernate.dialect.H2Dialect
2023-03-16T13:46:36.716+01:00  INFO 89165 --- [           main] o.h.e.t.j.p.i.JtaPlatformInitiator       : HHH000490: Using JtaPlatform implementation: [org.hibernate.engine.transaction.jta.platform.internal.NoJtaPlatform]
2023-03-16T13:46:36.716+01:00  INFO 89165 --- [           main] j.LocalContainerEntityManagerFactoryBean : Initialized JPA EntityManagerFactory for persistence unit 'default'
2023-03-16T13:46:36.774+01:00  WARN 89165 --- [           main] JpaBaseConfiguration$JpaWebConfiguration : spring.jpa.open-in-view is enabled by default. Therefore, database queries may be performed during view rendering. Explicitly configure spring.jpa.open-in-view to disable this warning
2023-03-16T13:46:36.850+01:00  INFO 89165 --- [           main] o.s.b.w.embedded.tomcat.TomcatWebServer  : Tomcat started on port(s): 46677 (http) with context path ''
2023-03-16T13:46:36.853+01:00  INFO 89165 --- [           main] e.u.i.p.Practica3ApplicationTests        : Started Practica3ApplicationTests in 0.525 seconds (process running for 15.023)
2023-03-16T13:46:36.867+01:00  INFO 89165 --- [o-auto-8-exec-1] o.a.c.c.C.[Tomcat].[localhost].[/]       : Initializing Spring DispatcherServlet 'dispatcherServlet'
2023-03-16T13:46:36.868+01:00  INFO 89165 --- [o-auto-8-exec-1] o.s.web.servlet.DispatcherServlet        : Initializing Servlet 'dispatcherServlet'
2023-03-16T13:46:36.869+01:00  INFO 89165 --- [o-auto-8-exec-1] o.s.web.servlet.DispatcherServlet        : Completed initialization in 1 ms
2023-03-16T13:46:36.906+01:00  INFO 89165 --- [           main] o.apache.catalina.core.StandardService   : Stopping service [Tomcat]
2023-03-16T13:46:36.906+01:00  INFO 89165 --- [           main] o.a.c.c.C.[Tomcat].[localhost].[/]       : Destroying Spring FrameworkServlet 'dispatcherServlet'
2023-03-16T13:46:36.909+01:00  INFO 89165 --- [           main] j.LocalContainerEntityManagerFactoryBean : Closing JPA EntityManagerFactory for persistence unit 'default'
2023-03-16T13:46:36.909+01:00  INFO 89165 --- [           main] .SchemaDropperImpl$DelayedDropActionImpl : HHH000477: Starting delayed evictData of schema as part of SessionFactory shut-down'
2023-03-16T13:46:36.913+01:00  INFO 89165 --- [           main] com.zaxxer.hikari.HikariDataSource       : HikariPool-8 - Shutdown initiated...
2023-03-16T13:46:36.913+01:00  INFO 89165 --- [           main] com.zaxxer.hikari.HikariDataSource       : HikariPool-8 - Shutdown completed.
]]></system-out>
  </testcase>
  <testcase name="errorConIngredienteConcreto" classname="es.uma.informatica.practica3.Practica3ApplicationTests$BaseDatosVacia" time="0.038">
    <system-out><![CDATA[
  .   ____          _            __ _ _
 /\\ / ___'_ __ _ _(_)_ __  __ _ \ \ \ \
( ( )\___ | '_ | '_| | '_ \/ _` | \ \ \ \
 \\/  ___)| |_)| | | | | || (_| |  ) ) ) )
  '  |____| .__|_| |_|_| |_\__, | / / / /
 =========|_|==============|___/=/_/_/_/
 :: Spring Boot ::                (v3.0.4)

2023-03-16T13:46:36.936+01:00  INFO 89165 --- [           main] e.u.i.p.Practica3ApplicationTests        : Starting Practica3ApplicationTests using Java 19.0.2 with PID 89165 (started by juanmagdev in /home/juanmagdev/Documentos/Universidad/SII/p3/practica3-estudiantes)
2023-03-16T13:46:36.936+01:00  INFO 89165 --- [           main] e.u.i.p.Practica3ApplicationTests        : No active profile set, falling back to 1 default profile: "default"
2023-03-16T13:46:37.068+01:00  INFO 89165 --- [           main] .s.d.r.c.RepositoryConfigurationDelegate : Bootstrapping Spring Data JPA repositories in DEFAULT mode.
2023-03-16T13:46:37.075+01:00  INFO 89165 --- [           main] .s.d.r.c.RepositoryConfigurationDelegate : Finished Spring Data repository scanning in 6 ms. Found 2 JPA repository interfaces.
2023-03-16T13:46:37.120+01:00  INFO 89165 --- [           main] o.s.b.w.embedded.tomcat.TomcatWebServer  : Tomcat initialized with port(s): 0 (http)
2023-03-16T13:46:37.121+01:00  INFO 89165 --- [           main] o.apache.catalina.core.StandardService   : Starting service [Tomcat]
2023-03-16T13:46:37.121+01:00  INFO 89165 --- [           main] o.apache.catalina.core.StandardEngine    : Starting Servlet engine: [Apache Tomcat/10.1.5]
2023-03-16T13:46:37.126+01:00  INFO 89165 --- [           main] o.a.c.c.C.[Tomcat].[localhost].[/]       : Initializing Spring embedded WebApplicationContext
2023-03-16T13:46:37.126+01:00  INFO 89165 --- [           main] w.s.c.ServletWebServerApplicationContext : Root WebApplicationContext: initialization completed in 188 ms
2023-03-16T13:46:37.139+01:00  INFO 89165 --- [           main] com.zaxxer.hikari.HikariDataSource       : HikariPool-9 - Starting...
2023-03-16T13:46:37.143+01:00  INFO 89165 --- [           main] com.zaxxer.hikari.pool.HikariPool        : HikariPool-9 - Added connection conn80: url=jdbc:h2:mem:test user=SA
2023-03-16T13:46:37.143+01:00  INFO 89165 --- [           main] com.zaxxer.hikari.HikariDataSource       : HikariPool-9 - Start completed.
2023-03-16T13:46:37.143+01:00  INFO 89165 --- [           main] o.s.b.a.h2.H2ConsoleAutoConfiguration    : H2 console available at '/h2-console'. Database available at 'jdbc:h2:mem:test'
2023-03-16T13:46:37.164+01:00  INFO 89165 --- [           main] o.hibernate.jpa.internal.util.LogHelper  : HHH000204: Processing PersistenceUnitInfo [name: default]
2023-03-16T13:46:37.171+01:00  INFO 89165 --- [           main] SQL dialect                              : HHH000400: Using dialect: org.hibernate.dialect.H2Dialect
2023-03-16T13:46:37.231+01:00  INFO 89165 --- [           main] o.h.e.t.j.p.i.JtaPlatformInitiator       : HHH000490: Using JtaPlatform implementation: [org.hibernate.engine.transaction.jta.platform.internal.NoJtaPlatform]
2023-03-16T13:46:37.232+01:00  INFO 89165 --- [           main] j.LocalContainerEntityManagerFactoryBean : Initialized JPA EntityManagerFactory for persistence unit 'default'
2023-03-16T13:46:37.285+01:00  WARN 89165 --- [           main] JpaBaseConfiguration$JpaWebConfiguration : spring.jpa.open-in-view is enabled by default. Therefore, database queries may be performed during view rendering. Explicitly configure spring.jpa.open-in-view to disable this warning
2023-03-16T13:46:37.346+01:00  INFO 89165 --- [           main] o.s.b.w.embedded.tomcat.TomcatWebServer  : Tomcat started on port(s): 46305 (http) with context path ''
2023-03-16T13:46:37.349+01:00  INFO 89165 --- [           main] e.u.i.p.Practica3ApplicationTests        : Started Practica3ApplicationTests in 0.433 seconds (process running for 15.519)
2023-03-16T13:46:37.364+01:00  INFO 89165 --- [o-auto-9-exec-1] o.a.c.c.C.[Tomcat].[localhost].[/]       : Initializing Spring DispatcherServlet 'dispatcherServlet'
2023-03-16T13:46:37.365+01:00  INFO 89165 --- [o-auto-9-exec-1] o.s.web.servlet.DispatcherServlet        : Initializing Servlet 'dispatcherServlet'
2023-03-16T13:46:37.366+01:00  INFO 89165 --- [o-auto-9-exec-1] o.s.web.servlet.DispatcherServlet        : Completed initialization in 1 ms
2023-03-16T13:46:37.382+01:00  INFO 89165 --- [           main] o.apache.catalina.core.StandardService   : Stopping service [Tomcat]
2023-03-16T13:46:37.383+01:00  INFO 89165 --- [           main] o.a.c.c.C.[Tomcat].[localhost].[/]       : Destroying Spring FrameworkServlet 'dispatcherServlet'
2023-03-16T13:46:37.386+01:00  INFO 89165 --- [           main] j.LocalContainerEntityManagerFactoryBean : Closing JPA EntityManagerFactory for persistence unit 'default'
2023-03-16T13:46:37.386+01:00  INFO 89165 --- [           main] .SchemaDropperImpl$DelayedDropActionImpl : HHH000477: Starting delayed evictData of schema as part of SessionFactory shut-down'
2023-03-16T13:46:37.389+01:00  INFO 89165 --- [           main] com.zaxxer.hikari.HikariDataSource       : HikariPool-9 - Shutdown initiated...
2023-03-16T13:46:37.390+01:00  INFO 89165 --- [           main] com.zaxxer.hikari.HikariDataSource       : HikariPool-9 - Shutdown completed.
]]></system-out>
  </testcase>
  <testcase name="modificarIngrediente" classname="es.uma.informatica.practica3.Practica3ApplicationTests$BaseDatosVacia" time="0.059">
    <system-out><![CDATA[
  .   ____          _            __ _ _
 /\\ / ___'_ __ _ _(_)_ __  __ _ \ \ \ \
( ( )\___ | '_ | '_| | '_ \/ _` | \ \ \ \
 \\/  ___)| |_)| | | | | || (_| |  ) ) ) )
  '  |____| .__|_| |_|_| |_\__, | / / / /
 =========|_|==============|___/=/_/_/_/
 :: Spring Boot ::                (v3.0.4)

2023-03-16T13:46:37.413+01:00  INFO 89165 --- [           main] e.u.i.p.Practica3ApplicationTests        : Starting Practica3ApplicationTests using Java 19.0.2 with PID 89165 (started by juanmagdev in /home/juanmagdev/Documentos/Universidad/SII/p3/practica3-estudiantes)
2023-03-16T13:46:37.414+01:00  INFO 89165 --- [           main] e.u.i.p.Practica3ApplicationTests        : No active profile set, falling back to 1 default profile: "default"
2023-03-16T13:46:37.507+01:00  INFO 89165 --- [           main] .s.d.r.c.RepositoryConfigurationDelegate : Bootstrapping Spring Data JPA repositories in DEFAULT mode.
2023-03-16T13:46:37.513+01:00  INFO 89165 --- [           main] .s.d.r.c.RepositoryConfigurationDelegate : Finished Spring Data repository scanning in 5 ms. Found 2 JPA repository interfaces.
2023-03-16T13:46:37.562+01:00  INFO 89165 --- [           main] o.s.b.w.embedded.tomcat.TomcatWebServer  : Tomcat initialized with port(s): 0 (http)
2023-03-16T13:46:37.563+01:00  INFO 89165 --- [           main] o.apache.catalina.core.StandardService   : Starting service [Tomcat]
2023-03-16T13:46:37.563+01:00  INFO 89165 --- [           main] o.apache.catalina.core.StandardEngine    : Starting Servlet engine: [Apache Tomcat/10.1.5]
2023-03-16T13:46:37.571+01:00  INFO 89165 --- [           main] o.a.c.c.C.[Tomcat].[localhost].[/]       : Initializing Spring embedded WebApplicationContext
2023-03-16T13:46:37.571+01:00  INFO 89165 --- [           main] w.s.c.ServletWebServerApplicationContext : Root WebApplicationContext: initialization completed in 155 ms
2023-03-16T13:46:37.593+01:00  INFO 89165 --- [           main] com.zaxxer.hikari.HikariDataSource       : HikariPool-10 - Starting...
2023-03-16T13:46:37.597+01:00  INFO 89165 --- [           main] com.zaxxer.hikari.pool.HikariPool        : HikariPool-10 - Added connection conn90: url=jdbc:h2:mem:test user=SA
2023-03-16T13:46:37.597+01:00  INFO 89165 --- [           main] com.zaxxer.hikari.HikariDataSource       : HikariPool-10 - Start completed.
2023-03-16T13:46:37.598+01:00  INFO 89165 --- [           main] o.s.b.a.h2.H2ConsoleAutoConfiguration    : H2 console available at '/h2-console'. Database available at 'jdbc:h2:mem:test'
2023-03-16T13:46:37.617+01:00  INFO 89165 --- [           main] o.hibernate.jpa.internal.util.LogHelper  : HHH000204: Processing PersistenceUnitInfo [name: default]
2023-03-16T13:46:37.620+01:00  INFO 89165 --- [           main] SQL dialect                              : HHH000400: Using dialect: org.hibernate.dialect.H2Dialect
2023-03-16T13:46:37.664+01:00  INFO 89165 --- [           main] o.h.e.t.j.p.i.JtaPlatformInitiator       : HHH000490: Using JtaPlatform implementation: [org.hibernate.engine.transaction.jta.platform.internal.NoJtaPlatform]
2023-03-16T13:46:37.664+01:00  INFO 89165 --- [           main] j.LocalContainerEntityManagerFactoryBean : Initialized JPA EntityManagerFactory for persistence unit 'default'
2023-03-16T13:46:37.718+01:00  WARN 89165 --- [           main] JpaBaseConfiguration$JpaWebConfiguration : spring.jpa.open-in-view is enabled by default. Therefore, database queries may be performed during view rendering. Explicitly configure spring.jpa.open-in-view to disable this warning
2023-03-16T13:46:37.786+01:00  INFO 89165 --- [           main] o.s.b.w.embedded.tomcat.TomcatWebServer  : Tomcat started on port(s): 33743 (http) with context path ''
2023-03-16T13:46:37.790+01:00  INFO 89165 --- [           main] e.u.i.p.Practica3ApplicationTests        : Started Practica3ApplicationTests in 0.396 seconds (process running for 15.96)
2023-03-16T13:46:37.803+01:00  INFO 89165 --- [-auto-10-exec-1] o.a.c.c.C.[Tomcat].[localhost].[/]       : Initializing Spring DispatcherServlet 'dispatcherServlet'
2023-03-16T13:46:37.803+01:00  INFO 89165 --- [-auto-10-exec-1] o.s.web.servlet.DispatcherServlet        : Initializing Servlet 'dispatcherServlet'
2023-03-16T13:46:37.804+01:00  INFO 89165 --- [-auto-10-exec-1] o.s.web.servlet.DispatcherServlet        : Completed initialization in 1 ms
2023-03-16T13:46:37.844+01:00  INFO 89165 --- [           main] o.apache.catalina.core.StandardService   : Stopping service [Tomcat]
2023-03-16T13:46:37.844+01:00  INFO 89165 --- [           main] o.a.c.c.C.[Tomcat].[localhost].[/]       : Destroying Spring FrameworkServlet 'dispatcherServlet'
2023-03-16T13:46:37.848+01:00  INFO 89165 --- [           main] j.LocalContainerEntityManagerFactoryBean : Closing JPA EntityManagerFactory for persistence unit 'default'
2023-03-16T13:46:37.848+01:00  INFO 89165 --- [           main] .SchemaDropperImpl$DelayedDropActionImpl : HHH000477: Starting delayed evictData of schema as part of SessionFactory shut-down'
2023-03-16T13:46:37.851+01:00  INFO 89165 --- [           main] com.zaxxer.hikari.HikariDataSource       : HikariPool-10 - Shutdown initiated...
2023-03-16T13:46:37.852+01:00  INFO 89165 --- [           main] com.zaxxer.hikari.HikariDataSource       : HikariPool-10 - Shutdown completed.
]]></system-out>
  </testcase>
</testsuite>