<?xml version="1.0" encoding="UTF-8"?>
<testsuite xmlns:xsi="http://www.w3.org/2001/XMLSchema-instance" xsi:noNamespaceSchemaLocation="https://maven.apache.org/surefire/maven-failsafe-plugin/xsd/failsafe-test-report-3.0.xsd" version="3.0" name="es.uma.informatica.sii.practica.websockets.tests.WebsocketsIT" time="15.026" tests="6" errors="0" skipped="0" failures="0">
  <properties>
[...]
</properties>
  <testcase name="entrada" classname="es.uma.informatica.sii.practica.websockets.tests.WebsocketsIT" time="3.96">
    <system-out><![CDATA[11:20:34.956 [main] DEBUG io.netty.util.internal.logging.InternalLoggerFactory -- Using SLF4J as the default logging framework
11:20:34.961 [main] DEBUG io.netty.util.ResourceLeakDetector -- -Dio.netty.leakDetection.level: simple
11:20:34.961 [main] DEBUG io.netty.util.ResourceLeakDetector -- -Dio.netty.leakDetection.targetRecords: 4
11:20:34.964 [main] DEBUG io.netty.util.ResourceLeakDetectorFactory -- Loaded default ResourceLeakDetector: io.netty.util.ResourceLeakDetector@1a6c1270
11:20:34.975 [main] DEBUG io.netty.util.internal.PlatformDependent0 -- -Dio.netty.noUnsafe: false
11:20:34.975 [main] DEBUG io.netty.util.internal.PlatformDependent0 -- Java version: 19
11:20:34.976 [main] DEBUG io.netty.util.internal.PlatformDependent0 -- sun.misc.Unsafe.theUnsafe: available
11:20:34.977 [main] DEBUG io.netty.util.internal.PlatformDependent0 -- sun.misc.Unsafe.copyMemory: available
11:20:34.977 [main] DEBUG io.netty.util.internal.PlatformDependent0 -- sun.misc.Unsafe.storeFence: available
11:20:34.977 [main] DEBUG io.netty.util.internal.PlatformDependent0 -- java.nio.Buffer.address: available
11:20:34.978 [main] DEBUG io.netty.util.internal.PlatformDependent0 -- direct buffer constructor: unavailable: Reflective setAccessible(true) disabled
11:20:34.978 [main] DEBUG io.netty.util.internal.PlatformDependent0 -- java.nio.Bits.unaligned: available, true
11:20:34.979 [main] DEBUG io.netty.util.internal.PlatformDependent0 -- jdk.internal.misc.Unsafe.allocateUninitializedArray(int): unavailable: class io.netty.util.internal.PlatformDependent0$7 cannot access class jdk.internal.misc.Unsafe (in module java.base) because module java.base does not export jdk.internal.misc to unnamed module @43195e57
11:20:34.979 [main] DEBUG io.netty.util.internal.PlatformDependent0 -- java.nio.DirectByteBuffer.<init>(long, int): unavailable
11:20:34.980 [main] DEBUG io.netty.util.internal.PlatformDependent -- sun.misc.Unsafe: available
11:20:34.981 [main] DEBUG io.netty.util.internal.PlatformDependent -- maxDirectMemory: 4150263808 bytes (maybe)
11:20:34.981 [main] DEBUG io.netty.util.internal.PlatformDependent -- -Dio.netty.tmpdir: /tmp (java.io.tmpdir)
11:20:34.981 [main] DEBUG io.netty.util.internal.PlatformDependent -- -Dio.netty.bitMode: 64 (sun.arch.data.model)
11:20:34.982 [main] DEBUG io.netty.util.internal.PlatformDependent -- -Dio.netty.maxDirectMemory: -1 bytes
11:20:34.982 [main] DEBUG io.netty.util.internal.PlatformDependent -- -Dio.netty.uninitializedArrayAllocationThreshold: -1
11:20:34.984 [main] DEBUG io.netty.util.internal.CleanerJava9 -- java.nio.ByteBuffer.cleaner(): available
11:20:34.984 [main] DEBUG io.netty.util.internal.PlatformDependent -- -Dio.netty.noPreferDirect: false
11:20:34.991 [main] DEBUG io.netty.util.internal.PlatformDependent -- org.jctools-core.MpscChunkedArrayQueue: available
11:20:35.003 [main] DEBUG io.netty.util.internal.InternalThreadLocalMap -- -Dio.netty.threadLocalMap.stringBuilder.initialSize: 1024
11:20:35.003 [main] DEBUG io.netty.util.internal.InternalThreadLocalMap -- -Dio.netty.threadLocalMap.stringBuilder.maxSize: 4096
11:20:35.141 [main] DEBUG io.netty.handler.ssl.JdkSslContext -- Default protocols (JDK): [TLSv1.3, TLSv1.2] 
11:20:35.141 [main] DEBUG io.netty.handler.ssl.JdkSslContext -- Default cipher suites (JDK): [TLS_ECDHE_ECDSA_WITH_AES_256_GCM_SHA384, TLS_ECDHE_ECDSA_WITH_AES_128_GCM_SHA256, TLS_ECDHE_RSA_WITH_AES_128_GCM_SHA256, TLS_ECDHE_RSA_WITH_AES_256_GCM_SHA384, TLS_ECDHE_RSA_WITH_AES_128_CBC_SHA, TLS_ECDHE_RSA_WITH_AES_256_CBC_SHA, TLS_RSA_WITH_AES_128_GCM_SHA256, TLS_RSA_WITH_AES_128_CBC_SHA, TLS_RSA_WITH_AES_256_CBC_SHA, TLS_AES_128_GCM_SHA256, TLS_AES_256_GCM_SHA384]
11:20:35.148 [main] DEBUG io.netty.util.concurrent.GlobalEventExecutor -- -Dio.netty.globalEventExecutor.quietPeriodSeconds: 1
11:20:35.155 [main] DEBUG io.netty.channel.MultithreadEventLoopGroup -- -Dio.netty.eventLoopThreads: 24
11:20:35.161 [main] DEBUG io.netty.channel.nio.NioEventLoop -- -Dio.netty.noKeySetOptimization: false
11:20:35.161 [main] DEBUG io.netty.channel.nio.NioEventLoop -- -Dio.netty.selectorAutoRebuildThreshold: 512
11:20:35.175 [main] DEBUG io.netty.buffer.PooledByteBufAllocator -- -Dio.netty.allocator.numHeapArenas: 24
11:20:35.175 [main] DEBUG io.netty.buffer.PooledByteBufAllocator -- -Dio.netty.allocator.numDirectArenas: 24
11:20:35.175 [main] DEBUG io.netty.buffer.PooledByteBufAllocator -- -Dio.netty.allocator.pageSize: 8192
11:20:35.175 [main] DEBUG io.netty.buffer.PooledByteBufAllocator -- -Dio.netty.allocator.maxOrder: 9
11:20:35.175 [main] DEBUG io.netty.buffer.PooledByteBufAllocator -- -Dio.netty.allocator.chunkSize: 4194304
11:20:35.175 [main] DEBUG io.netty.buffer.PooledByteBufAllocator -- -Dio.netty.allocator.smallCacheSize: 256
11:20:35.176 [main] DEBUG io.netty.buffer.PooledByteBufAllocator -- -Dio.netty.allocator.normalCacheSize: 64
11:20:35.176 [main] DEBUG io.netty.buffer.PooledByteBufAllocator -- -Dio.netty.allocator.maxCachedBufferCapacity: 32768
11:20:35.176 [main] DEBUG io.netty.buffer.PooledByteBufAllocator -- -Dio.netty.allocator.cacheTrimInterval: 8192
11:20:35.176 [main] DEBUG io.netty.buffer.PooledByteBufAllocator -- -Dio.netty.allocator.cacheTrimIntervalMillis: 0
11:20:35.176 [main] DEBUG io.netty.buffer.PooledByteBufAllocator -- -Dio.netty.allocator.useCacheForAllThreads: false
11:20:35.176 [main] DEBUG io.netty.buffer.PooledByteBufAllocator -- -Dio.netty.allocator.maxCachedByteBuffersPerChunk: 1023
11:20:35.182 [main] DEBUG io.netty.buffer.ByteBufUtil -- -Dio.netty.allocator.type: pooled
11:20:35.183 [main] DEBUG io.netty.buffer.ByteBufUtil -- -Dio.netty.threadLocalDirectBufferSize: 0
11:20:35.183 [main] DEBUG io.netty.buffer.ByteBufUtil -- -Dio.netty.maxThreadLocalCharBufferSize: 16384
11:20:35.322 [Forwarding newSession on session null to remote] DEBUG io.netty.channel.DefaultChannelId -- -Dio.netty.processId: 72274 (auto-detected)
11:20:35.324 [Forwarding newSession on session null to remote] DEBUG io.netty.util.NetUtil -- -Djava.net.preferIPv4Stack: false
11:20:35.324 [Forwarding newSession on session null to remote] DEBUG io.netty.util.NetUtil -- -Djava.net.preferIPv6Addresses: false
11:20:35.325 [Forwarding newSession on session null to remote] DEBUG io.netty.util.NetUtilInitializations -- Loopback interface: lo (lo, 0:0:0:0:0:0:0:1%lo)
11:20:35.326 [Forwarding newSession on session null to remote] DEBUG io.netty.util.NetUtil -- /proc/sys/net/core/somaxconn: 4096
11:20:35.326 [Forwarding newSession on session null to remote] DEBUG io.netty.channel.DefaultChannelId -- -Dio.netty.machineId: 50:eb:71:ff:fe:d8:b6:93 (auto-detected)
11:20:35.350 [AsyncHttpClient-1-2] DEBUG io.netty.buffer.AbstractByteBuf -- -Dio.netty.buffer.checkAccessible: true
11:20:35.350 [AsyncHttpClient-1-2] DEBUG io.netty.buffer.AbstractByteBuf -- -Dio.netty.buffer.checkBounds: true
11:20:35.350 [AsyncHttpClient-1-2] DEBUG io.netty.util.ResourceLeakDetectorFactory -- Loaded default ResourceLeakDetector: io.netty.util.ResourceLeakDetector@71224b7e
11:20:35.358 [AsyncHttpClient-1-2] DEBUG org.asynchttpclient.netty.channel.NettyConnectListener -- Using new Channel '[id: 0xa3481f0b, L:/127.0.0.1:41948 - R:localhost/127.0.0.1:12267]' for 'POST' to '/session'
11:20:35.367 [AsyncHttpClient-1-2] DEBUG io.netty.util.Recycler -- -Dio.netty.recycler.maxCapacityPerThread: 4096
11:20:35.367 [AsyncHttpClient-1-2] DEBUG io.netty.util.Recycler -- -Dio.netty.recycler.ratio: 8
11:20:35.367 [AsyncHttpClient-1-2] DEBUG io.netty.util.Recycler -- -Dio.netty.recycler.chunkSize: 32
11:20:35.367 [AsyncHttpClient-1-2] DEBUG io.netty.util.Recycler -- -Dio.netty.recycler.blocking: false
11:20:35.367 [AsyncHttpClient-1-2] DEBUG io.netty.util.Recycler -- -Dio.netty.recycler.batchFastThreadLocalOnly: true
11:20:36.771 [AsyncHttpClient-1-2] DEBUG io.netty.handler.codec.compression.Brotli -- brotli4j not in the classpath; Brotli support will be unavailable.
11:20:36.771 [AsyncHttpClient-1-2] DEBUG org.asynchttpclient.netty.handler.HttpHandler -- 

Request DefaultHttpRequest(decodeResult: success, version: HTTP/1.1)
POST /session HTTP/1.1
User-Agent: selenium/4.5.3 (java unix)
Content-Length: 439
Content-Type: application/json; charset=utf-8
host: localhost:12267
accept: */*

Response DefaultHttpResponse(decodeResult: success, version: HTTP/1.1)
HTTP/1.1 200 OK
Content-Length: 821
Content-Type: application/json; charset=utf-8
cache-control: no-cache

11:20:36.774 [AsyncHttpClient-1-2] DEBUG org.asynchttpclient.netty.channel.ChannelManager -- Adding key: http://localhost:12267 for channel [id: 0xa3481f0b, L:/127.0.0.1:41948 - R:localhost/127.0.0.1:12267]
11:20:36.821 [AsyncHttpClient-1-3] DEBUG org.asynchttpclient.netty.channel.NettyConnectListener -- Using new Channel '[id: 0xc860c955, L:/127.0.0.1:44166 - R:localhost/127.0.0.1:43153]' for 'GET' to '/json/version'
11:20:36.823 [AsyncHttpClient-1-3] DEBUG org.asynchttpclient.netty.handler.HttpHandler -- 

Request DefaultFullHttpRequest(decodeResult: success, version: HTTP/1.1, content: EmptyByteBufBE)
GET /json/version HTTP/1.1
User-Agent: selenium/4.5.3 (java unix)
host: localhost:43153
accept: */*

Response DefaultHttpResponse(decodeResult: success, version: HTTP/1.1)
HTTP/1.1 200 OK
Content-Security-Policy: frame-ancestors 'none'
Content-Length: 404
Content-Type: application/json; charset=UTF-8

11:20:36.823 [AsyncHttpClient-1-3] DEBUG org.asynchttpclient.netty.channel.ChannelManager -- Adding key: http://localhost:43153 for channel [id: 0xc860c955, L:/127.0.0.1:44166 - R:localhost/127.0.0.1:43153]
11:20:36.828 [main] DEBUG io.netty.util.internal.ThreadLocalRandom -- -Dio.netty.initialSeedUniquifier: 0x47effef6ecc23cb2
11:20:36.829 [AsyncHttpClient-1-4] DEBUG org.asynchttpclient.netty.channel.NettyConnectListener -- Using new Channel '[id: 0x20b7b6f0, L:/127.0.0.1:44174 - R:localhost/127.0.0.1:43153]' for 'GET' to '/devtools/browser/8e04e947-2959-4193-9092-9425b1c79200'
11:20:36.832 [AsyncHttpClient-1-4] DEBUG org.asynchttpclient.netty.handler.WebSocketHandler -- 

Request DefaultFullHttpRequest(decodeResult: success, version: HTTP/1.1, content: EmptyByteBufBE)
GET /devtools/browser/8e04e947-2959-4193-9092-9425b1c79200 HTTP/1.1
upgrade: websocket
connection: upgrade
sec-websocket-key: Tp73eo4NZ3LPcqcbE5Eo2Q==
sec-websocket-version: 13
origin: http://localhost:43153
host: localhost:43153
accept: */*
user-agent: AHC/2.1

Response DefaultHttpResponse(decodeResult: success, version: HTTP/1.1)
HTTP/1.1 101 WebSocket Protocol Handshake
Upgrade: WebSocket
Connection: Upgrade
Sec-WebSocket-Accept: E0JLvMqCgY5oxNGVmBzXJnMT6Xs=

11:20:36.875 [AsyncHttpClient-1-5] DEBUG org.asynchttpclient.netty.channel.NettyConnectListener -- Using new Channel '[id: 0x098f3069, L:/127.0.0.1:48204 - R:localhost/127.0.0.1:13771]' for 'POST' to '/session'
11:20:37.166 [AsyncHttpClient-1-5] DEBUG org.asynchttpclient.netty.handler.HttpHandler -- 

Request DefaultHttpRequest(decodeResult: success, version: HTTP/1.1)
POST /session HTTP/1.1
User-Agent: selenium/4.5.3 (java unix)
Content-Length: 439
Content-Type: application/json; charset=utf-8
host: localhost:13771
accept: */*

Response DefaultHttpResponse(decodeResult: success, version: HTTP/1.1)
HTTP/1.1 200 OK
Content-Length: 821
Content-Type: application/json; charset=utf-8
cache-control: no-cache

11:20:37.167 [AsyncHttpClient-1-5] DEBUG org.asynchttpclient.netty.channel.ChannelManager -- Adding key: http://localhost:13771 for channel [id: 0x098f3069, L:/127.0.0.1:48204 - R:localhost/127.0.0.1:13771]
11:20:37.173 [AsyncHttpClient-1-6] DEBUG org.asynchttpclient.netty.channel.NettyConnectListener -- Using new Channel '[id: 0x781d4e47, L:/127.0.0.1:45784 - R:localhost/127.0.0.1:46535]' for 'GET' to '/json/version'
11:20:37.189 [AsyncHttpClient-1-6] DEBUG org.asynchttpclient.netty.handler.HttpHandler -- 

Request DefaultFullHttpRequest(decodeResult: success, version: HTTP/1.1, content: EmptyByteBufBE)
GET /json/version HTTP/1.1
User-Agent: selenium/4.5.3 (java unix)
host: localhost:46535
accept: */*

Response DefaultHttpResponse(decodeResult: success, version: HTTP/1.1)
HTTP/1.1 200 OK
Content-Security-Policy: frame-ancestors 'none'
Content-Length: 404
Content-Type: application/json; charset=UTF-8

11:20:37.189 [AsyncHttpClient-1-6] DEBUG org.asynchttpclient.netty.channel.ChannelManager -- Adding key: http://localhost:46535 for channel [id: 0x781d4e47, L:/127.0.0.1:45784 - R:localhost/127.0.0.1:46535]
11:20:37.192 [AsyncHttpClient-1-7] DEBUG org.asynchttpclient.netty.channel.NettyConnectListener -- Using new Channel '[id: 0x2ca052d7, L:/127.0.0.1:45794 - R:localhost/127.0.0.1:46535]' for 'GET' to '/devtools/browser/067b039f-5635-4735-a578-20ca5bc347ee'
11:20:37.194 [AsyncHttpClient-1-7] DEBUG org.asynchttpclient.netty.handler.WebSocketHandler -- 

Request DefaultFullHttpRequest(decodeResult: success, version: HTTP/1.1, content: EmptyByteBufBE)
GET /devtools/browser/067b039f-5635-4735-a578-20ca5bc347ee HTTP/1.1
upgrade: websocket
connection: upgrade
sec-websocket-key: JNA2+aGfQHs/V6hJ6TMMaA==
sec-websocket-version: 13
origin: http://localhost:46535
host: localhost:46535
accept: */*
user-agent: AHC/2.1

Response DefaultHttpResponse(decodeResult: success, version: HTTP/1.1)
HTTP/1.1 101 WebSocket Protocol Handshake
Upgrade: WebSocket
Connection: Upgrade
Sec-WebSocket-Accept: nOF66xfnU/30jZVuH5v3Bj4oV1w=

11:20:37.201 [Forwarding get on session 980323d0e76fdb94066193777752abb9 to remote] DEBUG org.asynchttpclient.netty.request.NettyRequestSender -- Using pooled Channel '[id: 0xa3481f0b, L:/127.0.0.1:41948 - R:localhost/127.0.0.1:12267]' for 'POST' to 'http://localhost:12267/session/980323d0e76fdb94066193777752abb9/url'
11:20:37.201 [Forwarding get on session 980323d0e76fdb94066193777752abb9 to remote] DEBUG org.asynchttpclient.netty.request.NettyRequestSender -- Using open Channel [id: 0xa3481f0b, L:/127.0.0.1:41948 - R:localhost/127.0.0.1:12267] for POST '/session/980323d0e76fdb94066193777752abb9/url'
11:20:37.295 [AsyncHttpClient-1-1] DEBUG org.asynchttpclient.netty.channel.DefaultChannelPool -- Entry count for : http://localhost:43153 : 1
11:20:37.295 [AsyncHttpClient-1-1] DEBUG org.asynchttpclient.netty.channel.DefaultChannelPool -- Entry count for : http://localhost:46535 : 1
11:20:37.295 [AsyncHttpClient-1-1] DEBUG org.asynchttpclient.netty.channel.DefaultChannelPool -- Entry count for : http://localhost:13771 : 1
11:20:37.323 [AsyncHttpClient-1-2] DEBUG org.asynchttpclient.netty.handler.HttpHandler -- 

Request DefaultHttpRequest(decodeResult: success, version: HTTP/1.1)
POST /session/980323d0e76fdb94066193777752abb9/url HTTP/1.1
User-Agent: selenium/4.5.3 (java unix)
Content-Length: 62
Content-Type: application/json; charset=utf-8
host: localhost:12267
accept: */*

Response DefaultHttpResponse(decodeResult: success, version: HTTP/1.1)
HTTP/1.1 200 OK
Content-Length: 14
Content-Type: application/json; charset=utf-8
cache-control: no-cache

11:20:37.324 [AsyncHttpClient-1-2] DEBUG org.asynchttpclient.netty.channel.ChannelManager -- Adding key: http://localhost:12267 for channel [id: 0xa3481f0b, L:/127.0.0.1:41948 - R:localhost/127.0.0.1:12267]
11:20:37.328 [Forwarding setCurrentWindowSize on session 980323d0e76fdb94066193777752abb9 to remote] DEBUG org.asynchttpclient.netty.request.NettyRequestSender -- Using pooled Channel '[id: 0xa3481f0b, L:/127.0.0.1:41948 - R:localhost/127.0.0.1:12267]' for 'POST' to 'http://localhost:12267/session/980323d0e76fdb94066193777752abb9/window/rect'
11:20:37.329 [Forwarding setCurrentWindowSize on session 980323d0e76fdb94066193777752abb9 to remote] DEBUG org.asynchttpclient.netty.request.NettyRequestSender -- Using open Channel [id: 0xa3481f0b, L:/127.0.0.1:41948 - R:localhost/127.0.0.1:12267] for POST '/session/980323d0e76fdb94066193777752abb9/window/rect'
11:20:37.436 [AsyncHttpClient-1-2] DEBUG org.asynchttpclient.netty.handler.HttpHandler -- 

Request DefaultHttpRequest(decodeResult: success, version: HTTP/1.1)
POST /session/980323d0e76fdb94066193777752abb9/window/rect HTTP/1.1
User-Agent: selenium/4.5.3 (java unix)
Content-Length: 36
Content-Type: application/json; charset=utf-8
host: localhost:12267
accept: */*

Response DefaultHttpResponse(decodeResult: success, version: HTTP/1.1)
HTTP/1.1 200 OK
Content-Length: 51
Content-Type: application/json; charset=utf-8
cache-control: no-cache

11:20:37.437 [AsyncHttpClient-1-2] DEBUG org.asynchttpclient.netty.channel.ChannelManager -- Adding key: http://localhost:12267 for channel [id: 0xa3481f0b, L:/127.0.0.1:41948 - R:localhost/127.0.0.1:12267]
11:20:37.445 [Forwarding findElement on session 980323d0e76fdb94066193777752abb9 to remote] DEBUG org.asynchttpclient.netty.request.NettyRequestSender -- Using pooled Channel '[id: 0xa3481f0b, L:/127.0.0.1:41948 - R:localhost/127.0.0.1:12267]' for 'POST' to 'http://localhost:12267/session/980323d0e76fdb94066193777752abb9/element'
11:20:37.445 [Forwarding findElement on session 980323d0e76fdb94066193777752abb9 to remote] DEBUG org.asynchttpclient.netty.request.NettyRequestSender -- Using open Channel [id: 0xa3481f0b, L:/127.0.0.1:41948 - R:localhost/127.0.0.1:12267] for POST '/session/980323d0e76fdb94066193777752abb9/element'
11:20:37.465 [AsyncHttpClient-1-2] DEBUG org.asynchttpclient.netty.handler.HttpHandler -- 

Request DefaultHttpRequest(decodeResult: success, version: HTTP/1.1)
POST /session/980323d0e76fdb94066193777752abb9/element HTTP/1.1
User-Agent: selenium/4.5.3 (java unix)
Content-Length: 51
Content-Type: application/json; charset=utf-8
host: localhost:12267
accept: */*

Response DefaultHttpResponse(decodeResult: success, version: HTTP/1.1)
HTTP/1.1 200 OK
Content-Length: 94
Content-Type: application/json; charset=utf-8
cache-control: no-cache

11:20:37.465 [AsyncHttpClient-1-2] DEBUG org.asynchttpclient.netty.channel.ChannelManager -- Adding key: http://localhost:12267 for channel [id: 0xa3481f0b, L:/127.0.0.1:41948 - R:localhost/127.0.0.1:12267]
11:20:37.471 [Forwarding sendKeysToElement on session 980323d0e76fdb94066193777752abb9 to remote] DEBUG org.asynchttpclient.netty.request.NettyRequestSender -- Using pooled Channel '[id: 0xa3481f0b, L:/127.0.0.1:41948 - R:localhost/127.0.0.1:12267]' for 'POST' to 'http://localhost:12267/session/980323d0e76fdb94066193777752abb9/element/0F073F8C9F6F944F8182FB644B1218A7_element_5/value'
11:20:37.471 [Forwarding sendKeysToElement on session 980323d0e76fdb94066193777752abb9 to remote] DEBUG org.asynchttpclient.netty.request.NettyRequestSender -- Using open Channel [id: 0xa3481f0b, L:/127.0.0.1:41948 - R:localhost/127.0.0.1:12267] for POST '/session/980323d0e76fdb94066193777752abb9/element/0F073F8C9F6F944F8182FB644B1218A7_element_5/value'
11:20:37.534 [AsyncHttpClient-1-2] DEBUG org.asynchttpclient.netty.handler.HttpHandler -- 

Request DefaultHttpRequest(decodeResult: success, version: HTTP/1.1)
POST /session/980323d0e76fdb94066193777752abb9/element/0F073F8C9F6F944F8182FB644B1218A7_element_5/value HTTP/1.1
User-Agent: selenium/4.5.3 (java unix)
Content-Length: 157
Content-Type: application/json; charset=utf-8
host: localhost:12267
accept: */*

Response DefaultHttpResponse(decodeResult: success, version: HTTP/1.1)
HTTP/1.1 200 OK
Content-Length: 14
Content-Type: application/json; charset=utf-8
cache-control: no-cache

11:20:37.534 [AsyncHttpClient-1-2] DEBUG org.asynchttpclient.netty.channel.ChannelManager -- Adding key: http://localhost:12267 for channel [id: 0xa3481f0b, L:/127.0.0.1:41948 - R:localhost/127.0.0.1:12267]
11:20:37.536 [Forwarding findElement on session 980323d0e76fdb94066193777752abb9 to remote] DEBUG org.asynchttpclient.netty.request.NettyRequestSender -- Using pooled Channel '[id: 0xa3481f0b, L:/127.0.0.1:41948 - R:localhost/127.0.0.1:12267]' for 'POST' to 'http://localhost:12267/session/980323d0e76fdb94066193777752abb9/element'
11:20:37.536 [Forwarding findElement on session 980323d0e76fdb94066193777752abb9 to remote] DEBUG org.asynchttpclient.netty.request.NettyRequestSender -- Using open Channel [id: 0xa3481f0b, L:/127.0.0.1:41948 - R:localhost/127.0.0.1:12267] for POST '/session/980323d0e76fdb94066193777752abb9/element'
11:20:37.545 [AsyncHttpClient-1-2] DEBUG org.asynchttpclient.netty.handler.HttpHandler -- 

Request DefaultHttpRequest(decodeResult: success, version: HTTP/1.1)
POST /session/980323d0e76fdb94066193777752abb9/element HTTP/1.1
User-Agent: selenium/4.5.3 (java unix)
Content-Length: 57
Content-Type: application/json; charset=utf-8
host: localhost:12267
accept: */*

Response DefaultHttpResponse(decodeResult: success, version: HTTP/1.1)
HTTP/1.1 200 OK
Content-Length: 94
Content-Type: application/json; charset=utf-8
cache-control: no-cache

11:20:37.545 [AsyncHttpClient-1-2] DEBUG org.asynchttpclient.netty.channel.ChannelManager -- Adding key: http://localhost:12267 for channel [id: 0xa3481f0b, L:/127.0.0.1:41948 - R:localhost/127.0.0.1:12267]
11:20:37.547 [Forwarding clickElement on session 980323d0e76fdb94066193777752abb9 to remote] DEBUG org.asynchttpclient.netty.request.NettyRequestSender -- Using pooled Channel '[id: 0xa3481f0b, L:/127.0.0.1:41948 - R:localhost/127.0.0.1:12267]' for 'POST' to 'http://localhost:12267/session/980323d0e76fdb94066193777752abb9/element/0F073F8C9F6F944F8182FB644B1218A7_element_6/click'
11:20:37.547 [Forwarding clickElement on session 980323d0e76fdb94066193777752abb9 to remote] DEBUG org.asynchttpclient.netty.request.NettyRequestSender -- Using open Channel [id: 0xa3481f0b, L:/127.0.0.1:41948 - R:localhost/127.0.0.1:12267] for POST '/session/980323d0e76fdb94066193777752abb9/element/0F073F8C9F6F944F8182FB644B1218A7_element_6/click'
11:20:37.579 [AsyncHttpClient-1-2] DEBUG org.asynchttpclient.netty.handler.HttpHandler -- 

Request DefaultHttpRequest(decodeResult: success, version: HTTP/1.1)
POST /session/980323d0e76fdb94066193777752abb9/element/0F073F8C9F6F944F8182FB644B1218A7_element_6/click HTTP/1.1
User-Agent: selenium/4.5.3 (java unix)
Content-Length: 56
Content-Type: application/json; charset=utf-8
host: localhost:12267
accept: */*

Response DefaultHttpResponse(decodeResult: success, version: HTTP/1.1)
HTTP/1.1 200 OK
Content-Length: 14
Content-Type: application/json; charset=utf-8
cache-control: no-cache

11:20:37.579 [AsyncHttpClient-1-2] DEBUG org.asynchttpclient.netty.channel.ChannelManager -- Adding key: http://localhost:12267 for channel [id: 0xa3481f0b, L:/127.0.0.1:41948 - R:localhost/127.0.0.1:12267]
11:20:37.581 [Forwarding get on session d5f836de57bf18f3925de57034bff49a to remote] DEBUG org.asynchttpclient.netty.request.NettyRequestSender -- Using pooled Channel '[id: 0x098f3069, L:/127.0.0.1:48204 - R:localhost/127.0.0.1:13771]' for 'POST' to 'http://localhost:13771/session/d5f836de57bf18f3925de57034bff49a/url'
11:20:37.581 [Forwarding get on session d5f836de57bf18f3925de57034bff49a to remote] DEBUG org.asynchttpclient.netty.request.NettyRequestSender -- Using open Channel [id: 0x098f3069, L:/127.0.0.1:48204 - R:localhost/127.0.0.1:13771] for POST '/session/d5f836de57bf18f3925de57034bff49a/url'
11:20:37.638 [AsyncHttpClient-1-5] DEBUG org.asynchttpclient.netty.handler.HttpHandler -- 

Request DefaultHttpRequest(decodeResult: success, version: HTTP/1.1)
POST /session/d5f836de57bf18f3925de57034bff49a/url HTTP/1.1
User-Agent: selenium/4.5.3 (java unix)
Content-Length: 62
Content-Type: application/json; charset=utf-8
host: localhost:13771
accept: */*

Response DefaultHttpResponse(decodeResult: success, version: HTTP/1.1)
HTTP/1.1 200 OK
Content-Length: 14
Content-Type: application/json; charset=utf-8
cache-control: no-cache

11:20:37.639 [AsyncHttpClient-1-5] DEBUG org.asynchttpclient.netty.channel.ChannelManager -- Adding key: http://localhost:13771 for channel [id: 0x098f3069, L:/127.0.0.1:48204 - R:localhost/127.0.0.1:13771]
11:20:37.641 [Forwarding setCurrentWindowSize on session d5f836de57bf18f3925de57034bff49a to remote] DEBUG org.asynchttpclient.netty.request.NettyRequestSender -- Using pooled Channel '[id: 0x098f3069, L:/127.0.0.1:48204 - R:localhost/127.0.0.1:13771]' for 'POST' to 'http://localhost:13771/session/d5f836de57bf18f3925de57034bff49a/window/rect'
11:20:37.641 [Forwarding setCurrentWindowSize on session d5f836de57bf18f3925de57034bff49a to remote] DEBUG org.asynchttpclient.netty.request.NettyRequestSender -- Using open Channel [id: 0x098f3069, L:/127.0.0.1:48204 - R:localhost/127.0.0.1:13771] for POST '/session/d5f836de57bf18f3925de57034bff49a/window/rect'
11:20:37.749 [AsyncHttpClient-1-5] DEBUG org.asynchttpclient.netty.handler.HttpHandler -- 

Request DefaultHttpRequest(decodeResult: success, version: HTTP/1.1)
POST /session/d5f836de57bf18f3925de57034bff49a/window/rect HTTP/1.1
User-Agent: selenium/4.5.3 (java unix)
Content-Length: 36
Content-Type: application/json; charset=utf-8
host: localhost:13771
accept: */*

Response DefaultHttpResponse(decodeResult: success, version: HTTP/1.1)
HTTP/1.1 200 OK
Content-Length: 51
Content-Type: application/json; charset=utf-8
cache-control: no-cache

11:20:37.750 [AsyncHttpClient-1-5] DEBUG org.asynchttpclient.netty.channel.ChannelManager -- Adding key: http://localhost:13771 for channel [id: 0x098f3069, L:/127.0.0.1:48204 - R:localhost/127.0.0.1:13771]
11:20:37.756 [Forwarding findElement on session d5f836de57bf18f3925de57034bff49a to remote] DEBUG org.asynchttpclient.netty.request.NettyRequestSender -- Using pooled Channel '[id: 0x098f3069, L:/127.0.0.1:48204 - R:localhost/127.0.0.1:13771]' for 'POST' to 'http://localhost:13771/session/d5f836de57bf18f3925de57034bff49a/element'
11:20:37.756 [Forwarding findElement on session d5f836de57bf18f3925de57034bff49a to remote] DEBUG org.asynchttpclient.netty.request.NettyRequestSender -- Using open Channel [id: 0x098f3069, L:/127.0.0.1:48204 - R:localhost/127.0.0.1:13771] for POST '/session/d5f836de57bf18f3925de57034bff49a/element'
11:20:37.839 [AsyncHttpClient-1-5] DEBUG org.asynchttpclient.netty.handler.HttpHandler -- 

Request DefaultHttpRequest(decodeResult: success, version: HTTP/1.1)
POST /session/d5f836de57bf18f3925de57034bff49a/element HTTP/1.1
User-Agent: selenium/4.5.3 (java unix)
Content-Length: 51
Content-Type: application/json; charset=utf-8
host: localhost:13771
accept: */*

Response DefaultHttpResponse(decodeResult: success, version: HTTP/1.1)
HTTP/1.1 200 OK
Content-Length: 94
Content-Type: application/json; charset=utf-8
cache-control: no-cache

11:20:37.839 [AsyncHttpClient-1-5] DEBUG org.asynchttpclient.netty.channel.ChannelManager -- Adding key: http://localhost:13771 for channel [id: 0x098f3069, L:/127.0.0.1:48204 - R:localhost/127.0.0.1:13771]
11:20:37.844 [Forwarding sendKeysToElement on session d5f836de57bf18f3925de57034bff49a to remote] DEBUG org.asynchttpclient.netty.request.NettyRequestSender -- Using pooled Channel '[id: 0x098f3069, L:/127.0.0.1:48204 - R:localhost/127.0.0.1:13771]' for 'POST' to 'http://localhost:13771/session/d5f836de57bf18f3925de57034bff49a/element/9AC74EB09DAEF5A4808532D916C30D60_element_5/value'
11:20:37.844 [Forwarding sendKeysToElement on session d5f836de57bf18f3925de57034bff49a to remote] DEBUG org.asynchttpclient.netty.request.NettyRequestSender -- Using open Channel [id: 0x098f3069, L:/127.0.0.1:48204 - R:localhost/127.0.0.1:13771] for POST '/session/d5f836de57bf18f3925de57034bff49a/element/9AC74EB09DAEF5A4808532D916C30D60_element_5/value'
11:20:37.912 [AsyncHttpClient-1-5] DEBUG org.asynchttpclient.netty.handler.HttpHandler -- 

Request DefaultHttpRequest(decodeResult: success, version: HTTP/1.1)
POST /session/d5f836de57bf18f3925de57034bff49a/element/9AC74EB09DAEF5A4808532D916C30D60_element_5/value HTTP/1.1
User-Agent: selenium/4.5.3 (java unix)
Content-Length: 147
Content-Type: application/json; charset=utf-8
host: localhost:13771
accept: */*

Response DefaultHttpResponse(decodeResult: success, version: HTTP/1.1)
HTTP/1.1 200 OK
Content-Length: 14
Content-Type: application/json; charset=utf-8
cache-control: no-cache

11:20:37.912 [AsyncHttpClient-1-5] DEBUG org.asynchttpclient.netty.channel.ChannelManager -- Adding key: http://localhost:13771 for channel [id: 0x098f3069, L:/127.0.0.1:48204 - R:localhost/127.0.0.1:13771]
11:20:37.913 [Forwarding findElement on session d5f836de57bf18f3925de57034bff49a to remote] DEBUG org.asynchttpclient.netty.request.NettyRequestSender -- Using pooled Channel '[id: 0x098f3069, L:/127.0.0.1:48204 - R:localhost/127.0.0.1:13771]' for 'POST' to 'http://localhost:13771/session/d5f836de57bf18f3925de57034bff49a/element'
11:20:37.913 [Forwarding findElement on session d5f836de57bf18f3925de57034bff49a to remote] DEBUG org.asynchttpclient.netty.request.NettyRequestSender -- Using open Channel [id: 0x098f3069, L:/127.0.0.1:48204 - R:localhost/127.0.0.1:13771] for POST '/session/d5f836de57bf18f3925de57034bff49a/element'
11:20:37.920 [AsyncHttpClient-1-5] DEBUG org.asynchttpclient.netty.handler.HttpHandler -- 

Request DefaultHttpRequest(decodeResult: success, version: HTTP/1.1)
POST /session/d5f836de57bf18f3925de57034bff49a/element HTTP/1.1
User-Agent: selenium/4.5.3 (java unix)
Content-Length: 57
Content-Type: application/json; charset=utf-8
host: localhost:13771
accept: */*

Response DefaultHttpResponse(decodeResult: success, version: HTTP/1.1)
HTTP/1.1 200 OK
Content-Length: 94
Content-Type: application/json; charset=utf-8
cache-control: no-cache

11:20:37.921 [AsyncHttpClient-1-5] DEBUG org.asynchttpclient.netty.channel.ChannelManager -- Adding key: http://localhost:13771 for channel [id: 0x098f3069, L:/127.0.0.1:48204 - R:localhost/127.0.0.1:13771]
11:20:37.922 [Forwarding clickElement on session d5f836de57bf18f3925de57034bff49a to remote] DEBUG org.asynchttpclient.netty.request.NettyRequestSender -- Using pooled Channel '[id: 0x098f3069, L:/127.0.0.1:48204 - R:localhost/127.0.0.1:13771]' for 'POST' to 'http://localhost:13771/session/d5f836de57bf18f3925de57034bff49a/element/9AC74EB09DAEF5A4808532D916C30D60_element_6/click'
11:20:37.922 [Forwarding clickElement on session d5f836de57bf18f3925de57034bff49a to remote] DEBUG org.asynchttpclient.netty.request.NettyRequestSender -- Using open Channel [id: 0x098f3069, L:/127.0.0.1:48204 - R:localhost/127.0.0.1:13771] for POST '/session/d5f836de57bf18f3925de57034bff49a/element/9AC74EB09DAEF5A4808532D916C30D60_element_6/click'
11:20:37.948 [AsyncHttpClient-1-5] DEBUG org.asynchttpclient.netty.handler.HttpHandler -- 

Request DefaultHttpRequest(decodeResult: success, version: HTTP/1.1)
POST /session/d5f836de57bf18f3925de57034bff49a/element/9AC74EB09DAEF5A4808532D916C30D60_element_6/click HTTP/1.1
User-Agent: selenium/4.5.3 (java unix)
Content-Length: 56
Content-Type: application/json; charset=utf-8
host: localhost:13771
accept: */*

Response DefaultHttpResponse(decodeResult: success, version: HTTP/1.1)
HTTP/1.1 200 OK
Content-Length: 14
Content-Type: application/json; charset=utf-8
cache-control: no-cache

11:20:37.948 [AsyncHttpClient-1-5] DEBUG org.asynchttpclient.netty.channel.ChannelManager -- Adding key: http://localhost:13771 for channel [id: 0x098f3069, L:/127.0.0.1:48204 - R:localhost/127.0.0.1:13771]
11:20:37.950 [Forwarding findElement on session 980323d0e76fdb94066193777752abb9 to remote] DEBUG org.asynchttpclient.netty.request.NettyRequestSender -- Using pooled Channel '[id: 0xa3481f0b, L:/127.0.0.1:41948 - R:localhost/127.0.0.1:12267]' for 'POST' to 'http://localhost:12267/session/980323d0e76fdb94066193777752abb9/element'
11:20:37.950 [Forwarding findElement on session 980323d0e76fdb94066193777752abb9 to remote] DEBUG org.asynchttpclient.netty.request.NettyRequestSender -- Using open Channel [id: 0xa3481f0b, L:/127.0.0.1:41948 - R:localhost/127.0.0.1:12267] for POST '/session/980323d0e76fdb94066193777752abb9/element'
11:20:37.959 [AsyncHttpClient-1-2] DEBUG org.asynchttpclient.netty.handler.HttpHandler -- 

Request DefaultHttpRequest(decodeResult: success, version: HTTP/1.1)
POST /session/980323d0e76fdb94066193777752abb9/element HTTP/1.1
User-Agent: selenium/4.5.3 (java unix)
Content-Length: 53
Content-Type: application/json; charset=utf-8
host: localhost:12267
accept: */*

Response DefaultHttpResponse(decodeResult: success, version: HTTP/1.1)
HTTP/1.1 200 OK
Content-Length: 94
Content-Type: application/json; charset=utf-8
cache-control: no-cache

11:20:37.960 [AsyncHttpClient-1-2] DEBUG org.asynchttpclient.netty.channel.ChannelManager -- Adding key: http://localhost:12267 for channel [id: 0xa3481f0b, L:/127.0.0.1:41948 - R:localhost/127.0.0.1:12267]
11:20:38.395 [AsyncHttpClient-1-1] DEBUG org.asynchttpclient.netty.channel.DefaultChannelPool -- Entry count for : http://localhost:12267 : 1
11:20:38.395 [AsyncHttpClient-1-1] DEBUG org.asynchttpclient.netty.channel.DefaultChannelPool -- Entry count for : http://localhost:43153 : 1
11:20:38.396 [AsyncHttpClient-1-1] DEBUG org.asynchttpclient.netty.channel.DefaultChannelPool -- Entry count for : http://localhost:46535 : 1
11:20:38.396 [AsyncHttpClient-1-1] DEBUG org.asynchttpclient.netty.channel.DefaultChannelPool -- Entry count for : http://localhost:13771 : 1
11:20:38.461 [Forwarding getElementText on session 980323d0e76fdb94066193777752abb9 to remote] DEBUG org.asynchttpclient.netty.request.NettyRequestSender -- Using pooled Channel '[id: 0xa3481f0b, L:/127.0.0.1:41948 - R:localhost/127.0.0.1:12267]' for 'GET' to 'http://localhost:12267/session/980323d0e76fdb94066193777752abb9/element/0F073F8C9F6F944F8182FB644B1218A7_element_8/text'
11:20:38.461 [Forwarding getElementText on session 980323d0e76fdb94066193777752abb9 to remote] DEBUG org.asynchttpclient.netty.request.NettyRequestSender -- Using open Channel [id: 0xa3481f0b, L:/127.0.0.1:41948 - R:localhost/127.0.0.1:12267] for GET '/session/980323d0e76fdb94066193777752abb9/element/0F073F8C9F6F944F8182FB644B1218A7_element_8/text'
11:20:38.472 [AsyncHttpClient-1-2] DEBUG org.asynchttpclient.netty.handler.HttpHandler -- 

Request DefaultFullHttpRequest(decodeResult: success, version: HTTP/1.1, content: EmptyByteBufBE)
GET /session/980323d0e76fdb94066193777752abb9/element/0F073F8C9F6F944F8182FB644B1218A7_element_8/text HTTP/1.1
User-Agent: selenium/4.5.3 (java unix)
Cache-Control: no-cache
Content-Type: application/json; charset=utf-8
host: localhost:12267
accept: */*

Response DefaultHttpResponse(decodeResult: success, version: HTTP/1.1)
HTTP/1.1 200 OK
Content-Length: 31
Content-Type: application/json; charset=utf-8
cache-control: no-cache

11:20:38.473 [AsyncHttpClient-1-2] DEBUG org.asynchttpclient.netty.channel.ChannelManager -- Adding key: http://localhost:12267 for channel [id: 0xa3481f0b, L:/127.0.0.1:41948 - R:localhost/127.0.0.1:12267]
11:20:38.510 [Driver Command Executor] DEBUG org.asynchttpclient.netty.request.NettyRequestSender -- Using pooled Channel '[id: 0xa3481f0b, L:/127.0.0.1:41948 - R:localhost/127.0.0.1:12267]' for 'DELETE' to 'http://localhost:12267/session/980323d0e76fdb94066193777752abb9'
11:20:38.510 [Driver Command Executor] DEBUG org.asynchttpclient.netty.request.NettyRequestSender -- Using open Channel [id: 0xa3481f0b, L:/127.0.0.1:41948 - R:localhost/127.0.0.1:12267] for DELETE '/session/980323d0e76fdb94066193777752abb9'
11:20:38.511 [AsyncHttpClient-1-4] DEBUG org.asynchttpclient.netty.handler.WebSocketHandler -- Channel Closed: [id: 0x20b7b6f0, L:/127.0.0.1:44174 ! R:localhost/127.0.0.1:43153] with attribute NettyResponseFuture{currentRetry=0,
	isDone=1,
	isCancelled=0,
	asyncHandler=org.asynchttpclient.ws.WebSocketUpgradeHandler@60e7bd16,
	nettyRequest=org.asynchttpclient.netty.request.NettyRequest@70c79340,
	future=java.util.concurrent.CompletableFuture@180ffeea[Completed normally],
	uri=ws://localhost:43153/devtools/browser/8e04e947-2959-4193-9092-9425b1c79200,
	keepAlive=true,
	redirectCount=0,
	timeoutsHolder=null,
	inAuth=0,
	touch=1683192036837}
11:20:38.511 [AsyncHttpClient-1-4] DEBUG org.asynchttpclient.netty.channel.ChannelManager -- Closing Channel [id: 0x20b7b6f0, L:/127.0.0.1:44174 ! R:localhost/127.0.0.1:43153] 
11:20:38.515 [AsyncHttpClient-1-3] DEBUG org.asynchttpclient.netty.handler.HttpHandler -- Channel Closed: [id: 0xc860c955, L:/127.0.0.1:44166 ! R:localhost/127.0.0.1:43153] with attribute DISCARD
11:20:38.561 [AsyncHttpClient-1-2] DEBUG org.asynchttpclient.netty.handler.HttpHandler -- 

Request DefaultFullHttpRequest(decodeResult: success, version: HTTP/1.1, content: EmptyByteBufBE)
DELETE /session/980323d0e76fdb94066193777752abb9 HTTP/1.1
User-Agent: selenium/4.5.3 (java unix)
Content-Type: application/json; charset=utf-8
host: localhost:12267
accept: */*

Response DefaultHttpResponse(decodeResult: success, version: HTTP/1.1)
HTTP/1.1 200 OK
Content-Length: 14
Content-Type: application/json; charset=utf-8
cache-control: no-cache

11:20:38.561 [AsyncHttpClient-1-2] DEBUG org.asynchttpclient.netty.channel.ChannelManager -- Adding key: http://localhost:12267 for channel [id: 0xa3481f0b, L:/127.0.0.1:41948 - R:localhost/127.0.0.1:12267]
11:20:38.563 [AsyncHttpClient-1-2] DEBUG org.asynchttpclient.netty.handler.HttpHandler -- Channel Closed: [id: 0xa3481f0b, L:/127.0.0.1:41948 ! R:localhost/127.0.0.1:12267] with attribute DISCARD
11:20:38.610 [AsyncHttpClient-1-7] DEBUG org.asynchttpclient.netty.handler.WebSocketHandler -- Channel Closed: [id: 0x2ca052d7, L:/127.0.0.1:45794 ! R:localhost/127.0.0.1:46535] with attribute NettyResponseFuture{currentRetry=0,
	isDone=1,
	isCancelled=0,
	asyncHandler=org.asynchttpclient.ws.WebSocketUpgradeHandler@5f64c03e,
	nettyRequest=org.asynchttpclient.netty.request.NettyRequest@1a6655b6,
	future=java.util.concurrent.CompletableFuture@2a105b6f[Completed normally],
	uri=ws://localhost:46535/devtools/browser/067b039f-5635-4735-a578-20ca5bc347ee,
	keepAlive=true,
	redirectCount=0,
	timeoutsHolder=null,
	inAuth=0,
	touch=1683192037195}
11:20:38.610 [AsyncHttpClient-1-7] DEBUG org.asynchttpclient.netty.channel.ChannelManager -- Closing Channel [id: 0x2ca052d7, L:/127.0.0.1:45794 ! R:localhost/127.0.0.1:46535] 
11:20:38.610 [Driver Command Executor] DEBUG org.asynchttpclient.netty.request.NettyRequestSender -- Using pooled Channel '[id: 0x098f3069, L:/127.0.0.1:48204 - R:localhost/127.0.0.1:13771]' for 'DELETE' to 'http://localhost:13771/session/d5f836de57bf18f3925de57034bff49a'
11:20:38.610 [Driver Command Executor] DEBUG org.asynchttpclient.netty.request.NettyRequestSender -- Using open Channel [id: 0x098f3069, L:/127.0.0.1:48204 - R:localhost/127.0.0.1:13771] for DELETE '/session/d5f836de57bf18f3925de57034bff49a'
11:20:38.616 [AsyncHttpClient-1-6] DEBUG org.asynchttpclient.netty.handler.HttpHandler -- Channel Closed: [id: 0x781d4e47, L:/127.0.0.1:45784 ! R:localhost/127.0.0.1:46535] with attribute DISCARD
11:20:38.662 [AsyncHttpClient-1-5] DEBUG org.asynchttpclient.netty.handler.HttpHandler -- 

Request DefaultFullHttpRequest(decodeResult: success, version: HTTP/1.1, content: EmptyByteBufBE)
DELETE /session/d5f836de57bf18f3925de57034bff49a HTTP/1.1
User-Agent: selenium/4.5.3 (java unix)
Content-Type: application/json; charset=utf-8
host: localhost:13771
accept: */*

Response DefaultHttpResponse(decodeResult: success, version: HTTP/1.1)
HTTP/1.1 200 OK
Content-Length: 14
Content-Type: application/json; charset=utf-8
cache-control: no-cache

11:20:38.662 [AsyncHttpClient-1-5] DEBUG org.asynchttpclient.netty.channel.ChannelManager -- Adding key: http://localhost:13771 for channel [id: 0x098f3069, L:/127.0.0.1:48204 - R:localhost/127.0.0.1:13771]
11:20:38.663 [AsyncHttpClient-1-5] DEBUG org.asynchttpclient.netty.handler.HttpHandler -- Channel Closed: [id: 0x098f3069, L:/127.0.0.1:48204 ! R:localhost/127.0.0.1:13771] with attribute DISCARD
]]></system-out>
    <system-err><![CDATA[Starting ChromeDriver 113.0.5672.63 (0e1a4471d5ae5bf128b1bd8f4d627c8cbd55f70c-refs/branch-heads/5672@{#912}) on port 12267
Only local connections are allowed.
Please see https://chromedriver.chromium.org/security-considerations for suggestions on keeping ChromeDriver safe.
ChromeDriver was started successfully.
may 04, 2023 11:20:36 A. M. org.openqa.selenium.devtools.CdpVersionFinder findNearestMatch
ADVERTENCIA: Unable to find CDP implementation matching 113
may 04, 2023 11:20:36 A. M. org.openqa.selenium.chromium.ChromiumDriver lambda$new$3
ADVERTENCIA: Unable to find version of CDP to use for . You may need to include a dependency on a specific version of the CDP using something similar to `org.seleniumhq.selenium:selenium-devtools-v86:4.5.3` where the version ("v86") matches the version of the chromium-based browser you're using and the version number of the artifact is the same as Selenium's.
Starting ChromeDriver 113.0.5672.63 (0e1a4471d5ae5bf128b1bd8f4d627c8cbd55f70c-refs/branch-heads/5672@{#912}) on port 13771
Only local connections are allowed.
Please see https://chromedriver.chromium.org/security-considerations for suggestions on keeping ChromeDriver safe.
ChromeDriver was started successfully.
may 04, 2023 11:20:37 A. M. org.openqa.selenium.devtools.CdpVersionFinder findNearestMatch
ADVERTENCIA: Unable to find CDP implementation matching 113
may 04, 2023 11:20:37 A. M. org.openqa.selenium.chromium.ChromiumDriver lambda$new$3
ADVERTENCIA: Unable to find version of CDP to use for . You may need to include a dependency on a specific version of the CDP using something similar to `org.seleniumhq.selenium:selenium-devtools-v86:4.5.3` where the version ("v86") matches the version of the chromium-based browser you're using and the version number of the artifact is the same as Selenium's.
]]></system-err>
  </testcase>
  <testcase name="salida" classname="es.uma.informatica.sii.practica.websockets.tests.WebsocketsIT" time="2.205">
    <system-out><![CDATA[11:20:38.736 [AsyncHttpClient-1-8] DEBUG org.asynchttpclient.netty.channel.NettyConnectListener -- Using new Channel '[id: 0xbcd055a6, L:/127.0.0.1:42246 - R:localhost/127.0.0.1:2083]' for 'POST' to '/session'
11:20:39.051 [AsyncHttpClient-1-8] DEBUG org.asynchttpclient.netty.handler.HttpHandler -- 

Request DefaultHttpRequest(decodeResult: success, version: HTTP/1.1)
POST /session HTTP/1.1
User-Agent: selenium/4.5.3 (java unix)
Content-Length: 439
Content-Type: application/json; charset=utf-8
host: localhost:2083
accept: */*

Response DefaultHttpResponse(decodeResult: success, version: HTTP/1.1)
HTTP/1.1 200 OK
Content-Length: 821
Content-Type: application/json; charset=utf-8
cache-control: no-cache

11:20:39.051 [AsyncHttpClient-1-8] DEBUG org.asynchttpclient.netty.channel.ChannelManager -- Adding key: http://localhost:2083 for channel [id: 0xbcd055a6, L:/127.0.0.1:42246 - R:localhost/127.0.0.1:2083]
11:20:39.056 [AsyncHttpClient-1-9] DEBUG org.asynchttpclient.netty.channel.NettyConnectListener -- Using new Channel '[id: 0x2fceaccd, L:/127.0.0.1:44984 - R:localhost/127.0.0.1:39361]' for 'GET' to '/json/version'
11:20:39.071 [AsyncHttpClient-1-9] DEBUG org.asynchttpclient.netty.handler.HttpHandler -- 

Request DefaultFullHttpRequest(decodeResult: success, version: HTTP/1.1, content: EmptyByteBufBE)
GET /json/version HTTP/1.1
User-Agent: selenium/4.5.3 (java unix)
host: localhost:39361
accept: */*

Response DefaultHttpResponse(decodeResult: success, version: HTTP/1.1)
HTTP/1.1 200 OK
Content-Security-Policy: frame-ancestors 'none'
Content-Length: 404
Content-Type: application/json; charset=UTF-8

11:20:39.071 [AsyncHttpClient-1-9] DEBUG org.asynchttpclient.netty.channel.ChannelManager -- Adding key: http://localhost:39361 for channel [id: 0x2fceaccd, L:/127.0.0.1:44984 - R:localhost/127.0.0.1:39361]
11:20:39.074 [AsyncHttpClient-1-10] DEBUG org.asynchttpclient.netty.channel.NettyConnectListener -- Using new Channel '[id: 0x10e42a8c, L:/127.0.0.1:44998 - R:localhost/127.0.0.1:39361]' for 'GET' to '/devtools/browser/70d87cb6-efa8-4bdb-91d1-f648a28af8cf'
11:20:39.076 [AsyncHttpClient-1-10] DEBUG org.asynchttpclient.netty.handler.WebSocketHandler -- 

Request DefaultFullHttpRequest(decodeResult: success, version: HTTP/1.1, content: EmptyByteBufBE)
GET /devtools/browser/70d87cb6-efa8-4bdb-91d1-f648a28af8cf HTTP/1.1
upgrade: websocket
connection: upgrade
sec-websocket-key: Y8sYRGYA0sTqPtlFvdawlA==
sec-websocket-version: 13
origin: http://localhost:39361
host: localhost:39361
accept: */*
user-agent: AHC/2.1

Response DefaultHttpResponse(decodeResult: success, version: HTTP/1.1)
HTTP/1.1 101 WebSocket Protocol Handshake
Upgrade: WebSocket
Connection: Upgrade
Sec-WebSocket-Accept: ZrQ9fUFmCL/2+rc9Lhhezcv0XOk=

11:20:39.098 [AsyncHttpClient-1-11] DEBUG org.asynchttpclient.netty.channel.NettyConnectListener -- Using new Channel '[id: 0xbeb9f968, L:/127.0.0.1:46734 - R:localhost/127.0.0.1:22444]' for 'POST' to '/session'
11:20:39.368 [AsyncHttpClient-1-11] DEBUG org.asynchttpclient.netty.handler.HttpHandler -- 

Request DefaultHttpRequest(decodeResult: success, version: HTTP/1.1)
POST /session HTTP/1.1
User-Agent: selenium/4.5.3 (java unix)
Content-Length: 439
Content-Type: application/json; charset=utf-8
host: localhost:22444
accept: */*

Response DefaultHttpResponse(decodeResult: success, version: HTTP/1.1)
HTTP/1.1 200 OK
Content-Length: 821
Content-Type: application/json; charset=utf-8
cache-control: no-cache

11:20:39.368 [AsyncHttpClient-1-11] DEBUG org.asynchttpclient.netty.channel.ChannelManager -- Adding key: http://localhost:22444 for channel [id: 0xbeb9f968, L:/127.0.0.1:46734 - R:localhost/127.0.0.1:22444]
11:20:39.374 [AsyncHttpClient-1-12] DEBUG org.asynchttpclient.netty.channel.NettyConnectListener -- Using new Channel '[id: 0x5468be28, L:/127.0.0.1:36500 - R:localhost/127.0.0.1:37343]' for 'GET' to '/json/version'
11:20:39.408 [AsyncHttpClient-1-12] DEBUG org.asynchttpclient.netty.handler.HttpHandler -- 

Request DefaultFullHttpRequest(decodeResult: success, version: HTTP/1.1, content: EmptyByteBufBE)
GET /json/version HTTP/1.1
User-Agent: selenium/4.5.3 (java unix)
host: localhost:37343
accept: */*

Response DefaultHttpResponse(decodeResult: success, version: HTTP/1.1)
HTTP/1.1 200 OK
Content-Security-Policy: frame-ancestors 'none'
Content-Length: 404
Content-Type: application/json; charset=UTF-8

11:20:39.410 [AsyncHttpClient-1-12] DEBUG org.asynchttpclient.netty.channel.ChannelManager -- Adding key: http://localhost:37343 for channel [id: 0x5468be28, L:/127.0.0.1:36500 - R:localhost/127.0.0.1:37343]
11:20:39.421 [AsyncHttpClient-1-13] DEBUG org.asynchttpclient.netty.channel.NettyConnectListener -- Using new Channel '[id: 0x013e5e6a, L:/127.0.0.1:36514 - R:localhost/127.0.0.1:37343]' for 'GET' to '/devtools/browser/9c3abd1b-7e65-4327-9c3b-c26db6578c2f'
11:20:39.434 [AsyncHttpClient-1-13] DEBUG org.asynchttpclient.netty.handler.WebSocketHandler -- 

Request DefaultFullHttpRequest(decodeResult: success, version: HTTP/1.1, content: EmptyByteBufBE)
GET /devtools/browser/9c3abd1b-7e65-4327-9c3b-c26db6578c2f HTTP/1.1
upgrade: websocket
connection: upgrade
sec-websocket-key: kCMEJOg57VPbwxg04e+QKw==
sec-websocket-version: 13
origin: http://localhost:37343
host: localhost:37343
accept: */*
user-agent: AHC/2.1

Response DefaultHttpResponse(decodeResult: success, version: HTTP/1.1)
HTTP/1.1 101 WebSocket Protocol Handshake
Upgrade: WebSocket
Connection: Upgrade
Sec-WebSocket-Accept: jdgNtNQJlzyVPTWgFOYgPHSCAkw=

11:20:39.443 [Forwarding get on session 21edf3a5ee4c1078bb46dadf58cdf244 to remote] DEBUG org.asynchttpclient.netty.request.NettyRequestSender -- Using pooled Channel '[id: 0xbcd055a6, L:/127.0.0.1:42246 - R:localhost/127.0.0.1:2083]' for 'POST' to 'http://localhost:2083/session/21edf3a5ee4c1078bb46dadf58cdf244/url'
11:20:39.443 [Forwarding get on session 21edf3a5ee4c1078bb46dadf58cdf244 to remote] DEBUG org.asynchttpclient.netty.request.NettyRequestSender -- Using open Channel [id: 0xbcd055a6, L:/127.0.0.1:42246 - R:localhost/127.0.0.1:2083] for POST '/session/21edf3a5ee4c1078bb46dadf58cdf244/url'
11:20:39.494 [AsyncHttpClient-1-1] DEBUG org.asynchttpclient.netty.channel.DefaultChannelPool -- Entry count for : http://localhost:12267 : 1
11:20:39.494 [AsyncHttpClient-1-1] DEBUG org.asynchttpclient.netty.channel.DefaultChannelPool -- Entry count for : http://localhost:37343 : 1
11:20:39.494 [AsyncHttpClient-1-1] DEBUG org.asynchttpclient.netty.channel.DefaultChannelPool -- Entry count for : http://localhost:43153 : 1
11:20:39.494 [AsyncHttpClient-1-1] DEBUG org.asynchttpclient.netty.channel.DefaultChannelPool -- Entry count for : http://localhost:39361 : 1
11:20:39.494 [AsyncHttpClient-1-1] DEBUG org.asynchttpclient.netty.channel.DefaultChannelPool -- Entry count for : http://localhost:46535 : 1
11:20:39.494 [AsyncHttpClient-1-1] DEBUG org.asynchttpclient.netty.channel.DefaultChannelPool -- Entry count for : http://localhost:22444 : 1
11:20:39.494 [AsyncHttpClient-1-1] DEBUG org.asynchttpclient.netty.channel.DefaultChannelPool -- Entry count for : http://localhost:13771 : 1
11:20:39.494 [AsyncHttpClient-1-1] DEBUG org.asynchttpclient.netty.channel.DefaultChannelPool -- Adding Candidate expired Channel [id: 0xa3481f0b, L:/127.0.0.1:41948 ! R:localhost/127.0.0.1:12267] isIdleTimeoutExpired=false isRemotelyClosed=true isTtlExpired=false
11:20:39.494 [AsyncHttpClient-1-1] DEBUG org.asynchttpclient.netty.channel.DefaultChannelPool -- Closing Idle Channel [id: 0xa3481f0b, L:/127.0.0.1:41948 ! R:localhost/127.0.0.1:12267]
11:20:39.495 [AsyncHttpClient-1-1] DEBUG org.asynchttpclient.netty.channel.DefaultChannelPool -- Adding Candidate expired Channel [id: 0xc860c955, L:/127.0.0.1:44166 ! R:localhost/127.0.0.1:43153] isIdleTimeoutExpired=false isRemotelyClosed=true isTtlExpired=false
11:20:39.495 [AsyncHttpClient-1-1] DEBUG org.asynchttpclient.netty.channel.DefaultChannelPool -- Closing Idle Channel [id: 0xc860c955, L:/127.0.0.1:44166 ! R:localhost/127.0.0.1:43153]
11:20:39.495 [AsyncHttpClient-1-1] DEBUG org.asynchttpclient.netty.channel.DefaultChannelPool -- Adding Candidate expired Channel [id: 0x781d4e47, L:/127.0.0.1:45784 ! R:localhost/127.0.0.1:46535] isIdleTimeoutExpired=false isRemotelyClosed=true isTtlExpired=false
11:20:39.495 [AsyncHttpClient-1-1] DEBUG org.asynchttpclient.netty.channel.DefaultChannelPool -- Closing Idle Channel [id: 0x781d4e47, L:/127.0.0.1:45784 ! R:localhost/127.0.0.1:46535]
11:20:39.495 [AsyncHttpClient-1-1] DEBUG org.asynchttpclient.netty.channel.DefaultChannelPool -- Adding Candidate expired Channel [id: 0x098f3069, L:/127.0.0.1:48204 ! R:localhost/127.0.0.1:13771] isIdleTimeoutExpired=false isRemotelyClosed=true isTtlExpired=false
11:20:39.495 [AsyncHttpClient-1-1] DEBUG org.asynchttpclient.netty.channel.DefaultChannelPool -- Closing Idle Channel [id: 0x098f3069, L:/127.0.0.1:48204 ! R:localhost/127.0.0.1:13771]
11:20:39.495 [AsyncHttpClient-1-1] DEBUG org.asynchttpclient.netty.channel.DefaultChannelPool -- Closed 4 connections out of 7 in 1 ms
11:20:39.497 [AsyncHttpClient-1-8] DEBUG org.asynchttpclient.netty.handler.HttpHandler -- 

Request DefaultHttpRequest(decodeResult: success, version: HTTP/1.1)
POST /session/21edf3a5ee4c1078bb46dadf58cdf244/url HTTP/1.1
User-Agent: selenium/4.5.3 (java unix)
Content-Length: 62
Content-Type: application/json; charset=utf-8
host: localhost:2083
accept: */*

Response DefaultHttpResponse(decodeResult: success, version: HTTP/1.1)
HTTP/1.1 200 OK
Content-Length: 14
Content-Type: application/json; charset=utf-8
cache-control: no-cache

11:20:39.497 [AsyncHttpClient-1-8] DEBUG org.asynchttpclient.netty.channel.ChannelManager -- Adding key: http://localhost:2083 for channel [id: 0xbcd055a6, L:/127.0.0.1:42246 - R:localhost/127.0.0.1:2083]
11:20:39.498 [Forwarding setCurrentWindowSize on session 21edf3a5ee4c1078bb46dadf58cdf244 to remote] DEBUG org.asynchttpclient.netty.request.NettyRequestSender -- Using pooled Channel '[id: 0xbcd055a6, L:/127.0.0.1:42246 - R:localhost/127.0.0.1:2083]' for 'POST' to 'http://localhost:2083/session/21edf3a5ee4c1078bb46dadf58cdf244/window/rect'
11:20:39.498 [Forwarding setCurrentWindowSize on session 21edf3a5ee4c1078bb46dadf58cdf244 to remote] DEBUG org.asynchttpclient.netty.request.NettyRequestSender -- Using open Channel [id: 0xbcd055a6, L:/127.0.0.1:42246 - R:localhost/127.0.0.1:2083] for POST '/session/21edf3a5ee4c1078bb46dadf58cdf244/window/rect'
11:20:39.611 [AsyncHttpClient-1-8] DEBUG org.asynchttpclient.netty.handler.HttpHandler -- 

Request DefaultHttpRequest(decodeResult: success, version: HTTP/1.1)
POST /session/21edf3a5ee4c1078bb46dadf58cdf244/window/rect HTTP/1.1
User-Agent: selenium/4.5.3 (java unix)
Content-Length: 36
Content-Type: application/json; charset=utf-8
host: localhost:2083
accept: */*

Response DefaultHttpResponse(decodeResult: success, version: HTTP/1.1)
HTTP/1.1 200 OK
Content-Length: 51
Content-Type: application/json; charset=utf-8
cache-control: no-cache

11:20:39.613 [AsyncHttpClient-1-8] DEBUG org.asynchttpclient.netty.channel.ChannelManager -- Adding key: http://localhost:2083 for channel [id: 0xbcd055a6, L:/127.0.0.1:42246 - R:localhost/127.0.0.1:2083]
11:20:39.622 [Forwarding findElement on session 21edf3a5ee4c1078bb46dadf58cdf244 to remote] DEBUG org.asynchttpclient.netty.request.NettyRequestSender -- Using pooled Channel '[id: 0xbcd055a6, L:/127.0.0.1:42246 - R:localhost/127.0.0.1:2083]' for 'POST' to 'http://localhost:2083/session/21edf3a5ee4c1078bb46dadf58cdf244/element'
11:20:39.623 [Forwarding findElement on session 21edf3a5ee4c1078bb46dadf58cdf244 to remote] DEBUG org.asynchttpclient.netty.request.NettyRequestSender -- Using open Channel [id: 0xbcd055a6, L:/127.0.0.1:42246 - R:localhost/127.0.0.1:2083] for POST '/session/21edf3a5ee4c1078bb46dadf58cdf244/element'
11:20:39.687 [AsyncHttpClient-1-8] DEBUG org.asynchttpclient.netty.handler.HttpHandler -- 

Request DefaultHttpRequest(decodeResult: success, version: HTTP/1.1)
POST /session/21edf3a5ee4c1078bb46dadf58cdf244/element HTTP/1.1
User-Agent: selenium/4.5.3 (java unix)
Content-Length: 51
Content-Type: application/json; charset=utf-8
host: localhost:2083
accept: */*

Response DefaultHttpResponse(decodeResult: success, version: HTTP/1.1)
HTTP/1.1 200 OK
Content-Length: 94
Content-Type: application/json; charset=utf-8
cache-control: no-cache

11:20:39.687 [AsyncHttpClient-1-8] DEBUG org.asynchttpclient.netty.channel.ChannelManager -- Adding key: http://localhost:2083 for channel [id: 0xbcd055a6, L:/127.0.0.1:42246 - R:localhost/127.0.0.1:2083]
11:20:39.690 [Forwarding sendKeysToElement on session 21edf3a5ee4c1078bb46dadf58cdf244 to remote] DEBUG org.asynchttpclient.netty.request.NettyRequestSender -- Using pooled Channel '[id: 0xbcd055a6, L:/127.0.0.1:42246 - R:localhost/127.0.0.1:2083]' for 'POST' to 'http://localhost:2083/session/21edf3a5ee4c1078bb46dadf58cdf244/element/73D585DBD3154192542F76C22009D6E7_element_5/value'
11:20:39.690 [Forwarding sendKeysToElement on session 21edf3a5ee4c1078bb46dadf58cdf244 to remote] DEBUG org.asynchttpclient.netty.request.NettyRequestSender -- Using open Channel [id: 0xbcd055a6, L:/127.0.0.1:42246 - R:localhost/127.0.0.1:2083] for POST '/session/21edf3a5ee4c1078bb46dadf58cdf244/element/73D585DBD3154192542F76C22009D6E7_element_5/value'
11:20:39.744 [AsyncHttpClient-1-8] DEBUG org.asynchttpclient.netty.handler.HttpHandler -- 

Request DefaultHttpRequest(decodeResult: success, version: HTTP/1.1)
POST /session/21edf3a5ee4c1078bb46dadf58cdf244/element/73D585DBD3154192542F76C22009D6E7_element_5/value HTTP/1.1
User-Agent: selenium/4.5.3 (java unix)
Content-Length: 157
Content-Type: application/json; charset=utf-8
host: localhost:2083
accept: */*

Response DefaultHttpResponse(decodeResult: success, version: HTTP/1.1)
HTTP/1.1 200 OK
Content-Length: 14
Content-Type: application/json; charset=utf-8
cache-control: no-cache

11:20:39.745 [AsyncHttpClient-1-8] DEBUG org.asynchttpclient.netty.channel.ChannelManager -- Adding key: http://localhost:2083 for channel [id: 0xbcd055a6, L:/127.0.0.1:42246 - R:localhost/127.0.0.1:2083]
11:20:39.746 [Forwarding findElement on session 21edf3a5ee4c1078bb46dadf58cdf244 to remote] DEBUG org.asynchttpclient.netty.request.NettyRequestSender -- Using pooled Channel '[id: 0xbcd055a6, L:/127.0.0.1:42246 - R:localhost/127.0.0.1:2083]' for 'POST' to 'http://localhost:2083/session/21edf3a5ee4c1078bb46dadf58cdf244/element'
11:20:39.746 [Forwarding findElement on session 21edf3a5ee4c1078bb46dadf58cdf244 to remote] DEBUG org.asynchttpclient.netty.request.NettyRequestSender -- Using open Channel [id: 0xbcd055a6, L:/127.0.0.1:42246 - R:localhost/127.0.0.1:2083] for POST '/session/21edf3a5ee4c1078bb46dadf58cdf244/element'
11:20:39.753 [AsyncHttpClient-1-8] DEBUG org.asynchttpclient.netty.handler.HttpHandler -- 

Request DefaultHttpRequest(decodeResult: success, version: HTTP/1.1)
POST /session/21edf3a5ee4c1078bb46dadf58cdf244/element HTTP/1.1
User-Agent: selenium/4.5.3 (java unix)
Content-Length: 57
Content-Type: application/json; charset=utf-8
host: localhost:2083
accept: */*

Response DefaultHttpResponse(decodeResult: success, version: HTTP/1.1)
HTTP/1.1 200 OK
Content-Length: 94
Content-Type: application/json; charset=utf-8
cache-control: no-cache

11:20:39.753 [AsyncHttpClient-1-8] DEBUG org.asynchttpclient.netty.channel.ChannelManager -- Adding key: http://localhost:2083 for channel [id: 0xbcd055a6, L:/127.0.0.1:42246 - R:localhost/127.0.0.1:2083]
11:20:39.754 [Forwarding clickElement on session 21edf3a5ee4c1078bb46dadf58cdf244 to remote] DEBUG org.asynchttpclient.netty.request.NettyRequestSender -- Using pooled Channel '[id: 0xbcd055a6, L:/127.0.0.1:42246 - R:localhost/127.0.0.1:2083]' for 'POST' to 'http://localhost:2083/session/21edf3a5ee4c1078bb46dadf58cdf244/element/73D585DBD3154192542F76C22009D6E7_element_6/click'
11:20:39.755 [Forwarding clickElement on session 21edf3a5ee4c1078bb46dadf58cdf244 to remote] DEBUG org.asynchttpclient.netty.request.NettyRequestSender -- Using open Channel [id: 0xbcd055a6, L:/127.0.0.1:42246 - R:localhost/127.0.0.1:2083] for POST '/session/21edf3a5ee4c1078bb46dadf58cdf244/element/73D585DBD3154192542F76C22009D6E7_element_6/click'
11:20:39.780 [AsyncHttpClient-1-8] DEBUG org.asynchttpclient.netty.handler.HttpHandler -- 

Request DefaultHttpRequest(decodeResult: success, version: HTTP/1.1)
POST /session/21edf3a5ee4c1078bb46dadf58cdf244/element/73D585DBD3154192542F76C22009D6E7_element_6/click HTTP/1.1
User-Agent: selenium/4.5.3 (java unix)
Content-Length: 56
Content-Type: application/json; charset=utf-8
host: localhost:2083
accept: */*

Response DefaultHttpResponse(decodeResult: success, version: HTTP/1.1)
HTTP/1.1 200 OK
Content-Length: 14
Content-Type: application/json; charset=utf-8
cache-control: no-cache

11:20:39.780 [AsyncHttpClient-1-8] DEBUG org.asynchttpclient.netty.channel.ChannelManager -- Adding key: http://localhost:2083 for channel [id: 0xbcd055a6, L:/127.0.0.1:42246 - R:localhost/127.0.0.1:2083]
11:20:39.782 [Forwarding get on session 9164dd1e9098441a7472e5a7b2c23f21 to remote] DEBUG org.asynchttpclient.netty.request.NettyRequestSender -- Using pooled Channel '[id: 0xbeb9f968, L:/127.0.0.1:46734 - R:localhost/127.0.0.1:22444]' for 'POST' to 'http://localhost:22444/session/9164dd1e9098441a7472e5a7b2c23f21/url'
11:20:39.782 [Forwarding get on session 9164dd1e9098441a7472e5a7b2c23f21 to remote] DEBUG org.asynchttpclient.netty.request.NettyRequestSender -- Using open Channel [id: 0xbeb9f968, L:/127.0.0.1:46734 - R:localhost/127.0.0.1:22444] for POST '/session/9164dd1e9098441a7472e5a7b2c23f21/url'
11:20:39.860 [AsyncHttpClient-1-11] DEBUG org.asynchttpclient.netty.handler.HttpHandler -- 

Request DefaultHttpRequest(decodeResult: success, version: HTTP/1.1)
POST /session/9164dd1e9098441a7472e5a7b2c23f21/url HTTP/1.1
User-Agent: selenium/4.5.3 (java unix)
Content-Length: 62
Content-Type: application/json; charset=utf-8
host: localhost:22444
accept: */*

Response DefaultHttpResponse(decodeResult: success, version: HTTP/1.1)
HTTP/1.1 200 OK
Content-Length: 14
Content-Type: application/json; charset=utf-8
cache-control: no-cache

11:20:39.861 [AsyncHttpClient-1-11] DEBUG org.asynchttpclient.netty.channel.ChannelManager -- Adding key: http://localhost:22444 for channel [id: 0xbeb9f968, L:/127.0.0.1:46734 - R:localhost/127.0.0.1:22444]
11:20:39.864 [Forwarding setCurrentWindowSize on session 9164dd1e9098441a7472e5a7b2c23f21 to remote] DEBUG org.asynchttpclient.netty.request.NettyRequestSender -- Using pooled Channel '[id: 0xbeb9f968, L:/127.0.0.1:46734 - R:localhost/127.0.0.1:22444]' for 'POST' to 'http://localhost:22444/session/9164dd1e9098441a7472e5a7b2c23f21/window/rect'
11:20:39.864 [Forwarding setCurrentWindowSize on session 9164dd1e9098441a7472e5a7b2c23f21 to remote] DEBUG org.asynchttpclient.netty.request.NettyRequestSender -- Using open Channel [id: 0xbeb9f968, L:/127.0.0.1:46734 - R:localhost/127.0.0.1:22444] for POST '/session/9164dd1e9098441a7472e5a7b2c23f21/window/rect'
11:20:39.976 [AsyncHttpClient-1-11] DEBUG org.asynchttpclient.netty.handler.HttpHandler -- 

Request DefaultHttpRequest(decodeResult: success, version: HTTP/1.1)
POST /session/9164dd1e9098441a7472e5a7b2c23f21/window/rect HTTP/1.1
User-Agent: selenium/4.5.3 (java unix)
Content-Length: 36
Content-Type: application/json; charset=utf-8
host: localhost:22444
accept: */*

Response DefaultHttpResponse(decodeResult: success, version: HTTP/1.1)
HTTP/1.1 200 OK
Content-Length: 51
Content-Type: application/json; charset=utf-8
cache-control: no-cache

11:20:39.977 [AsyncHttpClient-1-11] DEBUG org.asynchttpclient.netty.channel.ChannelManager -- Adding key: http://localhost:22444 for channel [id: 0xbeb9f968, L:/127.0.0.1:46734 - R:localhost/127.0.0.1:22444]
11:20:39.980 [Forwarding findElement on session 9164dd1e9098441a7472e5a7b2c23f21 to remote] DEBUG org.asynchttpclient.netty.request.NettyRequestSender -- Using pooled Channel '[id: 0xbeb9f968, L:/127.0.0.1:46734 - R:localhost/127.0.0.1:22444]' for 'POST' to 'http://localhost:22444/session/9164dd1e9098441a7472e5a7b2c23f21/element'
11:20:39.980 [Forwarding findElement on session 9164dd1e9098441a7472e5a7b2c23f21 to remote] DEBUG org.asynchttpclient.netty.request.NettyRequestSender -- Using open Channel [id: 0xbeb9f968, L:/127.0.0.1:46734 - R:localhost/127.0.0.1:22444] for POST '/session/9164dd1e9098441a7472e5a7b2c23f21/element'
11:20:40.013 [AsyncHttpClient-1-11] DEBUG org.asynchttpclient.netty.handler.HttpHandler -- 

Request DefaultHttpRequest(decodeResult: success, version: HTTP/1.1)
POST /session/9164dd1e9098441a7472e5a7b2c23f21/element HTTP/1.1
User-Agent: selenium/4.5.3 (java unix)
Content-Length: 51
Content-Type: application/json; charset=utf-8
host: localhost:22444
accept: */*

Response DefaultHttpResponse(decodeResult: success, version: HTTP/1.1)
HTTP/1.1 200 OK
Content-Length: 94
Content-Type: application/json; charset=utf-8
cache-control: no-cache

11:20:40.013 [AsyncHttpClient-1-11] DEBUG org.asynchttpclient.netty.channel.ChannelManager -- Adding key: http://localhost:22444 for channel [id: 0xbeb9f968, L:/127.0.0.1:46734 - R:localhost/127.0.0.1:22444]
11:20:40.018 [Forwarding sendKeysToElement on session 9164dd1e9098441a7472e5a7b2c23f21 to remote] DEBUG org.asynchttpclient.netty.request.NettyRequestSender -- Using pooled Channel '[id: 0xbeb9f968, L:/127.0.0.1:46734 - R:localhost/127.0.0.1:22444]' for 'POST' to 'http://localhost:22444/session/9164dd1e9098441a7472e5a7b2c23f21/element/D05499D3313DCB2D9E44DE653BA51672_element_5/value'
11:20:40.018 [Forwarding sendKeysToElement on session 9164dd1e9098441a7472e5a7b2c23f21 to remote] DEBUG org.asynchttpclient.netty.request.NettyRequestSender -- Using open Channel [id: 0xbeb9f968, L:/127.0.0.1:46734 - R:localhost/127.0.0.1:22444] for POST '/session/9164dd1e9098441a7472e5a7b2c23f21/element/D05499D3313DCB2D9E44DE653BA51672_element_5/value'
11:20:40.106 [AsyncHttpClient-1-11] DEBUG org.asynchttpclient.netty.handler.HttpHandler -- 

Request DefaultHttpRequest(decodeResult: success, version: HTTP/1.1)
POST /session/9164dd1e9098441a7472e5a7b2c23f21/element/D05499D3313DCB2D9E44DE653BA51672_element_5/value HTTP/1.1
User-Agent: selenium/4.5.3 (java unix)
Content-Length: 147
Content-Type: application/json; charset=utf-8
host: localhost:22444
accept: */*

Response DefaultHttpResponse(decodeResult: success, version: HTTP/1.1)
HTTP/1.1 200 OK
Content-Length: 14
Content-Type: application/json; charset=utf-8
cache-control: no-cache

11:20:40.106 [AsyncHttpClient-1-11] DEBUG org.asynchttpclient.netty.channel.ChannelManager -- Adding key: http://localhost:22444 for channel [id: 0xbeb9f968, L:/127.0.0.1:46734 - R:localhost/127.0.0.1:22444]
11:20:40.107 [Forwarding findElement on session 9164dd1e9098441a7472e5a7b2c23f21 to remote] DEBUG org.asynchttpclient.netty.request.NettyRequestSender -- Using pooled Channel '[id: 0xbeb9f968, L:/127.0.0.1:46734 - R:localhost/127.0.0.1:22444]' for 'POST' to 'http://localhost:22444/session/9164dd1e9098441a7472e5a7b2c23f21/element'
11:20:40.107 [Forwarding findElement on session 9164dd1e9098441a7472e5a7b2c23f21 to remote] DEBUG org.asynchttpclient.netty.request.NettyRequestSender -- Using open Channel [id: 0xbeb9f968, L:/127.0.0.1:46734 - R:localhost/127.0.0.1:22444] for POST '/session/9164dd1e9098441a7472e5a7b2c23f21/element'
11:20:40.114 [AsyncHttpClient-1-11] DEBUG org.asynchttpclient.netty.handler.HttpHandler -- 

Request DefaultHttpRequest(decodeResult: success, version: HTTP/1.1)
POST /session/9164dd1e9098441a7472e5a7b2c23f21/element HTTP/1.1
User-Agent: selenium/4.5.3 (java unix)
Content-Length: 57
Content-Type: application/json; charset=utf-8
host: localhost:22444
accept: */*

Response DefaultHttpResponse(decodeResult: success, version: HTTP/1.1)
HTTP/1.1 200 OK
Content-Length: 94
Content-Type: application/json; charset=utf-8
cache-control: no-cache

11:20:40.114 [AsyncHttpClient-1-11] DEBUG org.asynchttpclient.netty.channel.ChannelManager -- Adding key: http://localhost:22444 for channel [id: 0xbeb9f968, L:/127.0.0.1:46734 - R:localhost/127.0.0.1:22444]
11:20:40.115 [Forwarding clickElement on session 9164dd1e9098441a7472e5a7b2c23f21 to remote] DEBUG org.asynchttpclient.netty.request.NettyRequestSender -- Using pooled Channel '[id: 0xbeb9f968, L:/127.0.0.1:46734 - R:localhost/127.0.0.1:22444]' for 'POST' to 'http://localhost:22444/session/9164dd1e9098441a7472e5a7b2c23f21/element/D05499D3313DCB2D9E44DE653BA51672_element_6/click'
11:20:40.115 [Forwarding clickElement on session 9164dd1e9098441a7472e5a7b2c23f21 to remote] DEBUG org.asynchttpclient.netty.request.NettyRequestSender -- Using open Channel [id: 0xbeb9f968, L:/127.0.0.1:46734 - R:localhost/127.0.0.1:22444] for POST '/session/9164dd1e9098441a7472e5a7b2c23f21/element/D05499D3313DCB2D9E44DE653BA51672_element_6/click'
11:20:40.142 [AsyncHttpClient-1-11] DEBUG org.asynchttpclient.netty.handler.HttpHandler -- 

Request DefaultHttpRequest(decodeResult: success, version: HTTP/1.1)
POST /session/9164dd1e9098441a7472e5a7b2c23f21/element/D05499D3313DCB2D9E44DE653BA51672_element_6/click HTTP/1.1
User-Agent: selenium/4.5.3 (java unix)
Content-Length: 56
Content-Type: application/json; charset=utf-8
host: localhost:22444
accept: */*

Response DefaultHttpResponse(decodeResult: success, version: HTTP/1.1)
HTTP/1.1 200 OK
Content-Length: 14
Content-Type: application/json; charset=utf-8
cache-control: no-cache

11:20:40.142 [AsyncHttpClient-1-11] DEBUG org.asynchttpclient.netty.channel.ChannelManager -- Adding key: http://localhost:22444 for channel [id: 0xbeb9f968, L:/127.0.0.1:46734 - R:localhost/127.0.0.1:22444]
11:20:40.143 [Forwarding findElement on session 9164dd1e9098441a7472e5a7b2c23f21 to remote] DEBUG org.asynchttpclient.netty.request.NettyRequestSender -- Using pooled Channel '[id: 0xbeb9f968, L:/127.0.0.1:46734 - R:localhost/127.0.0.1:22444]' for 'POST' to 'http://localhost:22444/session/9164dd1e9098441a7472e5a7b2c23f21/element'
11:20:40.143 [Forwarding findElement on session 9164dd1e9098441a7472e5a7b2c23f21 to remote] DEBUG org.asynchttpclient.netty.request.NettyRequestSender -- Using open Channel [id: 0xbeb9f968, L:/127.0.0.1:46734 - R:localhost/127.0.0.1:22444] for POST '/session/9164dd1e9098441a7472e5a7b2c23f21/element'
11:20:40.153 [AsyncHttpClient-1-11] DEBUG org.asynchttpclient.netty.handler.HttpHandler -- 

Request DefaultHttpRequest(decodeResult: success, version: HTTP/1.1)
POST /session/9164dd1e9098441a7472e5a7b2c23f21/element HTTP/1.1
User-Agent: selenium/4.5.3 (java unix)
Content-Length: 55
Content-Type: application/json; charset=utf-8
host: localhost:22444
accept: */*

Response DefaultHttpResponse(decodeResult: success, version: HTTP/1.1)
HTTP/1.1 200 OK
Content-Length: 94
Content-Type: application/json; charset=utf-8
cache-control: no-cache

11:20:40.153 [AsyncHttpClient-1-11] DEBUG org.asynchttpclient.netty.channel.ChannelManager -- Adding key: http://localhost:22444 for channel [id: 0xbeb9f968, L:/127.0.0.1:46734 - R:localhost/127.0.0.1:22444]
11:20:40.154 [Forwarding clickElement on session 9164dd1e9098441a7472e5a7b2c23f21 to remote] DEBUG org.asynchttpclient.netty.request.NettyRequestSender -- Using pooled Channel '[id: 0xbeb9f968, L:/127.0.0.1:46734 - R:localhost/127.0.0.1:22444]' for 'POST' to 'http://localhost:22444/session/9164dd1e9098441a7472e5a7b2c23f21/element/D05499D3313DCB2D9E44DE653BA51672_element_9/click'
11:20:40.154 [Forwarding clickElement on session 9164dd1e9098441a7472e5a7b2c23f21 to remote] DEBUG org.asynchttpclient.netty.request.NettyRequestSender -- Using open Channel [id: 0xbeb9f968, L:/127.0.0.1:46734 - R:localhost/127.0.0.1:22444] for POST '/session/9164dd1e9098441a7472e5a7b2c23f21/element/D05499D3313DCB2D9E44DE653BA51672_element_9/click'
11:20:40.174 [AsyncHttpClient-1-11] DEBUG org.asynchttpclient.netty.handler.HttpHandler -- 

Request DefaultHttpRequest(decodeResult: success, version: HTTP/1.1)
POST /session/9164dd1e9098441a7472e5a7b2c23f21/element/D05499D3313DCB2D9E44DE653BA51672_element_9/click HTTP/1.1
User-Agent: selenium/4.5.3 (java unix)
Content-Length: 56
Content-Type: application/json; charset=utf-8
host: localhost:22444
accept: */*

Response DefaultHttpResponse(decodeResult: success, version: HTTP/1.1)
HTTP/1.1 200 OK
Content-Length: 14
Content-Type: application/json; charset=utf-8
cache-control: no-cache

11:20:40.174 [AsyncHttpClient-1-11] DEBUG org.asynchttpclient.netty.channel.ChannelManager -- Adding key: http://localhost:22444 for channel [id: 0xbeb9f968, L:/127.0.0.1:46734 - R:localhost/127.0.0.1:22444]
11:20:40.595 [AsyncHttpClient-1-1] DEBUG org.asynchttpclient.netty.channel.DefaultChannelPool -- Entry count for : http://localhost:37343 : 1
11:20:40.596 [AsyncHttpClient-1-1] DEBUG org.asynchttpclient.netty.channel.DefaultChannelPool -- Entry count for : http://localhost:39361 : 1
11:20:40.596 [AsyncHttpClient-1-1] DEBUG org.asynchttpclient.netty.channel.DefaultChannelPool -- Entry count for : http://localhost:2083 : 1
11:20:40.596 [AsyncHttpClient-1-1] DEBUG org.asynchttpclient.netty.channel.DefaultChannelPool -- Entry count for : http://localhost:22444 : 1
11:20:40.680 [Forwarding findElement on session 21edf3a5ee4c1078bb46dadf58cdf244 to remote] DEBUG org.asynchttpclient.netty.request.NettyRequestSender -- Using pooled Channel '[id: 0xbcd055a6, L:/127.0.0.1:42246 - R:localhost/127.0.0.1:2083]' for 'POST' to 'http://localhost:2083/session/21edf3a5ee4c1078bb46dadf58cdf244/element'
11:20:40.681 [Forwarding findElement on session 21edf3a5ee4c1078bb46dadf58cdf244 to remote] DEBUG org.asynchttpclient.netty.request.NettyRequestSender -- Using open Channel [id: 0xbcd055a6, L:/127.0.0.1:42246 - R:localhost/127.0.0.1:2083] for POST '/session/21edf3a5ee4c1078bb46dadf58cdf244/element'
11:20:40.696 [AsyncHttpClient-1-8] DEBUG org.asynchttpclient.netty.handler.HttpHandler -- 

Request DefaultHttpRequest(decodeResult: success, version: HTTP/1.1)
POST /session/21edf3a5ee4c1078bb46dadf58cdf244/element HTTP/1.1
User-Agent: selenium/4.5.3 (java unix)
Content-Length: 53
Content-Type: application/json; charset=utf-8
host: localhost:2083
accept: */*

Response DefaultHttpResponse(decodeResult: success, version: HTTP/1.1)
HTTP/1.1 200 OK
Content-Length: 94
Content-Type: application/json; charset=utf-8
cache-control: no-cache

11:20:40.697 [AsyncHttpClient-1-8] DEBUG org.asynchttpclient.netty.channel.ChannelManager -- Adding key: http://localhost:2083 for channel [id: 0xbcd055a6, L:/127.0.0.1:42246 - R:localhost/127.0.0.1:2083]
11:20:40.698 [Forwarding getElementText on session 21edf3a5ee4c1078bb46dadf58cdf244 to remote] DEBUG org.asynchttpclient.netty.request.NettyRequestSender -- Using pooled Channel '[id: 0xbcd055a6, L:/127.0.0.1:42246 - R:localhost/127.0.0.1:2083]' for 'GET' to 'http://localhost:2083/session/21edf3a5ee4c1078bb46dadf58cdf244/element/73D585DBD3154192542F76C22009D6E7_element_8/text'
11:20:40.698 [Forwarding getElementText on session 21edf3a5ee4c1078bb46dadf58cdf244 to remote] DEBUG org.asynchttpclient.netty.request.NettyRequestSender -- Using open Channel [id: 0xbcd055a6, L:/127.0.0.1:42246 - R:localhost/127.0.0.1:2083] for GET '/session/21edf3a5ee4c1078bb46dadf58cdf244/element/73D585DBD3154192542F76C22009D6E7_element_8/text'
11:20:40.713 [AsyncHttpClient-1-8] DEBUG org.asynchttpclient.netty.handler.HttpHandler -- 

Request DefaultFullHttpRequest(decodeResult: success, version: HTTP/1.1, content: EmptyByteBufBE)
GET /session/21edf3a5ee4c1078bb46dadf58cdf244/element/73D585DBD3154192542F76C22009D6E7_element_8/text HTTP/1.1
User-Agent: selenium/4.5.3 (java unix)
Cache-Control: no-cache
Content-Type: application/json; charset=utf-8
host: localhost:2083
accept: */*

Response DefaultHttpResponse(decodeResult: success, version: HTTP/1.1)
HTTP/1.1 200 OK
Content-Length: 81
Content-Type: application/json; charset=utf-8
cache-control: no-cache

11:20:40.714 [AsyncHttpClient-1-8] DEBUG org.asynchttpclient.netty.channel.ChannelManager -- Adding key: http://localhost:2083 for channel [id: 0xbcd055a6, L:/127.0.0.1:42246 - R:localhost/127.0.0.1:2083]
11:20:40.716 [AsyncHttpClient-1-10] DEBUG org.asynchttpclient.netty.handler.WebSocketHandler -- Channel Closed: [id: 0x10e42a8c, L:/127.0.0.1:44998 ! R:localhost/127.0.0.1:39361] with attribute NettyResponseFuture{currentRetry=0,
	isDone=1,
	isCancelled=0,
	asyncHandler=org.asynchttpclient.ws.WebSocketUpgradeHandler@769a206b,
	nettyRequest=org.asynchttpclient.netty.request.NettyRequest@3398b0dc,
	future=java.util.concurrent.CompletableFuture@5dcc0f27[Completed normally],
	uri=ws://localhost:39361/devtools/browser/70d87cb6-efa8-4bdb-91d1-f648a28af8cf,
	keepAlive=true,
	redirectCount=0,
	timeoutsHolder=null,
	inAuth=0,
	touch=1683192039077}
11:20:40.716 [Driver Command Executor] DEBUG org.asynchttpclient.netty.request.NettyRequestSender -- Using pooled Channel '[id: 0xbcd055a6, L:/127.0.0.1:42246 - R:localhost/127.0.0.1:2083]' for 'DELETE' to 'http://localhost:2083/session/21edf3a5ee4c1078bb46dadf58cdf244'
11:20:40.716 [AsyncHttpClient-1-10] DEBUG org.asynchttpclient.netty.channel.ChannelManager -- Closing Channel [id: 0x10e42a8c, L:/127.0.0.1:44998 ! R:localhost/127.0.0.1:39361] 
11:20:40.716 [Driver Command Executor] DEBUG org.asynchttpclient.netty.request.NettyRequestSender -- Using open Channel [id: 0xbcd055a6, L:/127.0.0.1:42246 - R:localhost/127.0.0.1:2083] for DELETE '/session/21edf3a5ee4c1078bb46dadf58cdf244'
11:20:40.724 [AsyncHttpClient-1-9] DEBUG org.asynchttpclient.netty.handler.HttpHandler -- Channel Closed: [id: 0x2fceaccd, L:/127.0.0.1:44984 ! R:localhost/127.0.0.1:39361] with attribute DISCARD
11:20:40.768 [AsyncHttpClient-1-8] DEBUG org.asynchttpclient.netty.handler.HttpHandler -- 

Request DefaultFullHttpRequest(decodeResult: success, version: HTTP/1.1, content: EmptyByteBufBE)
DELETE /session/21edf3a5ee4c1078bb46dadf58cdf244 HTTP/1.1
User-Agent: selenium/4.5.3 (java unix)
Content-Type: application/json; charset=utf-8
host: localhost:2083
accept: */*

Response DefaultHttpResponse(decodeResult: success, version: HTTP/1.1)
HTTP/1.1 200 OK
Content-Length: 14
Content-Type: application/json; charset=utf-8
cache-control: no-cache

11:20:40.768 [AsyncHttpClient-1-8] DEBUG org.asynchttpclient.netty.channel.ChannelManager -- Adding key: http://localhost:2083 for channel [id: 0xbcd055a6, L:/127.0.0.1:42246 - R:localhost/127.0.0.1:2083]
11:20:40.770 [AsyncHttpClient-1-8] DEBUG org.asynchttpclient.netty.handler.HttpHandler -- Channel Closed: [id: 0xbcd055a6, L:/127.0.0.1:42246 ! R:localhost/127.0.0.1:2083] with attribute DISCARD
11:20:40.820 [AsyncHttpClient-1-13] DEBUG org.asynchttpclient.netty.handler.WebSocketHandler -- Channel Closed: [id: 0x013e5e6a, L:/127.0.0.1:36514 ! R:localhost/127.0.0.1:37343] with attribute NettyResponseFuture{currentRetry=0,
	isDone=1,
	isCancelled=0,
	asyncHandler=org.asynchttpclient.ws.WebSocketUpgradeHandler@60a1286d,
	nettyRequest=org.asynchttpclient.netty.request.NettyRequest@25a3ba1d,
	future=java.util.concurrent.CompletableFuture@542441f[Completed normally],
	uri=ws://localhost:37343/devtools/browser/9c3abd1b-7e65-4327-9c3b-c26db6578c2f,
	keepAlive=true,
	redirectCount=0,
	timeoutsHolder=null,
	inAuth=0,
	touch=1683192039435}
11:20:40.821 [Driver Command Executor] DEBUG org.asynchttpclient.netty.request.NettyRequestSender -- Using pooled Channel '[id: 0xbeb9f968, L:/127.0.0.1:46734 - R:localhost/127.0.0.1:22444]' for 'DELETE' to 'http://localhost:22444/session/9164dd1e9098441a7472e5a7b2c23f21'
11:20:40.821 [AsyncHttpClient-1-13] DEBUG org.asynchttpclient.netty.channel.ChannelManager -- Closing Channel [id: 0x013e5e6a, L:/127.0.0.1:36514 ! R:localhost/127.0.0.1:37343] 
11:20:40.821 [Driver Command Executor] DEBUG org.asynchttpclient.netty.request.NettyRequestSender -- Using open Channel [id: 0xbeb9f968, L:/127.0.0.1:46734 - R:localhost/127.0.0.1:22444] for DELETE '/session/9164dd1e9098441a7472e5a7b2c23f21'
11:20:40.853 [AsyncHttpClient-1-12] DEBUG org.asynchttpclient.netty.handler.HttpHandler -- Channel Closed: [id: 0x5468be28, L:/127.0.0.1:36500 ! R:localhost/127.0.0.1:37343] with attribute DISCARD
11:20:40.876 [AsyncHttpClient-1-11] DEBUG org.asynchttpclient.netty.handler.HttpHandler -- 

Request DefaultFullHttpRequest(decodeResult: success, version: HTTP/1.1, content: EmptyByteBufBE)
DELETE /session/9164dd1e9098441a7472e5a7b2c23f21 HTTP/1.1
User-Agent: selenium/4.5.3 (java unix)
Content-Type: application/json; charset=utf-8
host: localhost:22444
accept: */*

Response DefaultHttpResponse(decodeResult: success, version: HTTP/1.1)
HTTP/1.1 200 OK
Content-Length: 14
Content-Type: application/json; charset=utf-8
cache-control: no-cache

11:20:40.876 [AsyncHttpClient-1-11] DEBUG org.asynchttpclient.netty.channel.ChannelManager -- Adding key: http://localhost:22444 for channel [id: 0xbeb9f968, L:/127.0.0.1:46734 - R:localhost/127.0.0.1:22444]
11:20:40.879 [AsyncHttpClient-1-11] DEBUG org.asynchttpclient.netty.handler.HttpHandler -- Channel Closed: [id: 0xbeb9f968, L:/127.0.0.1:46734 ! R:localhost/127.0.0.1:22444] with attribute DISCARD
]]></system-out>
    <system-err><![CDATA[Starting ChromeDriver 113.0.5672.63 (0e1a4471d5ae5bf128b1bd8f4d627c8cbd55f70c-refs/branch-heads/5672@{#912}) on port 2083
Only local connections are allowed.
Please see https://chromedriver.chromium.org/security-considerations for suggestions on keeping ChromeDriver safe.
ChromeDriver was started successfully.
may 04, 2023 11:20:39 A. M. org.openqa.selenium.devtools.CdpVersionFinder findNearestMatch
ADVERTENCIA: Unable to find CDP implementation matching 113
may 04, 2023 11:20:39 A. M. org.openqa.selenium.chromium.ChromiumDriver lambda$new$3
ADVERTENCIA: Unable to find version of CDP to use for . You may need to include a dependency on a specific version of the CDP using something similar to `org.seleniumhq.selenium:selenium-devtools-v86:4.5.3` where the version ("v86") matches the version of the chromium-based browser you're using and the version number of the artifact is the same as Selenium's.
[...]
11:20:48.648 [Forwarding get on session 635e6883d1a67cf0ea06c69035cf83c2 to remote] DEBUG org.asynchttpclient.netty.request.NettyRequestSender -- Using open Channel [id: 0x1f5c108e, L:/127.0.0.1:54292 - R:localhost/127.0.0.1:25305] for POST '/session/635e6883d1a67cf0ea06c69035cf83c2/url'
11:20:48.708 [AsyncHttpClient-1-11] DEBUG org.asynchttpclient.netty.handler.HttpHandler -- 

Request DefaultHttpRequest(decodeResult: success, version: HTTP/1.1)
POST /session/635e6883d1a67cf0ea06c69035cf83c2/url HTTP/1.1
User-Agent: selenium/4.5.3 (java unix)
Content-Length: 62
Content-Type: application/json; charset=utf-8
host: localhost:25305
accept: */*

Response DefaultHttpResponse(decodeResult: success, version: HTTP/1.1)
HTTP/1.1 200 OK
Content-Length: 14
Content-Type: application/json; charset=utf-8
cache-control: no-cache

11:20:48.709 [AsyncHttpClient-1-11] DEBUG org.asynchttpclient.netty.channel.ChannelManager -- Adding key: http://localhost:25305 for channel [id: 0x1f5c108e, L:/127.0.0.1:54292 - R:localhost/127.0.0.1:25305]
11:20:48.710 [Forwarding setCurrentWindowSize on session 635e6883d1a67cf0ea06c69035cf83c2 to remote] DEBUG org.asynchttpclient.netty.request.NettyRequestSender -- Using pooled Channel '[id: 0x1f5c108e, L:/127.0.0.1:54292 - R:localhost/127.0.0.1:25305]' for 'POST' to 'http://localhost:25305/session/635e6883d1a67cf0ea06c69035cf83c2/window/rect'
11:20:48.710 [Forwarding setCurrentWindowSize on session 635e6883d1a67cf0ea06c69035cf83c2 to remote] DEBUG org.asynchttpclient.netty.request.NettyRequestSender -- Using open Channel [id: 0x1f5c108e, L:/127.0.0.1:54292 - R:localhost/127.0.0.1:25305] for POST '/session/635e6883d1a67cf0ea06c69035cf83c2/window/rect'
11:20:48.821 [AsyncHttpClient-1-11] DEBUG org.asynchttpclient.netty.handler.HttpHandler -- 

Request DefaultHttpRequest(decodeResult: success, version: HTTP/1.1)
POST /session/635e6883d1a67cf0ea06c69035cf83c2/window/rect HTTP/1.1
User-Agent: selenium/4.5.3 (java unix)
Content-Length: 36
Content-Type: application/json; charset=utf-8
host: localhost:25305
accept: */*

Response DefaultHttpResponse(decodeResult: success, version: HTTP/1.1)
HTTP/1.1 200 OK
Content-Length: 51
Content-Type: application/json; charset=utf-8
cache-control: no-cache

11:20:48.822 [AsyncHttpClient-1-11] DEBUG org.asynchttpclient.netty.channel.ChannelManager -- Adding key: http://localhost:25305 for channel [id: 0x1f5c108e, L:/127.0.0.1:54292 - R:localhost/127.0.0.1:25305]
11:20:48.829 [Forwarding findElement on session 635e6883d1a67cf0ea06c69035cf83c2 to remote] DEBUG org.asynchttpclient.netty.request.NettyRequestSender -- Using pooled Channel '[id: 0x1f5c108e, L:/127.0.0.1:54292 - R:localhost/127.0.0.1:25305]' for 'POST' to 'http://localhost:25305/session/635e6883d1a67cf0ea06c69035cf83c2/element'
11:20:48.830 [Forwarding findElement on session 635e6883d1a67cf0ea06c69035cf83c2 to remote] DEBUG org.asynchttpclient.netty.request.NettyRequestSender -- Using open Channel [id: 0x1f5c108e, L:/127.0.0.1:54292 - R:localhost/127.0.0.1:25305] for POST '/session/635e6883d1a67cf0ea06c69035cf83c2/element'
11:20:48.894 [AsyncHttpClient-1-11] DEBUG org.asynchttpclient.netty.handler.HttpHandler -- 

Request DefaultHttpRequest(decodeResult: success, version: HTTP/1.1)
POST /session/635e6883d1a67cf0ea06c69035cf83c2/element HTTP/1.1
User-Agent: selenium/4.5.3 (java unix)
Content-Length: 51
Content-Type: application/json; charset=utf-8
host: localhost:25305
accept: */*

Response DefaultHttpResponse(decodeResult: success, version: HTTP/1.1)
HTTP/1.1 200 OK
Content-Length: 94
Content-Type: application/json; charset=utf-8
cache-control: no-cache

11:20:48.894 [AsyncHttpClient-1-11] DEBUG org.asynchttpclient.netty.channel.ChannelManager -- Adding key: http://localhost:25305 for channel [id: 0x1f5c108e, L:/127.0.0.1:54292 - R:localhost/127.0.0.1:25305]
11:20:48.896 [Forwarding sendKeysToElement on session 635e6883d1a67cf0ea06c69035cf83c2 to remote] DEBUG org.asynchttpclient.netty.request.NettyRequestSender -- Using pooled Channel '[id: 0x1f5c108e, L:/127.0.0.1:54292 - R:localhost/127.0.0.1:25305]' for 'POST' to 'http://localhost:25305/session/635e6883d1a67cf0ea06c69035cf83c2/element/6B29E0C1EBB09C307073905D0394005D_element_5/value'
11:20:48.897 [Forwarding sendKeysToElement on session 635e6883d1a67cf0ea06c69035cf83c2 to remote] DEBUG org.asynchttpclient.netty.request.NettyRequestSender -- Using open Channel [id: 0x1f5c108e, L:/127.0.0.1:54292 - R:localhost/127.0.0.1:25305] for POST '/session/635e6883d1a67cf0ea06c69035cf83c2/element/6B29E0C1EBB09C307073905D0394005D_element_5/value'
11:20:48.961 [AsyncHttpClient-1-11] DEBUG org.asynchttpclient.netty.handler.HttpHandler -- 

Request DefaultHttpRequest(decodeResult: success, version: HTTP/1.1)
POST /session/635e6883d1a67cf0ea06c69035cf83c2/element/6B29E0C1EBB09C307073905D0394005D_element_5/value HTTP/1.1
User-Agent: selenium/4.5.3 (java unix)
Content-Length: 147
Content-Type: application/json; charset=utf-8
host: localhost:25305
accept: */*

Response DefaultHttpResponse(decodeResult: success, version: HTTP/1.1)
HTTP/1.1 200 OK
Content-Length: 14
Content-Type: application/json; charset=utf-8
cache-control: no-cache

11:20:48.961 [AsyncHttpClient-1-11] DEBUG org.asynchttpclient.netty.channel.ChannelManager -- Adding key: http://localhost:25305 for channel [id: 0x1f5c108e, L:/127.0.0.1:54292 - R:localhost/127.0.0.1:25305]
11:20:48.962 [Forwarding findElement on session 635e6883d1a67cf0ea06c69035cf83c2 to remote] DEBUG org.asynchttpclient.netty.request.NettyRequestSender -- Using pooled Channel '[id: 0x1f5c108e, L:/127.0.0.1:54292 - R:localhost/127.0.0.1:25305]' for 'POST' to 'http://localhost:25305/session/635e6883d1a67cf0ea06c69035cf83c2/element'
11:20:48.962 [Forwarding findElement on session 635e6883d1a67cf0ea06c69035cf83c2 to remote] DEBUG org.asynchttpclient.netty.request.NettyRequestSender -- Using open Channel [id: 0x1f5c108e, L:/127.0.0.1:54292 - R:localhost/127.0.0.1:25305] for POST '/session/635e6883d1a67cf0ea06c69035cf83c2/element'
11:20:48.969 [AsyncHttpClient-1-11] DEBUG org.asynchttpclient.netty.handler.HttpHandler -- 

Request DefaultHttpRequest(decodeResult: success, version: HTTP/1.1)
POST /session/635e6883d1a67cf0ea06c69035cf83c2/element HTTP/1.1
User-Agent: selenium/4.5.3 (java unix)
Content-Length: 57
Content-Type: application/json; charset=utf-8
host: localhost:25305
accept: */*

Response DefaultHttpResponse(decodeResult: success, version: HTTP/1.1)
HTTP/1.1 200 OK
Content-Length: 94
Content-Type: application/json; charset=utf-8
cache-control: no-cache

11:20:48.969 [AsyncHttpClient-1-11] DEBUG org.asynchttpclient.netty.channel.ChannelManager -- Adding key: http://localhost:25305 for channel [id: 0x1f5c108e, L:/127.0.0.1:54292 - R:localhost/127.0.0.1:25305]
11:20:48.970 [Forwarding clickElement on session 635e6883d1a67cf0ea06c69035cf83c2 to remote] DEBUG org.asynchttpclient.netty.request.NettyRequestSender -- Using pooled Channel '[id: 0x1f5c108e, L:/127.0.0.1:54292 - R:localhost/127.0.0.1:25305]' for 'POST' to 'http://localhost:25305/session/635e6883d1a67cf0ea06c69035cf83c2/element/6B29E0C1EBB09C307073905D0394005D_element_6/click'
11:20:48.970 [Forwarding clickElement on session 635e6883d1a67cf0ea06c69035cf83c2 to remote] DEBUG org.asynchttpclient.netty.request.NettyRequestSender -- Using open Channel [id: 0x1f5c108e, L:/127.0.0.1:54292 - R:localhost/127.0.0.1:25305] for POST '/session/635e6883d1a67cf0ea06c69035cf83c2/element/6B29E0C1EBB09C307073905D0394005D_element_6/click'
11:20:48.995 [AsyncHttpClient-1-11] DEBUG org.asynchttpclient.netty.handler.HttpHandler -- 

Request DefaultHttpRequest(decodeResult: success, version: HTTP/1.1)
POST /session/635e6883d1a67cf0ea06c69035cf83c2/element/6B29E0C1EBB09C307073905D0394005D_element_6/click HTTP/1.1
User-Agent: selenium/4.5.3 (java unix)
Content-Length: 56
Content-Type: application/json; charset=utf-8
host: localhost:25305
accept: */*

Response DefaultHttpResponse(decodeResult: success, version: HTTP/1.1)
HTTP/1.1 200 OK
Content-Length: 14
Content-Type: application/json; charset=utf-8
cache-control: no-cache

11:20:48.995 [AsyncHttpClient-1-11] DEBUG org.asynchttpclient.netty.channel.ChannelManager -- Adding key: http://localhost:25305 for channel [id: 0x1f5c108e, L:/127.0.0.1:54292 - R:localhost/127.0.0.1:25305]
11:20:48.996 [AsyncHttpClient-1-13] DEBUG org.asynchttpclient.netty.handler.WebSocketHandler -- Channel Closed: [id: 0xc91a19d0, L:/127.0.0.1:45316 ! R:localhost/127.0.0.1:40483] with attribute NettyResponseFuture{currentRetry=0,
	isDone=1,
	isCancelled=0,
	asyncHandler=org.asynchttpclient.ws.WebSocketUpgradeHandler@458c4552,
	nettyRequest=org.asynchttpclient.netty.request.NettyRequest@52f99340,
	future=java.util.concurrent.CompletableFuture@201f5e5d[Completed normally],
	uri=ws://localhost:40483/devtools/browser/8be3ece8-c76c-4705-bd70-4800b1f2d4a2,
	keepAlive=true,
	redirectCount=0,
	timeoutsHolder=null,
	inAuth=0,
	touch=1683192048320}
11:20:48.996 [Driver Command Executor] DEBUG org.asynchttpclient.netty.request.NettyRequestSender -- Using pooled Channel '[id: 0x1f5c108e, L:/127.0.0.1:54292 - R:localhost/127.0.0.1:25305]' for 'DELETE' to 'http://localhost:25305/session/635e6883d1a67cf0ea06c69035cf83c2'
11:20:48.996 [AsyncHttpClient-1-13] DEBUG org.asynchttpclient.netty.channel.ChannelManager -- Closing Channel [id: 0xc91a19d0, L:/127.0.0.1:45316 ! R:localhost/127.0.0.1:40483] 
11:20:48.996 [Driver Command Executor] DEBUG org.asynchttpclient.netty.request.NettyRequestSender -- Using open Channel [id: 0x1f5c108e, L:/127.0.0.1:54292 - R:localhost/127.0.0.1:25305] for DELETE '/session/635e6883d1a67cf0ea06c69035cf83c2'
11:20:49.004 [AsyncHttpClient-1-12] DEBUG org.asynchttpclient.netty.handler.HttpHandler -- Channel Closed: [id: 0x150b8d27, L:/127.0.0.1:45314 ! R:localhost/127.0.0.1:40483] with attribute DISCARD
11:20:49.048 [AsyncHttpClient-1-11] DEBUG org.asynchttpclient.netty.handler.HttpHandler -- 

Request DefaultFullHttpRequest(decodeResult: success, version: HTTP/1.1, content: EmptyByteBufBE)
DELETE /session/635e6883d1a67cf0ea06c69035cf83c2 HTTP/1.1
User-Agent: selenium/4.5.3 (java unix)
Content-Type: application/json; charset=utf-8
host: localhost:25305
accept: */*

Response DefaultHttpResponse(decodeResult: success, version: HTTP/1.1)
HTTP/1.1 200 OK
Content-Length: 14
Content-Type: application/json; charset=utf-8
cache-control: no-cache

11:20:49.049 [AsyncHttpClient-1-11] DEBUG org.asynchttpclient.netty.channel.ChannelManager -- Adding key: http://localhost:25305 for channel [id: 0x1f5c108e, L:/127.0.0.1:54292 - R:localhost/127.0.0.1:25305]
11:20:49.058 [AsyncHttpClient-1-11] DEBUG org.asynchttpclient.netty.handler.HttpHandler -- Channel Closed: [id: 0x1f5c108e, L:/127.0.0.1:54292 ! R:localhost/127.0.0.1:25305] with attribute DISCARD
11:20:49.395 [AsyncHttpClient-1-1] DEBUG org.asynchttpclient.netty.channel.DefaultChannelPool -- Entry count for : http://localhost:25305 : 1
11:20:49.395 [AsyncHttpClient-1-1] DEBUG org.asynchttpclient.netty.channel.DefaultChannelPool -- Entry count for : http://localhost:40483 : 1
11:20:49.395 [AsyncHttpClient-1-1] DEBUG org.asynchttpclient.netty.channel.DefaultChannelPool -- Entry count for : http://localhost:25780 : 1
11:20:49.395 [AsyncHttpClient-1-1] DEBUG org.asynchttpclient.netty.channel.DefaultChannelPool -- Entry count for : http://localhost:42573 : 1
11:20:49.395 [AsyncHttpClient-1-1] DEBUG org.asynchttpclient.netty.channel.DefaultChannelPool -- Adding Candidate expired Channel [id: 0x1f5c108e, L:/127.0.0.1:54292 ! R:localhost/127.0.0.1:25305] isIdleTimeoutExpired=false isRemotelyClosed=true isTtlExpired=false
11:20:49.396 [AsyncHttpClient-1-1] DEBUG org.asynchttpclient.netty.channel.DefaultChannelPool -- Closing Idle Channel [id: 0x1f5c108e, L:/127.0.0.1:54292 ! R:localhost/127.0.0.1:25305]
11:20:49.396 [AsyncHttpClient-1-1] DEBUG org.asynchttpclient.netty.channel.DefaultChannelPool -- Adding Candidate expired Channel [id: 0x150b8d27, L:/127.0.0.1:45314 ! R:localhost/127.0.0.1:40483] isIdleTimeoutExpired=false isRemotelyClosed=true isTtlExpired=false
11:20:49.396 [AsyncHttpClient-1-1] DEBUG org.asynchttpclient.netty.channel.DefaultChannelPool -- Closing Idle Channel [id: 0x150b8d27, L:/127.0.0.1:45314 ! R:localhost/127.0.0.1:40483]
11:20:49.396 [AsyncHttpClient-1-1] DEBUG org.asynchttpclient.netty.channel.DefaultChannelPool -- Closed 2 connections out of 4 in 1 ms
11:20:49.610 [Forwarding findElement on session 90fbb20c3059183e400704c3cbc522b4 to remote] DEBUG org.asynchttpclient.netty.request.NettyRequestSender -- Using pooled Channel '[id: 0x143ea169, L:/127.0.0.1:40832 - R:localhost/127.0.0.1:25780]' for 'POST' to 'http://localhost:25780/session/90fbb20c3059183e400704c3cbc522b4/element'
11:20:49.611 [Forwarding findElement on session 90fbb20c3059183e400704c3cbc522b4 to remote] DEBUG org.asynchttpclient.netty.request.NettyRequestSender -- Using open Channel [id: 0x143ea169, L:/127.0.0.1:40832 - R:localhost/127.0.0.1:25780] for POST '/session/90fbb20c3059183e400704c3cbc522b4/element'
11:20:49.631 [AsyncHttpClient-1-8] DEBUG org.asynchttpclient.netty.handler.HttpHandler -- 

Request DefaultHttpRequest(decodeResult: success, version: HTTP/1.1)
POST /session/90fbb20c3059183e400704c3cbc522b4/element HTTP/1.1
User-Agent: selenium/4.5.3 (java unix)
Content-Length: 53
Content-Type: application/json; charset=utf-8
host: localhost:25780
accept: */*

Response DefaultHttpResponse(decodeResult: success, version: HTTP/1.1)
HTTP/1.1 200 OK
Content-Length: 94
Content-Type: application/json; charset=utf-8
cache-control: no-cache

11:20:49.632 [AsyncHttpClient-1-8] DEBUG org.asynchttpclient.netty.channel.ChannelManager -- Adding key: http://localhost:25780 for channel [id: 0x143ea169, L:/127.0.0.1:40832 - R:localhost/127.0.0.1:25780]
11:20:49.633 [Forwarding getElementText on session 90fbb20c3059183e400704c3cbc522b4 to remote] DEBUG org.asynchttpclient.netty.request.NettyRequestSender -- Using pooled Channel '[id: 0x143ea169, L:/127.0.0.1:40832 - R:localhost/127.0.0.1:25780]' for 'GET' to 'http://localhost:25780/session/90fbb20c3059183e400704c3cbc522b4/element/AB7E5C63F0FE70023F8617AB8F06E5CD_element_8/text'
11:20:49.633 [Forwarding getElementText on session 90fbb20c3059183e400704c3cbc522b4 to remote] DEBUG org.asynchttpclient.netty.request.NettyRequestSender -- Using open Channel [id: 0x143ea169, L:/127.0.0.1:40832 - R:localhost/127.0.0.1:25780] for GET '/session/90fbb20c3059183e400704c3cbc522b4/element/AB7E5C63F0FE70023F8617AB8F06E5CD_element_8/text'
11:20:49.652 [AsyncHttpClient-1-8] DEBUG org.asynchttpclient.netty.handler.HttpHandler -- 

Request DefaultFullHttpRequest(decodeResult: success, version: HTTP/1.1, content: EmptyByteBufBE)
GET /session/90fbb20c3059183e400704c3cbc522b4/element/AB7E5C63F0FE70023F8617AB8F06E5CD_element_8/text HTTP/1.1
User-Agent: selenium/4.5.3 (java unix)
Cache-Control: no-cache
Content-Type: application/json; charset=utf-8
host: localhost:25780
accept: */*

Response DefaultHttpResponse(decodeResult: success, version: HTTP/1.1)
HTTP/1.1 200 OK
Content-Length: 81
Content-Type: application/json; charset=utf-8
cache-control: no-cache

11:20:49.652 [AsyncHttpClient-1-8] DEBUG org.asynchttpclient.netty.channel.ChannelManager -- Adding key: http://localhost:25780 for channel [id: 0x143ea169, L:/127.0.0.1:40832 - R:localhost/127.0.0.1:25780]
11:20:49.654 [AsyncHttpClient-1-10] DEBUG org.asynchttpclient.netty.handler.WebSocketHandler -- Channel Closed: [id: 0x745f176e, L:/127.0.0.1:57956 ! R:localhost/127.0.0.1:42573] with attribute NettyResponseFuture{currentRetry=0,
	isDone=1,
	isCancelled=0,
	asyncHandler=org.asynchttpclient.ws.WebSocketUpgradeHandler@53b74f93,
	nettyRequest=org.asynchttpclient.netty.request.NettyRequest@6ebfc7f5,
	future=java.util.concurrent.CompletableFuture@63f4a0e5[Completed normally],
	uri=ws://localhost:42573/devtools/browser/39d378f3-e39b-43f2-b72d-ab2078e881bc,
	keepAlive=true,
	redirectCount=0,
	timeoutsHolder=null,
	inAuth=0,
	touch=1683192047944}
11:20:49.654 [AsyncHttpClient-1-10] DEBUG org.asynchttpclient.netty.channel.ChannelManager -- Closing Channel [id: 0x745f176e, L:/127.0.0.1:57956 ! R:localhost/127.0.0.1:42573] 
11:20:49.654 [Driver Command Executor] DEBUG org.asynchttpclient.netty.request.NettyRequestSender -- Using pooled Channel '[id: 0x143ea169, L:/127.0.0.1:40832 - R:localhost/127.0.0.1:25780]' for 'DELETE' to 'http://localhost:25780/session/90fbb20c3059183e400704c3cbc522b4'
11:20:49.654 [Driver Command Executor] DEBUG org.asynchttpclient.netty.request.NettyRequestSender -- Using open Channel [id: 0x143ea169, L:/127.0.0.1:40832 - R:localhost/127.0.0.1:25780] for DELETE '/session/90fbb20c3059183e400704c3cbc522b4'
11:20:49.664 [AsyncHttpClient-1-9] DEBUG org.asynchttpclient.netty.handler.HttpHandler -- Channel Closed: [id: 0x2d54f385, L:/127.0.0.1:57944 ! R:localhost/127.0.0.1:42573] with attribute DISCARD
11:20:49.705 [AsyncHttpClient-1-8] DEBUG org.asynchttpclient.netty.handler.HttpHandler -- 

Request DefaultFullHttpRequest(decodeResult: success, version: HTTP/1.1, content: EmptyByteBufBE)
DELETE /session/90fbb20c3059183e400704c3cbc522b4 HTTP/1.1
User-Agent: selenium/4.5.3 (java unix)
Content-Type: application/json; charset=utf-8
host: localhost:25780
accept: */*

Response DefaultHttpResponse(decodeResult: success, version: HTTP/1.1)
HTTP/1.1 200 OK
Content-Length: 14
Content-Type: application/json; charset=utf-8
cache-control: no-cache

11:20:49.706 [AsyncHttpClient-1-8] DEBUG org.asynchttpclient.netty.channel.ChannelManager -- Adding key: http://localhost:25780 for channel [id: 0x143ea169, L:/127.0.0.1:40832 - R:localhost/127.0.0.1:25780]
11:20:49.707 [AsyncHttpClient-1-8] DEBUG org.asynchttpclient.netty.handler.HttpHandler -- Channel Closed: [id: 0x143ea169, L:/127.0.0.1:40832 ! R:localhost/127.0.0.1:25780] with attribute DISCARD
]]></system-out>
    <system-err><![CDATA[Starting ChromeDriver 113.0.5672.63 (0e1a4471d5ae5bf128b1bd8f4d627c8cbd55f70c-refs/branch-heads/5672@{#912}) on port 25780
Only local connections are allowed.
Please see https://chromedriver.chromium.org/security-considerations for suggestions on keeping ChromeDriver safe.
ChromeDriver was started successfully.
may 04, 2023 11:20:47 A. M. org.openqa.selenium.devtools.CdpVersionFinder findNearestMatch
ADVERTENCIA: Unable to find CDP implementation matching 113
may 04, 2023 11:20:47 A. M. org.openqa.selenium.chromium.ChromiumDriver lambda$new$3
ADVERTENCIA: Unable to find version of CDP to use for . You may need to include a dependency on a specific version of the CDP using something similar to `org.seleniumhq.selenium:selenium-devtools-v86:4.5.3` where the version ("v86") matches the version of the chromium-based browser you're using and the version number of the artifact is the same as Selenium's.
Starting ChromeDriver 113.0.5672.63 (0e1a4471d5ae5bf128b1bd8f4d627c8cbd55f70c-refs/branch-heads/5672@{#912}) on port 25305
Only local connections are allowed.
Please see https://chromedriver.chromium.org/security-considerations for suggestions on keeping ChromeDriver safe.
ChromeDriver was started successfully.
may 04, 2023 11:20:48 A. M. org.openqa.selenium.devtools.CdpVersionFinder findNearestMatch
ADVERTENCIA: Unable to find CDP implementation matching 113
may 04, 2023 11:20:48 A. M. org.openqa.selenium.chromium.ChromiumDriver lambda$new$3
ADVERTENCIA: Unable to find version of CDP to use for . You may need to include a dependency on a specific version of the CDP using something similar to `org.seleniumhq.selenium:selenium-devtools-v86:4.5.3` where the version ("v86") matches the version of the chromium-based browser you're using and the version number of the artifact is the same as Selenium's.
]]></system-err>
  </testcase>
</testsuite>